<?xml version="1.0" encoding="UTF-8"?>
<testsuite xmlns:xsi="http://www.w3.org/2001/XMLSchema-instance" xsi:noNamespaceSchemaLocation="https://maven.apache.org/surefire/maven-surefire-plugin/xsd/surefire-test-report-3.0.xsd" version="3.0" name="depchain.DepChainStage1Test" time="18.784" tests="7" errors="0" skipped="0" failures="0">
  <properties>
[...]
</properties>
  <testcase name="byzantineEquivocatingLeaderStillMakesProgress" classname="depchain.DepChainStage1Test" time="5.512">
    <system-out><![CDATA[[UdpTransport] listening on port 5000
[FL] Node 0 up on port 5000
[SL] Node 0 up
[PL] Node 0 up
[APL] Node 0 up w/ auth stuff
[Node 0] up on port 5000 (leader for view 0 is 0, behavior=EQUIVOCATE_LEADER)
[UdpTransport] listening on port 5001
[FL] Node 1 up on port 5001
[SL] Node 1 up
[PL] Node 1 up
[APL] Node 1 up w/ auth stuff
[Node 1] up on port 5001 (leader for view 0 is 0, behavior=HONEST)
[UdpTransport] listening on port 5002
[FL] Node 2 up on port 5002
[SL] Node 2 up
[PL] Node 2 up
[APL] Node 2 up w/ auth stuff
[Node 2] up on port 5002 (leader for view 0 is 0, behavior=HONEST)
[UdpTransport] listening on port 5003
[FL] Node 3 up on port 5003
[SL] Node 3 up
[PL] Node 3 up
[APL] Node 3 up w/ auth stuff
[Node 3] up on port 5003 (leader for view 0 is 0, behavior=HONEST)
[Client 203] up on port 6203
[Client 203] sent req 713eac98-a8ab-4a23-a629-fdfc165699de to node 0
[Client 203] sent req 713eac98-a8ab-4a23-a629-fdfc165699de to node 1
[Client 203] sent req 713eac98-a8ab-4a23-a629-fdfc165699de to node 2
[Client 203] sent req 713eac98-a8ab-4a23-a629-fdfc165699de to node 3
[Node 2] now on view 1 (timeout)
[Node 0] now on view 1 (timeout)
[Node 1] now on view 1 (timeout)
[Node 3] now on view 1 (timeout)
[Node 0] chain got: test-byz-equiv-1
[Node 2] chain got: test-byz-equiv-1
[Node 1] chain got: test-byz-equiv-1
[Node 0] now on view 2 (block decided)
[Node 2] now on view 2 (block decided)
[Node 1] now on view 2 (block decided)
[Node 3] chain got: test-byz-equiv-1
[Node 3] now on view 2 (block decided)
[Client 203] got reply frm node 2 (view 1): commited on view 1
[Client 203] stopped
[Node 0] stopped
[Node 1] stopped
[Node 2] stopped
[Node 3] stopped
]]></system-out>
  </testcase>
  <testcase name="invalidVoteSignatureByzantineNodeDoesNotBreakConsensus" classname="depchain.DepChainStage1Test" time="0.425">
    <system-out><![CDATA[[UdpTransport] listening on port 5000
[FL] Node 0 up on port 5000
[SL] Node 0 up
[PL] Node 0 up
[APL] Node 0 up w/ auth stuff
[Node 0] up on port 5000 (leader for view 0 is 0, behavior=HONEST)
[UdpTransport] listening on port 5001
[FL] Node 1 up on port 5001
[SL] Node 1 up
[PL] Node 1 up
[APL] Node 1 up w/ auth stuff
[Node 1] up on port 5001 (leader for view 0 is 0, behavior=HONEST)
[UdpTransport] listening on port 5002
[FL] Node 2 up on port 5002
[SL] Node 2 up
[PL] Node 2 up
[APL] Node 2 up w/ auth stuff
[Node 2] up on port 5002 (leader for view 0 is 0, behavior=HONEST)
[UdpTransport] listening on port 5003
[FL] Node 3 up on port 5003
[SL] Node 3 up
[PL] Node 3 up
[APL] Node 3 up w/ auth stuff
[Node 3] up on port 5003 (leader for view 0 is 0, behavior=INVALID_VOTE_SIGNATURE)
[Client 204] up on port 6204
[Client 204] sent req 38b63691-ef4f-4632-bf06-f60dc960ef88 to node 0
[Client 204] sent req 38b63691-ef4f-4632-bf06-f60dc960ef88 to node 1
[Client 204] sent req 38b63691-ef4f-4632-bf06-f60dc960ef88 to node 2
[Client 204] sent req 38b63691-ef4f-4632-bf06-f60dc960ef88 to node 3
[Node 1] chain got: test-invalid-vote-byz-1
[Node 1] now on view 1 (block decided)
[Client 204] got reply frm node 1 (view 0): commited on view 0
[Node 2] chain got: test-invalid-vote-byz-1
[Node 2] now on view 1 (block decided)
[Node 0] chain got: test-invalid-vote-byz-1
[Node 0] now on view 1 (block decided)
[Node 3] chain got: test-invalid-vote-byz-1
[Node 3] now on view 1 (block decided)
[Client 204] stopped
[Node 0] stopped
[Node 1] stopped
[Node 2] stopped
[Node 3] stopped
]]></system-out>
  </testcase>
  <testcase name="invalidNodeSignatureIsRejected" classname="depchain.DepChainStage1Test" time="2.715">
    <system-out><![CDATA[[UdpTransport] listening on port 5002
[FL] Node 2 up on port 5002
[SL] Node 2 up
[PL] Node 2 up
[APL] Node 2 up w/ auth stuff
[Node 2] up on port 5002 (leader for view 6 is 2, behavior=HONEST)
[Node 2] stopped
]]></system-out>
    <system-err><![CDATA[sig check blew up: Bad signature length: got 6 but was expecting 256
[APL] Node 1 sig looks bad, dropping it
]]></system-err>
  </testcase>
  <testcase name="timeoutViewChangeSurvivesLeaderCrash" classname="depchain.DepChainStage1Test" time="5.31">
    <system-out><![CDATA[[UdpTransport] listening on port 5001
[FL] Node 1 up on port 5001
[SL] Node 1 up
[PL] Node 1 up
[APL] Node 1 up w/ auth stuff
[Node 1] up on port 5001 (leader for view 0 is 0, behavior=HONEST)
[UdpTransport] listening on port 5002
[FL] Node 2 up on port 5002
[SL] Node 2 up
[PL] Node 2 up
[APL] Node 2 up w/ auth stuff
[Node 2] up on port 5002 (leader for view 0 is 0, behavior=HONEST)
[UdpTransport] listening on port 5003
[FL] Node 3 up on port 5003
[SL] Node 3 up
[PL] Node 3 up
[APL] Node 3 up w/ auth stuff
[Node 3] up on port 5003 (leader for view 0 is 0, behavior=HONEST)
[Client 201] up on port 6201
[Client 201] sent req e7151505-884e-4a38-a7f3-8ad7063ce636 to node 0
[Client 201] sent req e7151505-884e-4a38-a7f3-8ad7063ce636 to node 1
[Client 201] sent req e7151505-884e-4a38-a7f3-8ad7063ce636 to node 2
[Client 201] sent req e7151505-884e-4a38-a7f3-8ad7063ce636 to node 3
[Node 1] now on view 1 (timeout)
[Node 3] now on view 1 (timeout)
[Node 2] now on view 1 (timeout)
[Node 2] chain got: test-failover-1
[Node 1] chain got: test-failover-1
[Node 2] now on view 2 (block decided)
[Client 201] got reply frm node 2 (view 1): commited on view 1
[Node 1] now on view 2 (block decided)
[Node 3] chain got: test-failover-1
[Node 3] now on view 2 (block decided)
[Client 201] stopped
[Node 1] stopped
[Node 2] stopped
[Node 3] stopped
]]></system-out>
    <system-err><![CDATA[[FL] packet parse went bad: socket isnt up
]]></system-err>
  </testcase>
  <testcase name="nodeStatePersistsAcrossRestart" classname="depchain.DepChainStage1Test" time="0.674">
    <system-out><![CDATA[[UdpTransport] listening on port 5000
[FL] Node 0 up on port 5000
[SL] Node 0 up
[PL] Node 0 up
[APL] Node 0 up w/ auth stuff
[Node 0] up on port 5000 (leader for view 0 is 0, behavior=HONEST)
[UdpTransport] listening on port 5001
[FL] Node 1 up on port 5001
[SL] Node 1 up
[PL] Node 1 up
[APL] Node 1 up w/ auth stuff
[Node 1] up on port 5001 (leader for view 0 is 0, behavior=HONEST)
[UdpTransport] listening on port 5002
[FL] Node 2 up on port 5002
[SL] Node 2 up
[PL] Node 2 up
[APL] Node 2 up w/ auth stuff
[Node 2] up on port 5002 (leader for view 0 is 0, behavior=HONEST)
[UdpTransport] listening on port 5003
[FL] Node 3 up on port 5003
[SL] Node 3 up
[PL] Node 3 up
[APL] Node 3 up w/ auth stuff
[Node 3] up on port 5003 (leader for view 0 is 0, behavior=HONEST)
[Client 205] up on port 6205
[Client 205] sent req e8788db8-86db-4aaa-a874-30f0d608cecb to node 0
[Client 205] sent req e8788db8-86db-4aaa-a874-30f0d608cecb to node 1
[Client 205] sent req e8788db8-86db-4aaa-a874-30f0d608cecb to node 2
[Client 205] sent req e8788db8-86db-4aaa-a874-30f0d608cecb to node 3
[Node 1] chain got: test-persist-1
[Client 205] got reply frm node 1 (view 0): commited on view 0
[Node 2] chain got: test-persist-1
[Node 0] chain got: test-persist-1
[Node 3] chain got: test-persist-1
[Node 1] now on view 1 (block decided)
[Node 2] now on view 1 (block decided)
[Node 0] now on view 1 (block decided)
[Node 3] now on view 1 (block decided)
[Node 3] stopped
[UdpTransport] listening on port 5003
[FL] Node 3 up on port 5003
[SL] Node 3 up
[PL] Node 3 up
[APL] Node 3 up w/ auth stuff
[Node 3] up on port 5003 (leader for view 1 is 1, behavior=HONEST)
[Client 205] sent req cab84010-30d8-4e84-9a0f-264fd2f3614b to node 0
[Client 205] sent req cab84010-30d8-4e84-9a0f-264fd2f3614b to node 1
[Client 205] sent req cab84010-30d8-4e84-9a0f-264fd2f3614b to node 2
[Client 205] sent req cab84010-30d8-4e84-9a0f-264fd2f3614b to node 3
[Node 0] chain got: test-persist-2
[Client 205] got reply frm node 0 (view 1): commited on view 1
[Node 2] chain got: test-persist-2
[Node 1] chain got: test-persist-2
[Node 3] chain got: test-persist-2
[Node 0] now on view 2 (block decided)
[Node 2] now on view 2 (block decided)
[Node 1] now on view 2 (block decided)
[Node 3] now on view 2 (block decided)
[Client 205] stopped
[Node 0] stopped
[Node 1] stopped
[Node 2] stopped
[Node 3] stopped
]]></system-out>
  </testcase>
  <testcase name="faultInjectionDropDelayDuplicateCorruptStillCommits" classname="depchain.DepChainStage1Test" time="3.738">
    <system-out><![CDATA[[UdpTransport] listening on port 5000
[FL] Node 0 up on port 5000
[SL] Node 0 up
[PL] Node 0 up
[APL] Node 0 up w/ auth stuff
[Node 0] up on port 5000 (leader for view 0 is 0, behavior=HONEST)
[UdpTransport] listening on port 5001
[FL] Node 1 up on port 5001
[SL] Node 1 up
[PL] Node 1 up
[APL] Node 1 up w/ auth stuff
[Node 1] up on port 5001 (leader for view 0 is 0, behavior=HONEST)
[UdpTransport] listening on port 5002
[FL] Node 2 up on port 5002
[SL] Node 2 up
[PL] Node 2 up
[APL] Node 2 up w/ auth stuff
[Node 2] up on port 5002 (leader for view 0 is 0, behavior=HONEST)
[UdpTransport] listening on port 5003
[FL] Node 3 up on port 5003
[SL] Node 3 up
[PL] Node 3 up
[APL] Node 3 up w/ auth stuff
[Node 3] up on port 5003 (leader for view 0 is 0, behavior=HONEST)
[Client 202] up on port 6202
[Client 202] sent req 436d5d03-452a-4035-9860-f8385e5ccc8c to node 0
[Client 202] sent req 436d5d03-452a-4035-9860-f8385e5ccc8c to node 1
[Client 202] sent req 436d5d03-452a-4035-9860-f8385e5ccc8c to node 2
[Client 202] sent req 436d5d03-452a-4035-9860-f8385e5ccc8c to node 3
[FL] fault thing dropped msg from 0 to 1 type=PREPARE
[FL] fault thing dropped msg from 0 to 1 type=PREPARE
[FL] fault thing dropped msg from 0 to 1 type=PREPARE
[FL] fault thing dropped msg from 0 to 1 type=PREPARE
[FL] fault thing dropped msg from 0 to 1 type=PREPARE
[FL] fault thing dropped msg from 0 to 1 type=PREPARE
[FL] fault thing dropped msg from 0 to 1 type=PREPARE
[Node 2] chain got: test-faults-1
[Node 2] now on view 1 (block decided)
[Client 202] got reply frm node 2 (view 0): commited on view 0
[Node 0] chain got: test-faults-1
[Node 0] now on view 1 (block decided)
[Node 3] chain got: test-faults-1
[Node 3] now on view 1 (block decided)
[Node 1] now on view 1 (received NEW_VIEW)
[Node 1] chain got: test-faults-1
[Node 1] now on view 2 (block decided)
[Node 0] now on view 2 (received NEW_VIEW)
[Node 2] now on view 2 (received NEW_VIEW)
[Node 3] now on view 2 (received NEW_VIEW)
[Client 202] stopped
[Node 0] stopped
[Node 1] stopped
[Node 2] stopped
[Node 3] stopped
]]></system-out>
    <system-err><![CDATA[[FL] packet parse went bad: Failed to deserialize message
[FL] packet parse went bad: Failed to deserialize message
[FL] packet parse went bad: Failed to deserialize message
[FL] packet parse went bad: Failed to deserialize message
[FL] packet parse went bad: Failed to deserialize message
[FL] packet parse went bad: Failed to deserialize message
]]></system-err>
  </testcase>
  <testcase name="consensusAppendsToAllNodes" classname="depchain.DepChainStage1Test" time="0.39">
    <system-out><![CDATA[[UdpTransport] listening on port 5000
[FL] Node 0 up on port 5000
[SL] Node 0 up
[PL] Node 0 up
[APL] Node 0 up w/ auth stuff
[Node 0] up on port 5000 (leader for view 0 is 0, behavior=HONEST)
[UdpTransport] listening on port 5001
[FL] Node 1 up on port 5001
[SL] Node 1 up
[PL] Node 1 up
[APL] Node 1 up w/ auth stuff
[Node 1] up on port 5001 (leader for view 0 is 0, behavior=HONEST)
[UdpTransport] listening on port 5002
[FL] Node 2 up on port 5002
[SL] Node 2 up
[PL] Node 2 up
[APL] Node 2 up w/ auth stuff
[Node 2] up on port 5002 (leader for view 0 is 0, behavior=HONEST)
[UdpTransport] listening on port 5003
[FL] Node 3 up on port 5003
[SL] Node 3 up
[PL] Node 3 up
[APL] Node 3 up w/ auth stuff
[Node 3] up on port 5003 (leader for view 0 is 0, behavior=HONEST)
[Client 200] up on port 6200
[Client 200] sent req b588b1b7-ac05-45a3-9e09-f04385c092a3 to node 0
[Client 200] sent req b588b1b7-ac05-45a3-9e09-f04385c092a3 to node 1
[Client 200] sent req b588b1b7-ac05-45a3-9e09-f04385c092a3 to node 2
[Client 200] sent req b588b1b7-ac05-45a3-9e09-f04385c092a3 to node 3
[Node 1] chain got: test-consensus-1
[Node 1] now on view 1 (block decided)
[Client 200] got reply frm node 1 (view 0): commited on view 0
[Node 2] chain got: test-consensus-1
[Node 2] now on view 1 (block decided)
[Node 0] chain got: test-consensus-1
[Node 0] now on view 1 (block decided)
[Node 3] chain got: test-consensus-1
[Node 3] now on view 1 (block decided)
[Client 200] stopped
[Node 0] stopped
[Node 1] stopped
[Node 2] stopped
[Node 3] stopped
]]></system-out>
  </testcase>
</testsuite>