<?xml version="1.0" encoding="UTF-8"?>
<testsuite xmlns:xsi="http://www.w3.org/2001/XMLSchema-instance" xsi:noNamespaceSchemaLocation="https://maven.apache.org/surefire/maven-surefire-plugin/xsd/surefire-test-report-3.0.xsd" version="3.0" name="depchain.TransactionExecutionTest" time="46.59" tests="9" errors="0" skipped="0" failures="0">
  <properties>
[...]
</properties>
  <testcase name="legacyPlainStringRequest_stillReturnsTrue" classname="depchain.TransactionExecutionTest" time="1.182">
    <system-out><![CDATA[[Node 0] genesis loaded — ISTCoin at 0x2a42408c6a7994c2b7d52d58be1d6261ddcea2a6
[Node 0] genesis block persisted: 0xaa7c8d4474a8df3a961975c0ce0ea1f321c3d88ca8aebfbdb8901bf3572965f0
[UdpTransport] listening on port 5000
[FL] Node 0 up on port 5000
[SL] Node 0 up
[PL] Node 0 up
[APL] Node 0 up w/ auth stuff
[Node 0] up on port 5000 (leader for view 0 is 0, behavior=HONEST)
[Node 1] genesis loaded — ISTCoin at 0x2a42408c6a7994c2b7d52d58be1d6261ddcea2a6
[Node 1] genesis block persisted: 0xaa7c8d4474a8df3a961975c0ce0ea1f321c3d88ca8aebfbdb8901bf3572965f0
[UdpTransport] listening on port 5001
[FL] Node 1 up on port 5001
[SL] Node 1 up
[PL] Node 1 up
[APL] Node 1 up w/ auth stuff
[Node 1] up on port 5001 (leader for view 0 is 0, behavior=HONEST)
[Node 2] genesis loaded — ISTCoin at 0x2a42408c6a7994c2b7d52d58be1d6261ddcea2a6
[Node 2] genesis block persisted: 0xaa7c8d4474a8df3a961975c0ce0ea1f321c3d88ca8aebfbdb8901bf3572965f0
[UdpTransport] listening on port 5002
[FL] Node 2 up on port 5002
[SL] Node 2 up
[PL] Node 2 up
[APL] Node 2 up w/ auth stuff
[Node 2] up on port 5002 (leader for view 0 is 0, behavior=HONEST)
[Node 3] genesis loaded — ISTCoin at 0x2a42408c6a7994c2b7d52d58be1d6261ddcea2a6
[Node 3] genesis block persisted: 0xaa7c8d4474a8df3a961975c0ce0ea1f321c3d88ca8aebfbdb8901bf3572965f0
[UdpTransport] listening on port 5003
[FL] Node 3 up on port 5003
[SL] Node 3 up
[PL] Node 3 up
[APL] Node 3 up w/ auth stuff
[Node 3] up on port 5003 (leader for view 0 is 0, behavior=HONEST)
[Client 6300] up on port 6300
[Client 6300] sent req d329f87d-8f04-4f47-a3d7-7cf819e24bf4 to node 0
[Client 6300] sent req d329f87d-8f04-4f47-a3d7-7cf819e24bf4 to node 1
[Client 6300] sent req d329f87d-8f04-4f47-a3d7-7cf819e24bf4 to node 2
[Client 6300] sent req d329f87d-8f04-4f47-a3d7-7cf819e24bf4 to node 3
[Node 0] chain got: legacy-plain-string
[Client 6300] got reply frm node 0 (view 0): committed:view=0
[Node 0] now on view 1 (block decided)
[Node 3] chain got: legacy-plain-string
[Client 6300] got reply frm node 3 (view 0): committed:view=0
[Node 1] chain got: legacy-plain-string
[Node 2] chain got: legacy-plain-string
[Node 3] now on view 1 (block decided)
[Client 6300] stopped
[Node 0] stopped
[Node 2] now on view 1 (block decided)
[Node 1] now on view 1 (block decided)
[Node 1] stopped
[Node 2] stopped
[Node 3] stopped
]]></system-out>
    <system-err><![CDATA[Dealer: Testing 512 bit Keys...
Dealer: Attempting to generate group keypair..
Dealer: Generating Verifiers
[Node 0] could not execute tx in block 1: Illegal base64 character 2d
[Node 3] could not execute tx in block 1: Illegal base64 character 2d
[Node 1] could not execute tx in block 1: Illegal base64 character 2d
[Node 2] could not execute tx in block 1: Illegal base64 character 2d
[FL] packet parse went bad: socket isnt up
[FL] packet parse went bad: socket isnt up
[FL] packet parse went bad: socket isnt up
]]></system-err>
  </testcase>
  <testcase name="successfulTransfer_returnsTrue" classname="depchain.TransactionExecutionTest" time="1.218">
    <system-out><![CDATA[[Node 0] genesis loaded — ISTCoin at 0x7ef7d207f37763b2995d005c51f0fbabd04c8504
[Node 0] genesis block persisted: 0x9b8ba288156cb509af4d4a5d3db4fa3030d83d916885d7401e944ff3a1c97d54
[UdpTransport] listening on port 5000
[FL] Node 0 up on port 5000
[SL] Node 0 up
[PL] Node 0 up
[APL] Node 0 up w/ auth stuff
[Node 0] up on port 5000 (leader for view 0 is 0, behavior=HONEST)
[Node 1] genesis loaded — ISTCoin at 0x7ef7d207f37763b2995d005c51f0fbabd04c8504
[Node 1] genesis block persisted: 0x9b8ba288156cb509af4d4a5d3db4fa3030d83d916885d7401e944ff3a1c97d54
[UdpTransport] listening on port 5001
[FL] Node 1 up on port 5001
[SL] Node 1 up
[PL] Node 1 up
[APL] Node 1 up w/ auth stuff
[Node 1] up on port 5001 (leader for view 0 is 0, behavior=HONEST)
[Node 2] genesis loaded — ISTCoin at 0x7ef7d207f37763b2995d005c51f0fbabd04c8504
[Node 2] genesis block persisted: 0x9b8ba288156cb509af4d4a5d3db4fa3030d83d916885d7401e944ff3a1c97d54
[UdpTransport] listening on port 5002
[FL] Node 2 up on port 5002
[SL] Node 2 up
[PL] Node 2 up
[APL] Node 2 up w/ auth stuff
[Node 2] up on port 5002 (leader for view 0 is 0, behavior=HONEST)
[Node 3] genesis loaded — ISTCoin at 0x7ef7d207f37763b2995d005c51f0fbabd04c8504
[Node 3] genesis block persisted: 0x9b8ba288156cb509af4d4a5d3db4fa3030d83d916885d7401e944ff3a1c97d54
[UdpTransport] listening on port 5003
[FL] Node 3 up on port 5003
[SL] Node 3 up
[PL] Node 3 up
[APL] Node 3 up w/ auth stuff
[Node 3] up on port 5003 (leader for view 0 is 0, behavior=HONEST)
[Client 6300] up on port 6300
[Client 6300] sent req b97cb19d-879d-4517-9f32-fafb5dc2177b to node 0
[Client 6300] sent req b97cb19d-879d-4517-9f32-fafb5dc2177b to node 1
[Client 6300] sent req b97cb19d-879d-4517-9f32-fafb5dc2177b to node 2
[Client 6300] sent req b97cb19d-879d-4517-9f32-fafb5dc2177b to node 3
[Node 0] chain got: rO0ABXNyAB9kZXBjaGFpbi5ibG9ja2NoYWluLlRyYW5zYWN0aW9uAAAAAAAAAAECAAlKAAhnYXNMaW1pdEoACGdhc1ByaWNlSgAFbm9uY2VMAARkYXRhdAASTGphdmEvbGFuZy9TdHJpbmc7TAAEZnJvbXEAfgABWwAJc2lnbmF0dXJldAACW0JMAAJ0b3EAfgABTAANdHJhbnNhY3Rpb25JZHEAfgABTAAFdmFsdWVxAH4AAXhwAAAAAAAAUggAAAAAAAAAAQAAAAAAAAABdAAAdAAqMHhlODVjOTU5NmMwMDJjYzYzZjEyYWJmNTQ0MjVmODg5MTVkMmVhYzM1dXIAAltCrPMX+AYIVOACAAB4cAAAAQCBy9Jsd4fUU3l+N7Jmc2MJu6zDwKFheGvyo4W7iA+x/jqNP7HyRo+fPGlQs7BupoFcwvHNQAOHBUJ8lAU2bqKL3U+hLvaTXlV0LhXZXbIwTg9jvHpx9fwrFnOdEA2ip9yAJ0iMrDSLLJ+TbS8EX3QyaVirAOV8AKltLa9Gx9u7rM1ZNZzd1yVuI/jhd38KrBqomzwuP4zYjjtRbXV9398XdLFjzh0Z6dFCUd3w/M7swsQcgr/jlnlwwyQO6b4S+YF8Hsl6VqBCmt3l4ijY3V+OOX1+9WhNddavhKRHeCzmUlajKeoo5s768xLWBfpQr1koUSoiRHCFVtyaDmbAWoF8dAAqMHgwMDAwMDAwMDAwMDAwMDAwMDAwMDAwMDAwMDAwMDAwMDAwMDAxMDAwdAAkMmIxMzgzMWEtOWJjZS00MzUyLTg2ZTgtZGVlOTcyZDYxOTdmdAAEMTAwMA==
[Client 6300] got reply frm node 0 (view 0): gasUsed=21000,fee=21000,success=true
[Node 0] now on view 1 (block decided)
[Node 2] chain got: rO0ABXNyAB9kZXBjaGFpbi5ibG9ja2NoYWluLlRyYW5zYWN0aW9uAAAAAAAAAAECAAlKAAhnYXNMaW1pdEoACGdhc1ByaWNlSgAFbm9uY2VMAARkYXRhdAASTGphdmEvbGFuZy9TdHJpbmc7TAAEZnJvbXEAfgABWwAJc2lnbmF0dXJldAACW0JMAAJ0b3EAfgABTAANdHJhbnNhY3Rpb25JZHEAfgABTAAFdmFsdWVxAH4AAXhwAAAAAAAAUggAAAAAAAAAAQAAAAAAAAABdAAAdAAqMHhlODVjOTU5NmMwMDJjYzYzZjEyYWJmNTQ0MjVmODg5MTVkMmVhYzM1dXIAAltCrPMX+AYIVOACAAB4cAAAAQCBy9Jsd4fUU3l+N7Jmc2MJu6zDwKFheGvyo4W7iA+x/jqNP7HyRo+fPGlQs7BupoFcwvHNQAOHBUJ8lAU2bqKL3U+hLvaTXlV0LhXZXbIwTg9jvHpx9fwrFnOdEA2ip9yAJ0iMrDSLLJ+TbS8EX3QyaVirAOV8AKltLa9Gx9u7rM1ZNZzd1yVuI/jhd38KrBqomzwuP4zYjjtRbXV9398XdLFjzh0Z6dFCUd3w/M7swsQcgr/jlnlwwyQO6b4S+YF8Hsl6VqBCmt3l4ijY3V+OOX1+9WhNddavhKRHeCzmUlajKeoo5s768xLWBfpQr1koUSoiRHCFVtyaDmbAWoF8dAAqMHgwMDAwMDAwMDAwMDAwMDAwMDAwMDAwMDAwMDAwMDAwMDAwMDAxMDAwdAAkMmIxMzgzMWEtOWJjZS00MzUyLTg2ZTgtZGVlOTcyZDYxOTdmdAAEMTAwMA==
[Node 1] chain got: rO0ABXNyAB9kZXBjaGFpbi5ibG9ja2NoYWluLlRyYW5zYWN0aW9uAAAAAAAAAAECAAlKAAhnYXNMaW1pdEoACGdhc1ByaWNlSgAFbm9uY2VMAARkYXRhdAASTGphdmEvbGFuZy9TdHJpbmc7TAAEZnJvbXEAfgABWwAJc2lnbmF0dXJldAACW0JMAAJ0b3EAfgABTAANdHJhbnNhY3Rpb25JZHEAfgABTAAFdmFsdWVxAH4AAXhwAAAAAAAAUggAAAAAAAAAAQAAAAAAAAABdAAAdAAqMHhlODVjOTU5NmMwMDJjYzYzZjEyYWJmNTQ0MjVmODg5MTVkMmVhYzM1dXIAAltCrPMX+AYIVOACAAB4cAAAAQCBy9Jsd4fUU3l+N7Jmc2MJu6zDwKFheGvyo4W7iA+x/jqNP7HyRo+fPGlQs7BupoFcwvHNQAOHBUJ8lAU2bqKL3U+hLvaTXlV0LhXZXbIwTg9jvHpx9fwrFnOdEA2ip9yAJ0iMrDSLLJ+TbS8EX3QyaVirAOV8AKltLa9Gx9u7rM1ZNZzd1yVuI/jhd38KrBqomzwuP4zYjjtRbXV9398XdLFjzh0Z6dFCUd3w/M7swsQcgr/jlnlwwyQO6b4S+YF8Hsl6VqBCmt3l4ijY3V+OOX1+9WhNddavhKRHeCzmUlajKeoo5s768xLWBfpQr1koUSoiRHCFVtyaDmbAWoF8dAAqMHgwMDAwMDAwMDAwMDAwMDAwMDAwMDAwMDAwMDAwMDAwMDAwMDAxMDAwdAAkMmIxMzgzMWEtOWJjZS00MzUyLTg2ZTgtZGVlOTcyZDYxOTdmdAAEMTAwMA==
[Node 3] chain got: rO0ABXNyAB9kZXBjaGFpbi5ibG9ja2NoYWluLlRyYW5zYWN0aW9uAAAAAAAAAAECAAlKAAhnYXNMaW1pdEoACGdhc1ByaWNlSgAFbm9uY2VMAARkYXRhdAASTGphdmEvbGFuZy9TdHJpbmc7TAAEZnJvbXEAfgABWwAJc2lnbmF0dXJldAACW0JMAAJ0b3EAfgABTAANdHJhbnNhY3Rpb25JZHEAfgABTAAFdmFsdWVxAH4AAXhwAAAAAAAAUggAAAAAAAAAAQAAAAAAAAABdAAAdAAqMHhlODVjOTU5NmMwMDJjYzYzZjEyYWJmNTQ0MjVmODg5MTVkMmVhYzM1dXIAAltCrPMX+AYIVOACAAB4cAAAAQCBy9Jsd4fUU3l+N7Jmc2MJu6zDwKFheGvyo4W7iA+x/jqNP7HyRo+fPGlQs7BupoFcwvHNQAOHBUJ8lAU2bqKL3U+hLvaTXlV0LhXZXbIwTg9jvHpx9fwrFnOdEA2ip9yAJ0iMrDSLLJ+TbS8EX3QyaVirAOV8AKltLa9Gx9u7rM1ZNZzd1yVuI/jhd38KrBqomzwuP4zYjjtRbXV9398XdLFjzh0Z6dFCUd3w/M7swsQcgr/jlnlwwyQO6b4S+YF8Hsl6VqBCmt3l4ijY3V+OOX1+9WhNddavhKRHeCzmUlajKeoo5s768xLWBfpQr1koUSoiRHCFVtyaDmbAWoF8dAAqMHgwMDAwMDAwMDAwMDAwMDAwMDAwMDAwMDAwMDAwMDAwMDAwMDAxMDAwdAAkMmIxMzgzMWEtOWJjZS00MzUyLTg2ZTgtZGVlOTcyZDYxOTdmdAAEMTAwMA==
[Client 6300] got reply frm node 2 (view 0): gasUsed=21000,fee=21000,success=true
[Client 6300] stopped
[Node 1] now on view 1 (block decided)
[Node 0] stopped
[Node 2] now on view 1 (block decided)
[Node 1] stopped
[Node 2] stopped
[Node 3] now on view 1 (block decided)
[Node 3] stopped
]]></system-out>
    <system-err><![CDATA[[FL] packet parse went bad: socket isnt up
[FL] packet parse went bad: socket isnt up
]]></system-err>
  </testcase>
  <testcase name="transactionInvalidSignature_rejected" classname="depchain.TransactionExecutionTest" time="13.124">
    <system-out><![CDATA[[Node 0] genesis loaded — ISTCoin at 0xc996b118840cc5bf5a10d28dd44d379a1f7ad017
[Node 0] genesis block persisted: 0x3b4bedcbc1a183cfc3be83ccebe86e4dd378bdf520cce159d771a50a4b5ff62a
[UdpTransport] listening on port 5000
[FL] Node 0 up on port 5000
[SL] Node 0 up
[PL] Node 0 up
[APL] Node 0 up w/ auth stuff
[Node 0] up on port 5000 (leader for view 0 is 0, behavior=HONEST)
[Node 1] genesis loaded — ISTCoin at 0xc996b118840cc5bf5a10d28dd44d379a1f7ad017
[Node 1] genesis block persisted: 0x3b4bedcbc1a183cfc3be83ccebe86e4dd378bdf520cce159d771a50a4b5ff62a
[UdpTransport] listening on port 5001
[FL] Node 1 up on port 5001
[SL] Node 1 up
[PL] Node 1 up
[APL] Node 1 up w/ auth stuff
[Node 1] up on port 5001 (leader for view 0 is 0, behavior=HONEST)
[Node 2] genesis loaded — ISTCoin at 0xc996b118840cc5bf5a10d28dd44d379a1f7ad017
[Node 2] genesis block persisted: 0x3b4bedcbc1a183cfc3be83ccebe86e4dd378bdf520cce159d771a50a4b5ff62a
[UdpTransport] listening on port 5002
[FL] Node 2 up on port 5002
[SL] Node 2 up
[PL] Node 2 up
[APL] Node 2 up w/ auth stuff
[Node 2] up on port 5002 (leader for view 0 is 0, behavior=HONEST)
[Node 3] genesis loaded — ISTCoin at 0xc996b118840cc5bf5a10d28dd44d379a1f7ad017
[Node 3] genesis block persisted: 0x3b4bedcbc1a183cfc3be83ccebe86e4dd378bdf520cce159d771a50a4b5ff62a
[UdpTransport] listening on port 5003
[FL] Node 3 up on port 5003
[SL] Node 3 up
[PL] Node 3 up
[APL] Node 3 up w/ auth stuff
[Node 3] up on port 5003 (leader for view 0 is 0, behavior=HONEST)
[Client 6300] up on port 6300
[Client 6300] sent req 2298b862-3667-442b-9bef-553fa6cfd753 to node 0
[Client 6300] sent req 2298b862-3667-442b-9bef-553fa6cfd753 to node 1
[Client 6300] sent req 2298b862-3667-442b-9bef-553fa6cfd753 to node 2
[Client 6300] sent req 2298b862-3667-442b-9bef-553fa6cfd753 to node 3
[Node 0] now on view 1 (timeout)
[Node 1] now on view 1 (timeout)
[Node 2] now on view 1 (received NEW_VIEW)
[Node 3] now on view 1 (received NEW_VIEW)
[Node 0] now on view 2 (timeout)
[Node 1] now on view 2 (received NEW_VIEW)
[Node 2] now on view 2 (received NEW_VIEW)
[Node 3] now on view 2 (received NEW_VIEW)
[Client 6300] req 2298b862-3667-442b-9bef-553fa6cfd753 timed out (success=0, failure=0, need 2)
[Client 6300] stopped
[Node 0] stopped
[Node 1] stopped
[Node 2] stopped
[Node 3] stopped
]]></system-out>
    <system-err><![CDATA[[FL] packet parse went bad: socket isnt up
[Node 0] transaction validation failed for client 6300 (request 2298b862-3667-442b-9bef-553fa6cfd753): invalid transaction signature for sender 0x7b9491e42b57c2629174635956a118a6c12b2cee
[Node 3] transaction validation failed for client 6300 (request 2298b862-3667-442b-9bef-553fa6cfd753): invalid transaction signature for sender 0x7b9491e42b57c2629174635956a118a6c12b2cee
[Node 1] transaction validation failed for client 6300 (request 2298b862-3667-442b-9bef-553fa6cfd753): invalid transaction signature for sender 0x7b9491e42b57c2629174635956a118a6c12b2cee
[Node 2] transaction validation failed for client 6300 (request 2298b862-3667-442b-9bef-553fa6cfd753): invalid transaction signature for sender 0x7b9491e42b57c2629174635956a118a6c12b2cee
]]></system-err>
  </testcase>
  <testcase name="successfulTransfer_senderBalanceDecreased" classname="depchain.TransactionExecutionTest" time="1.192">
    <system-out><![CDATA[[Node 0] genesis loaded — ISTCoin at 0x10403c24a64d4e7637348cc2eba51b64024eb842
[Node 0] genesis block persisted: 0x2eb7201df28749805b8ab3de60f87be97879b49361e7033738f5abaf244928e8
[UdpTransport] listening on port 5000
[FL] Node 0 up on port 5000
[SL] Node 0 up
[PL] Node 0 up
[APL] Node 0 up w/ auth stuff
[Node 0] up on port 5000 (leader for view 0 is 0, behavior=HONEST)
[Node 1] genesis loaded — ISTCoin at 0x10403c24a64d4e7637348cc2eba51b64024eb842
[Node 1] genesis block persisted: 0x2eb7201df28749805b8ab3de60f87be97879b49361e7033738f5abaf244928e8
[UdpTransport] listening on port 5001
[FL] Node 1 up on port 5001
[SL] Node 1 up
[PL] Node 1 up
[APL] Node 1 up w/ auth stuff
[Node 1] up on port 5001 (leader for view 0 is 0, behavior=HONEST)
[Node 2] genesis loaded — ISTCoin at 0x10403c24a64d4e7637348cc2eba51b64024eb842
[Node 2] genesis block persisted: 0x2eb7201df28749805b8ab3de60f87be97879b49361e7033738f5abaf244928e8
[UdpTransport] listening on port 5002
[FL] Node 2 up on port 5002
[SL] Node 2 up
[PL] Node 2 up
[APL] Node 2 up w/ auth stuff
[Node 2] up on port 5002 (leader for view 0 is 0, behavior=HONEST)
[Node 3] genesis loaded — ISTCoin at 0x10403c24a64d4e7637348cc2eba51b64024eb842
[Node 3] genesis block persisted: 0x2eb7201df28749805b8ab3de60f87be97879b49361e7033738f5abaf244928e8
[UdpTransport] listening on port 5003
[FL] Node 3 up on port 5003
[SL] Node 3 up
[PL] Node 3 up
[APL] Node 3 up w/ auth stuff
[Node 3] up on port 5003 (leader for view 0 is 0, behavior=HONEST)
[Client 6300] up on port 6300
[Client 6300] sent req 9091cee1-c22c-45e9-bc61-eb6ba5560db6 to node 0
[Client 6300] sent req 9091cee1-c22c-45e9-bc61-eb6ba5560db6 to node 1
[Client 6300] sent req 9091cee1-c22c-45e9-bc61-eb6ba5560db6 to node 2
[Client 6300] sent req 9091cee1-c22c-45e9-bc61-eb6ba5560db6 to node 3
[Node 0] chain got: rO0ABXNyAB9kZXBjaGFpbi5ibG9ja2NoYWluLlRyYW5zYWN0aW9uAAAAAAAAAAECAAlKAAhnYXNMaW1pdEoACGdhc1ByaWNlSgAFbm9uY2VMAARkYXRhdAASTGphdmEvbGFuZy9TdHJpbmc7TAAEZnJvbXEAfgABWwAJc2lnbmF0dXJldAACW0JMAAJ0b3EAfgABTAANdHJhbnNhY3Rpb25JZHEAfgABTAAFdmFsdWVxAH4AAXhwAAAAAAAAUggAAAAAAAAAAQAAAAAAAAABdAAAdAAqMHhlNmZkOGFlMzUwYWM2ZThjZDA1OTIyYmU4MjMyZjJkMzk1ZjUyYTc5dXIAAltCrPMX+AYIVOACAAB4cAAAAQA/0PA/cw8rH7jISHDh/Ik/7Xdv3Crk1POY8qKa17io7CK77PQovUQV9OCDKD+PvjKdt5dojRqtg+P880cqpry8z2ammB/kQB6xjGeqIggYsZY3zfnSQZMDY7ZaaDiQmmU67EwZrCfevaHvtnLoyLC/mGwtp8sBuWz1key5RfREvE8d+7uSyHPO4hF1SzF2h6oZl1+uLRMB7mehchqSUSB/rLgUHTpU2bJOqyjFehCY4nUS0G7DieF3Zi6986mLvjEBGB3Chazcm9D/SSLb7C3BJ+Fr+I4ym4YBIFOWOquoGvAozVGcR3MvP9mrd7Ynq68/upiBQCfaSbC3eF3gV8USdAAqMHgwMDAwMDAwMDAwMDAwMDAwMDAwMDAwMDAwMDAwMDAwMDAwMDAxMDAydAAkMTYwZjJkYWUtMTcxYi00NmZkLWI5YzAtNmU4NjZjZGNlYzQwdAAEMTAwMA==
[Client 6300] got reply frm node 0 (view 0): gasUsed=21000,fee=21000,success=true
[Node 0] now on view 1 (block decided)
[Node 2] chain got: rO0ABXNyAB9kZXBjaGFpbi5ibG9ja2NoYWluLlRyYW5zYWN0aW9uAAAAAAAAAAECAAlKAAhnYXNMaW1pdEoACGdhc1ByaWNlSgAFbm9uY2VMAARkYXRhdAASTGphdmEvbGFuZy9TdHJpbmc7TAAEZnJvbXEAfgABWwAJc2lnbmF0dXJldAACW0JMAAJ0b3EAfgABTAANdHJhbnNhY3Rpb25JZHEAfgABTAAFdmFsdWVxAH4AAXhwAAAAAAAAUggAAAAAAAAAAQAAAAAAAAABdAAAdAAqMHhlNmZkOGFlMzUwYWM2ZThjZDA1OTIyYmU4MjMyZjJkMzk1ZjUyYTc5dXIAAltCrPMX+AYIVOACAAB4cAAAAQA/0PA/cw8rH7jISHDh/Ik/7Xdv3Crk1POY8qKa17io7CK77PQovUQV9OCDKD+PvjKdt5dojRqtg+P880cqpry8z2ammB/kQB6xjGeqIggYsZY3zfnSQZMDY7ZaaDiQmmU67EwZrCfevaHvtnLoyLC/mGwtp8sBuWz1key5RfREvE8d+7uSyHPO4hF1SzF2h6oZl1+uLRMB7mehchqSUSB/rLgUHTpU2bJOqyjFehCY4nUS0G7DieF3Zi6986mLvjEBGB3Chazcm9D/SSLb7C3BJ+Fr+I4ym4YBIFOWOquoGvAozVGcR3MvP9mrd7Ynq68/upiBQCfaSbC3eF3gV8USdAAqMHgwMDAwMDAwMDAwMDAwMDAwMDAwMDAwMDAwMDAwMDAwMDAwMDAxMDAydAAkMTYwZjJkYWUtMTcxYi00NmZkLWI5YzAtNmU4NjZjZGNlYzQwdAAEMTAwMA==
[Node 3] chain got: rO0ABXNyAB9kZXBjaGFpbi5ibG9ja2NoYWluLlRyYW5zYWN0aW9uAAAAAAAAAAECAAlKAAhnYXNMaW1pdEoACGdhc1ByaWNlSgAFbm9uY2VMAARkYXRhdAASTGphdmEvbGFuZy9TdHJpbmc7TAAEZnJvbXEAfgABWwAJc2lnbmF0dXJldAACW0JMAAJ0b3EAfgABTAANdHJhbnNhY3Rpb25JZHEAfgABTAAFdmFsdWVxAH4AAXhwAAAAAAAAUggAAAAAAAAAAQAAAAAAAAABdAAAdAAqMHhlNmZkOGFlMzUwYWM2ZThjZDA1OTIyYmU4MjMyZjJkMzk1ZjUyYTc5dXIAAltCrPMX+AYIVOACAAB4cAAAAQA/0PA/cw8rH7jISHDh/Ik/7Xdv3Crk1POY8qKa17io7CK77PQovUQV9OCDKD+PvjKdt5dojRqtg+P880cqpry8z2ammB/kQB6xjGeqIggYsZY3zfnSQZMDY7ZaaDiQmmU67EwZrCfevaHvtnLoyLC/mGwtp8sBuWz1key5RfREvE8d+7uSyHPO4hF1SzF2h6oZl1+uLRMB7mehchqSUSB/rLgUHTpU2bJOqyjFehCY4nUS0G7DieF3Zi6986mLvjEBGB3Chazcm9D/SSLb7C3BJ+Fr+I4ym4YBIFOWOquoGvAozVGcR3MvP9mrd7Ynq68/upiBQCfaSbC3eF3gV8USdAAqMHgwMDAwMDAwMDAwMDAwMDAwMDAwMDAwMDAwMDAwMDAwMDAwMDAxMDAydAAkMTYwZjJkYWUtMTcxYi00NmZkLWI5YzAtNmU4NjZjZGNlYzQwdAAEMTAwMA==
[Node 1] chain got: rO0ABXNyAB9kZXBjaGFpbi5ibG9ja2NoYWluLlRyYW5zYWN0aW9uAAAAAAAAAAECAAlKAAhnYXNMaW1pdEoACGdhc1ByaWNlSgAFbm9uY2VMAARkYXRhdAASTGphdmEvbGFuZy9TdHJpbmc7TAAEZnJvbXEAfgABWwAJc2lnbmF0dXJldAACW0JMAAJ0b3EAfgABTAANdHJhbnNhY3Rpb25JZHEAfgABTAAFdmFsdWVxAH4AAXhwAAAAAAAAUggAAAAAAAAAAQAAAAAAAAABdAAAdAAqMHhlNmZkOGFlMzUwYWM2ZThjZDA1OTIyYmU4MjMyZjJkMzk1ZjUyYTc5dXIAAltCrPMX+AYIVOACAAB4cAAAAQA/0PA/cw8rH7jISHDh/Ik/7Xdv3Crk1POY8qKa17io7CK77PQovUQV9OCDKD+PvjKdt5dojRqtg+P880cqpry8z2ammB/kQB6xjGeqIggYsZY3zfnSQZMDY7ZaaDiQmmU67EwZrCfevaHvtnLoyLC/mGwtp8sBuWz1key5RfREvE8d+7uSyHPO4hF1SzF2h6oZl1+uLRMB7mehchqSUSB/rLgUHTpU2bJOqyjFehCY4nUS0G7DieF3Zi6986mLvjEBGB3Chazcm9D/SSLb7C3BJ+Fr+I4ym4YBIFOWOquoGvAozVGcR3MvP9mrd7Ynq68/upiBQCfaSbC3eF3gV8USdAAqMHgwMDAwMDAwMDAwMDAwMDAwMDAwMDAwMDAwMDAwMDAwMDAwMDAxMDAydAAkMTYwZjJkYWUtMTcxYi00NmZkLWI5YzAtNmU4NjZjZGNlYzQwdAAEMTAwMA==
[Client 6300] got reply frm node 2 (view 0): gasUsed=21000,fee=21000,success=true
[Node 3] now on view 1 (block decided)
[Node 2] now on view 1 (block decided)
[Node 1] now on view 1 (block decided)
[Client 6300] stopped
[Node 0] stopped
[Node 1] stopped
[Node 2] stopped
[Node 3] stopped
]]></system-out>
    <system-err><![CDATA[[FL] packet parse went bad: socket isnt up
[FL] packet parse went bad: socket isnt up
]]></system-err>
  </testcase>
  <testcase name="successfulTransfer_recipientBalanceIncreased" classname="depchain.TransactionExecutionTest" time="1.048">
    <system-out><![CDATA[[Node 0] genesis loaded — ISTCoin at 0xb551d6d0ec395929ce0ef9b44fe2497f8f20934b
[Node 0] genesis block persisted: 0x75b1dc3ce62fd32e1361d83397544a778f81a382b22a423d5b7bc9cd427b6bb9
[UdpTransport] listening on port 5000
[FL] Node 0 up on port 5000
[SL] Node 0 up
[PL] Node 0 up
[APL] Node 0 up w/ auth stuff
[Node 0] up on port 5000 (leader for view 0 is 0, behavior=HONEST)
[Node 1] genesis loaded — ISTCoin at 0xb551d6d0ec395929ce0ef9b44fe2497f8f20934b
[Node 1] genesis block persisted: 0x75b1dc3ce62fd32e1361d83397544a778f81a382b22a423d5b7bc9cd427b6bb9
[UdpTransport] listening on port 5001
[FL] Node 1 up on port 5001
[SL] Node 1 up
[PL] Node 1 up
[APL] Node 1 up w/ auth stuff
[Node 1] up on port 5001 (leader for view 0 is 0, behavior=HONEST)
[Node 2] genesis loaded — ISTCoin at 0xb551d6d0ec395929ce0ef9b44fe2497f8f20934b
[Node 2] genesis block persisted: 0x75b1dc3ce62fd32e1361d83397544a778f81a382b22a423d5b7bc9cd427b6bb9
[UdpTransport] listening on port 5002
[FL] Node 2 up on port 5002
[SL] Node 2 up
[PL] Node 2 up
[APL] Node 2 up w/ auth stuff
[Node 2] up on port 5002 (leader for view 0 is 0, behavior=HONEST)
[Node 3] genesis loaded — ISTCoin at 0xb551d6d0ec395929ce0ef9b44fe2497f8f20934b
[Node 3] genesis block persisted: 0x75b1dc3ce62fd32e1361d83397544a778f81a382b22a423d5b7bc9cd427b6bb9
[UdpTransport] listening on port 5003
[FL] Node 3 up on port 5003
[SL] Node 3 up
[PL] Node 3 up
[APL] Node 3 up w/ auth stuff
[Node 3] up on port 5003 (leader for view 0 is 0, behavior=HONEST)
[Client 6300] up on port 6300
[Client 6300] sent req 729f9091-3f7c-4028-b5fb-1b8f34d0e54c to node 0
[Client 6300] sent req 729f9091-3f7c-4028-b5fb-1b8f34d0e54c to node 1
[Client 6300] sent req 729f9091-3f7c-4028-b5fb-1b8f34d0e54c to node 2
[Client 6300] sent req 729f9091-3f7c-4028-b5fb-1b8f34d0e54c to node 3
[Node 0] chain got: rO0ABXNyAB9kZXBjaGFpbi5ibG9ja2NoYWluLlRyYW5zYWN0aW9uAAAAAAAAAAECAAlKAAhnYXNMaW1pdEoACGdhc1ByaWNlSgAFbm9uY2VMAARkYXRhdAASTGphdmEvbGFuZy9TdHJpbmc7TAAEZnJvbXEAfgABWwAJc2lnbmF0dXJldAACW0JMAAJ0b3EAfgABTAANdHJhbnNhY3Rpb25JZHEAfgABTAAFdmFsdWVxAH4AAXhwAAAAAAAAUggAAAAAAAAAAQAAAAAAAAABdAAAdAAqMHhjNzY0ZGQyNDkwNzEwN2I5MjExYmVkMDk0NWJhZDA3ODI4YzQ4ZmNmdXIAAltCrPMX+AYIVOACAAB4cAAAAQB+BRozrWibazGw1L9bub0NRc44XO6qYSNBnU3cIYZ2uX7BLB/wQ2wtaqwWGWR5SlMsAeGrgekPxd5WJ036ocft6T0VlHDP2oAg92rOuxi/Z/TravU7xLMZVx+/PI3wVeVXFXmoMXVFCLSqItMnaCQiA8Q//wzs7scqOpZT+sQu3U45FOw71EpcZfRMYA7IoCwbKhxAdboBPaP4rVoq0gaExxI+MPQ7u1LoMlvPGkIu7QnL+62KnrRXS0QLh+sJzWLK/j1eHa2rGzfhaOioUYre+iSdYgwT77NGYzEAdnv/NreKYfsFQxi+GbaY95I04/+VNL7m+0+/FeB0QblUjJN4dAAqMHgwMDAwMDAwMDAwMDAwMDAwMDAwMDAwMDAwMDAwMDAwMDAwMDAxMDAzdAAkYzY1MzBmMTYtNjMxZi00MzU3LWIyZDYtYWMxNDRhMDYzYzM1dAAGNTAwMDAw
[Client 6300] got reply frm node 0 (view 0): gasUsed=21000,fee=21000,success=true
[Node 0] now on view 1 (block decided)
[Node 1] chain got: rO0ABXNyAB9kZXBjaGFpbi5ibG9ja2NoYWluLlRyYW5zYWN0aW9uAAAAAAAAAAECAAlKAAhnYXNMaW1pdEoACGdhc1ByaWNlSgAFbm9uY2VMAARkYXRhdAASTGphdmEvbGFuZy9TdHJpbmc7TAAEZnJvbXEAfgABWwAJc2lnbmF0dXJldAACW0JMAAJ0b3EAfgABTAANdHJhbnNhY3Rpb25JZHEAfgABTAAFdmFsdWVxAH4AAXhwAAAAAAAAUggAAAAAAAAAAQAAAAAAAAABdAAAdAAqMHhjNzY0ZGQyNDkwNzEwN2I5MjExYmVkMDk0NWJhZDA3ODI4YzQ4ZmNmdXIAAltCrPMX+AYIVOACAAB4cAAAAQB+BRozrWibazGw1L9bub0NRc44XO6qYSNBnU3cIYZ2uX7BLB/wQ2wtaqwWGWR5SlMsAeGrgekPxd5WJ036ocft6T0VlHDP2oAg92rOuxi/Z/TravU7xLMZVx+/PI3wVeVXFXmoMXVFCLSqItMnaCQiA8Q//wzs7scqOpZT+sQu3U45FOw71EpcZfRMYA7IoCwbKhxAdboBPaP4rVoq0gaExxI+MPQ7u1LoMlvPGkIu7QnL+62KnrRXS0QLh+sJzWLK/j1eHa2rGzfhaOioUYre+iSdYgwT77NGYzEAdnv/NreKYfsFQxi+GbaY95I04/+VNL7m+0+/FeB0QblUjJN4dAAqMHgwMDAwMDAwMDAwMDAwMDAwMDAwMDAwMDAwMDAwMDAwMDAwMDAxMDAzdAAkYzY1MzBmMTYtNjMxZi00MzU3LWIyZDYtYWMxNDRhMDYzYzM1dAAGNTAwMDAw
[Node 2] chain got: rO0ABXNyAB9kZXBjaGFpbi5ibG9ja2NoYWluLlRyYW5zYWN0aW9uAAAAAAAAAAECAAlKAAhnYXNMaW1pdEoACGdhc1ByaWNlSgAFbm9uY2VMAARkYXRhdAASTGphdmEvbGFuZy9TdHJpbmc7TAAEZnJvbXEAfgABWwAJc2lnbmF0dXJldAACW0JMAAJ0b3EAfgABTAANdHJhbnNhY3Rpb25JZHEAfgABTAAFdmFsdWVxAH4AAXhwAAAAAAAAUggAAAAAAAAAAQAAAAAAAAABdAAAdAAqMHhjNzY0ZGQyNDkwNzEwN2I5MjExYmVkMDk0NWJhZDA3ODI4YzQ4ZmNmdXIAAltCrPMX+AYIVOACAAB4cAAAAQB+BRozrWibazGw1L9bub0NRc44XO6qYSNBnU3cIYZ2uX7BLB/wQ2wtaqwWGWR5SlMsAeGrgekPxd5WJ036ocft6T0VlHDP2oAg92rOuxi/Z/TravU7xLMZVx+/PI3wVeVXFXmoMXVFCLSqItMnaCQiA8Q//wzs7scqOpZT+sQu3U45FOw71EpcZfRMYA7IoCwbKhxAdboBPaP4rVoq0gaExxI+MPQ7u1LoMlvPGkIu7QnL+62KnrRXS0QLh+sJzWLK/j1eHa2rGzfhaOioUYre+iSdYgwT77NGYzEAdnv/NreKYfsFQxi+GbaY95I04/+VNL7m+0+/FeB0QblUjJN4dAAqMHgwMDAwMDAwMDAwMDAwMDAwMDAwMDAwMDAwMDAwMDAwMDAwMDAxMDAzdAAkYzY1MzBmMTYtNjMxZi00MzU3LWIyZDYtYWMxNDRhMDYzYzM1dAAGNTAwMDAw
[Node 3] chain got: rO0ABXNyAB9kZXBjaGFpbi5ibG9ja2NoYWluLlRyYW5zYWN0aW9uAAAAAAAAAAECAAlKAAhnYXNMaW1pdEoACGdhc1ByaWNlSgAFbm9uY2VMAARkYXRhdAASTGphdmEvbGFuZy9TdHJpbmc7TAAEZnJvbXEAfgABWwAJc2lnbmF0dXJldAACW0JMAAJ0b3EAfgABTAANdHJhbnNhY3Rpb25JZHEAfgABTAAFdmFsdWVxAH4AAXhwAAAAAAAAUggAAAAAAAAAAQAAAAAAAAABdAAAdAAqMHhjNzY0ZGQyNDkwNzEwN2I5MjExYmVkMDk0NWJhZDA3ODI4YzQ4ZmNmdXIAAltCrPMX+AYIVOACAAB4cAAAAQB+BRozrWibazGw1L9bub0NRc44XO6qYSNBnU3cIYZ2uX7BLB/wQ2wtaqwWGWR5SlMsAeGrgekPxd5WJ036ocft6T0VlHDP2oAg92rOuxi/Z/TravU7xLMZVx+/PI3wVeVXFXmoMXVFCLSqItMnaCQiA8Q//wzs7scqOpZT+sQu3U45FOw71EpcZfRMYA7IoCwbKhxAdboBPaP4rVoq0gaExxI+MPQ7u1LoMlvPGkIu7QnL+62KnrRXS0QLh+sJzWLK/j1eHa2rGzfhaOioUYre+iSdYgwT77NGYzEAdnv/NreKYfsFQxi+GbaY95I04/+VNL7m+0+/FeB0QblUjJN4dAAqMHgwMDAwMDAwMDAwMDAwMDAwMDAwMDAwMDAwMDAwMDAwMDAwMDAxMDAzdAAkYzY1MzBmMTYtNjMxZi00MzU3LWIyZDYtYWMxNDRhMDYzYzM1dAAGNTAwMDAw
[Client 6300] got reply frm node 2 (view 0): gasUsed=21000,fee=21000,success=true
[Node 3] now on view 1 (block decided)
[Node 1] now on view 1 (block decided)
[Node 2] now on view 1 (block decided)
[Client 6300] stopped
[Node 0] stopped
[Node 1] stopped
[Node 2] stopped
[Node 3] stopped
]]></system-out>
    <system-err><![CDATA[[FL] packet parse went bad: socket isnt up
[FL] packet parse went bad: socket isnt up
[FL] packet parse went bad: socket isnt up
[FL] packet parse went bad: socket isnt up
[FL] packet parse went bad: socket isnt up
]]></system-err>
  </testcase>
  <testcase name="transferWithInsufficientBalance_returnsFalse" classname="depchain.TransactionExecutionTest" time="13.137">
    <system-out><![CDATA[[Node 0] genesis loaded — ISTCoin at 0x170667dc11fc90be4f16ed06aa59a28be906960e
[Node 0] genesis block persisted: 0xcfdc74f5140f266fbdf47553560cce654218bb30cee4f7394d91eacb069fda7a
[UdpTransport] listening on port 5000
[FL] Node 0 up on port 5000
[SL] Node 0 up
[PL] Node 0 up
[APL] Node 0 up w/ auth stuff
[Node 0] up on port 5000 (leader for view 0 is 0, behavior=HONEST)
[Node 1] genesis loaded — ISTCoin at 0x170667dc11fc90be4f16ed06aa59a28be906960e
[Node 1] genesis block persisted: 0xcfdc74f5140f266fbdf47553560cce654218bb30cee4f7394d91eacb069fda7a
[UdpTransport] listening on port 5001
[FL] Node 1 up on port 5001
[SL] Node 1 up
[PL] Node 1 up
[APL] Node 1 up w/ auth stuff
[Node 1] up on port 5001 (leader for view 0 is 0, behavior=HONEST)
[Node 2] genesis loaded — ISTCoin at 0x170667dc11fc90be4f16ed06aa59a28be906960e
[Node 2] genesis block persisted: 0xcfdc74f5140f266fbdf47553560cce654218bb30cee4f7394d91eacb069fda7a
[UdpTransport] listening on port 5002
[FL] Node 2 up on port 5002
[SL] Node 2 up
[PL] Node 2 up
[APL] Node 2 up w/ auth stuff
[Node 2] up on port 5002 (leader for view 0 is 0, behavior=HONEST)
[Node 3] genesis loaded — ISTCoin at 0x170667dc11fc90be4f16ed06aa59a28be906960e
[Node 3] genesis block persisted: 0xcfdc74f5140f266fbdf47553560cce654218bb30cee4f7394d91eacb069fda7a
[UdpTransport] listening on port 5003
[FL] Node 3 up on port 5003
[SL] Node 3 up
[PL] Node 3 up
[APL] Node 3 up w/ auth stuff
[Node 3] up on port 5003 (leader for view 0 is 0, behavior=HONEST)
[Client 6300] up on port 6300
[Client 6300] sent req e0cd748a-8b13-4b71-9e31-bb6612c9b305 to node 0
[Client 6300] sent req e0cd748a-8b13-4b71-9e31-bb6612c9b305 to node 1
[Client 6300] sent req e0cd748a-8b13-4b71-9e31-bb6612c9b305 to node 2
[Client 6300] sent req e0cd748a-8b13-4b71-9e31-bb6612c9b305 to node 3
[Node 0] now on view 1 (timeout)
[Node 1] now on view 1 (timeout)
[Node 2] now on view 1 (timeout)
[Node 3] now on view 1 (received NEW_VIEW)
[Node 0] now on view 2 (timeout)
[Node 1] now on view 2 (timeout)
[Node 3] now on view 2 (received NEW_VIEW)
[Node 2] now on view 2 (received NEW_VIEW)
[Client 6300] req e0cd748a-8b13-4b71-9e31-bb6612c9b305 timed out (success=0, failure=0, need 2)
[Client 6300] stopped
[Node 0] stopped
[Node 1] stopped
[Node 2] stopped
[Node 3] stopped
]]></system-out>
    <system-err><![CDATA[[FL] packet parse went bad: socket isnt up
[Node 0] transaction validation failed for client 6300 (request e0cd748a-8b13-4b71-9e31-bb6612c9b305): insufficient balance: have 999999999998938605, need 999999999998959606 (gasPrice=1 * gasLimit=21000 + value=999999999998938606)
[Node 1] transaction validation failed for client 6300 (request e0cd748a-8b13-4b71-9e31-bb6612c9b305): insufficient balance: have 999999999998938605, need 999999999998959606 (gasPrice=1 * gasLimit=21000 + value=999999999998938606)
[Node 3] transaction validation failed for client 6300 (request e0cd748a-8b13-4b71-9e31-bb6612c9b305): insufficient balance: have 999999999998938605, need 999999999998959606 (gasPrice=1 * gasLimit=21000 + value=999999999998938606)
[Node 2] transaction validation failed for client 6300 (request e0cd748a-8b13-4b71-9e31-bb6612c9b305): insufficient balance: have 999999999998938605, need 999999999998959606 (gasPrice=1 * gasLimit=21000 + value=999999999998938606)
]]></system-err>
  </testcase>
  <testcase name="clientGetEvmAddress_matchesNodeDerivedAddress" classname="depchain.TransactionExecutionTest" time="1.055">
    <system-out><![CDATA[[Node 0] genesis loaded — ISTCoin at 0x8af4413cd1a7064d420399dc74b5287743c48db2
[Node 0] genesis block persisted: 0x6861b93e4f1e8123d535c588d8107ebd7b6838d219ccb44ac87461e5d5901e53
[UdpTransport] listening on port 5000
[FL] Node 0 up on port 5000
[SL] Node 0 up
[PL] Node 0 up
[APL] Node 0 up w/ auth stuff
[Node 0] up on port 5000 (leader for view 0 is 0, behavior=HONEST)
[Node 1] genesis loaded — ISTCoin at 0x8af4413cd1a7064d420399dc74b5287743c48db2
[Node 1] genesis block persisted: 0x6861b93e4f1e8123d535c588d8107ebd7b6838d219ccb44ac87461e5d5901e53
[UdpTransport] listening on port 5001
[FL] Node 1 up on port 5001
[SL] Node 1 up
[PL] Node 1 up
[APL] Node 1 up w/ auth stuff
[Node 1] up on port 5001 (leader for view 0 is 0, behavior=HONEST)
[Node 2] genesis loaded — ISTCoin at 0x8af4413cd1a7064d420399dc74b5287743c48db2
[Node 2] genesis block persisted: 0x6861b93e4f1e8123d535c588d8107ebd7b6838d219ccb44ac87461e5d5901e53
[UdpTransport] listening on port 5002
[FL] Node 2 up on port 5002
[SL] Node 2 up
[PL] Node 2 up
[APL] Node 2 up w/ auth stuff
[Node 2] up on port 5002 (leader for view 0 is 0, behavior=HONEST)
[Node 3] genesis loaded — ISTCoin at 0x8af4413cd1a7064d420399dc74b5287743c48db2
[Node 3] genesis block persisted: 0x6861b93e4f1e8123d535c588d8107ebd7b6838d219ccb44ac87461e5d5901e53
[UdpTransport] listening on port 5003
[FL] Node 3 up on port 5003
[SL] Node 3 up
[PL] Node 3 up
[APL] Node 3 up w/ auth stuff
[Node 3] up on port 5003 (leader for view 0 is 0, behavior=HONEST)
[Client 6300] up on port 6300
[Client 6301] up on port 6301
[Client 6300] stopped
[Client 6301] stopped
[Node 0] stopped
[Node 1] stopped
[Node 2] stopped
[Node 3] stopped
]]></system-out>
  </testcase>
  <testcase name="transactionMissingSignature_rejected" classname="depchain.TransactionExecutionTest" time="12.972">
    <system-out><![CDATA[[Node 0] genesis loaded — ISTCoin at 0xd624274952b69ddfcc3c7ea9da6147e333d94b34
[Node 0] genesis block persisted: 0x69e328fe650e7061e777a24976376a3b4266f71de187b052a6f65e24a79dd088
[UdpTransport] listening on port 5000
[FL] Node 0 up on port 5000
[SL] Node 0 up
[PL] Node 0 up
[APL] Node 0 up w/ auth stuff
[Node 0] up on port 5000 (leader for view 0 is 0, behavior=HONEST)
[Node 1] genesis loaded — ISTCoin at 0xd624274952b69ddfcc3c7ea9da6147e333d94b34
[Node 1] genesis block persisted: 0x69e328fe650e7061e777a24976376a3b4266f71de187b052a6f65e24a79dd088
[UdpTransport] listening on port 5001
[FL] Node 1 up on port 5001
[SL] Node 1 up
[PL] Node 1 up
[APL] Node 1 up w/ auth stuff
[Node 1] up on port 5001 (leader for view 0 is 0, behavior=HONEST)
[Node 2] genesis loaded — ISTCoin at 0xd624274952b69ddfcc3c7ea9da6147e333d94b34
[Node 2] genesis block persisted: 0x69e328fe650e7061e777a24976376a3b4266f71de187b052a6f65e24a79dd088
[UdpTransport] listening on port 5002
[FL] Node 2 up on port 5002
[SL] Node 2 up
[PL] Node 2 up
[APL] Node 2 up w/ auth stuff
[Node 2] up on port 5002 (leader for view 0 is 0, behavior=HONEST)
[Node 3] genesis loaded — ISTCoin at 0xd624274952b69ddfcc3c7ea9da6147e333d94b34
[Node 3] genesis block persisted: 0x69e328fe650e7061e777a24976376a3b4266f71de187b052a6f65e24a79dd088
[UdpTransport] listening on port 5003
[FL] Node 3 up on port 5003
[SL] Node 3 up
[PL] Node 3 up
[APL] Node 3 up w/ auth stuff
[Node 3] up on port 5003 (leader for view 0 is 0, behavior=HONEST)
[Client 6300] up on port 6300
[Client 6300] sent req db13cd3f-a144-4e6a-bb72-ac54edc60cd7 to node 0
[Client 6300] sent req db13cd3f-a144-4e6a-bb72-ac54edc60cd7 to node 1
[Client 6300] sent req db13cd3f-a144-4e6a-bb72-ac54edc60cd7 to node 2
[Client 6300] sent req db13cd3f-a144-4e6a-bb72-ac54edc60cd7 to node 3
[Node 0] now on view 1 (timeout)
[Node 1] now on view 1 (timeout)
[Node 3] now on view 1 (received NEW_VIEW)
[Node 2] now on view 1 (received NEW_VIEW)
[Node 0] now on view 2 (timeout)
[Node 1] now on view 2 (timeout)
[Node 3] now on view 2 (timeout)
[Node 2] now on view 2 (received NEW_VIEW)
[Client 6300] req db13cd3f-a144-4e6a-bb72-ac54edc60cd7 timed out (success=0, failure=0, need 2)
[Client 6300] stopped
[Node 0] stopped
[Node 1] stopped
[Node 2] stopped
[Node 3] stopped
]]></system-out>
    <system-err><![CDATA[[Node 0] transaction validation failed for client 6300 (request db13cd3f-a144-4e6a-bb72-ac54edc60cd7): missing transaction signature
[Node 1] transaction validation failed for client 6300 (request db13cd3f-a144-4e6a-bb72-ac54edc60cd7): missing transaction signature
[Node 2] transaction validation failed for client 6300 (request db13cd3f-a144-4e6a-bb72-ac54edc60cd7): missing transaction signature
[Node 3] transaction validation failed for client 6300 (request db13cd3f-a144-4e6a-bb72-ac54edc60cd7): missing transaction signature
]]></system-err>
  </testcase>
  <testcase name="multipleSequentialTransactions_allCommit" classname="depchain.TransactionExecutionTest" time="1.66">
    <system-out><![CDATA[[Node 0] genesis loaded — ISTCoin at 0xbdb470ab21238aca22cca0847ea757b59ac1dbe4
[Node 0] genesis block persisted: 0xf6a27005f8d86a473f84fc67372a2e41cc9e79e4a2c32be458b73b98d71f8b32
[UdpTransport] listening on port 5000
[FL] Node 0 up on port 5000
[SL] Node 0 up
[PL] Node 0 up
[APL] Node 0 up w/ auth stuff
[Node 0] up on port 5000 (leader for view 0 is 0, behavior=HONEST)
[Node 1] genesis loaded — ISTCoin at 0xbdb470ab21238aca22cca0847ea757b59ac1dbe4
[Node 1] genesis block persisted: 0xf6a27005f8d86a473f84fc67372a2e41cc9e79e4a2c32be458b73b98d71f8b32
[UdpTransport] listening on port 5001
[FL] Node 1 up on port 5001
[SL] Node 1 up
[PL] Node 1 up
[APL] Node 1 up w/ auth stuff
[Node 1] up on port 5001 (leader for view 0 is 0, behavior=HONEST)
[Node 2] genesis loaded — ISTCoin at 0xbdb470ab21238aca22cca0847ea757b59ac1dbe4
[Node 2] genesis block persisted: 0xf6a27005f8d86a473f84fc67372a2e41cc9e79e4a2c32be458b73b98d71f8b32
[UdpTransport] listening on port 5002
[FL] Node 2 up on port 5002
[SL] Node 2 up
[PL] Node 2 up
[APL] Node 2 up w/ auth stuff
[Node 2] up on port 5002 (leader for view 0 is 0, behavior=HONEST)
[Node 3] genesis loaded — ISTCoin at 0xbdb470ab21238aca22cca0847ea757b59ac1dbe4
[Node 3] genesis block persisted: 0xf6a27005f8d86a473f84fc67372a2e41cc9e79e4a2c32be458b73b98d71f8b32
[UdpTransport] listening on port 5003
[FL] Node 3 up on port 5003
[SL] Node 3 up
[PL] Node 3 up
[APL] Node 3 up w/ auth stuff
[Node 3] up on port 5003 (leader for view 0 is 0, behavior=HONEST)
[Client 6300] up on port 6300
[Client 6300] sent req 05c3557a-a9bd-465f-a686-81a8401d24f5 to node 0
[Client 6300] sent req 05c3557a-a9bd-465f-a686-81a8401d24f5 to node 1
[Client 6300] sent req 05c3557a-a9bd-465f-a686-81a8401d24f5 to node 2
[Client 6300] sent req 05c3557a-a9bd-465f-a686-81a8401d24f5 to node 3
[Node 0] chain got: rO0ABXNyAB9kZXBjaGFpbi5ibG9ja2NoYWluLlRyYW5zYWN0aW9uAAAAAAAAAAECAAlKAAhnYXNMaW1pdEoACGdhc1ByaWNlSgAFbm9uY2VMAARkYXRhdAASTGphdmEvbGFuZy9TdHJpbmc7TAAEZnJvbXEAfgABWwAJc2lnbmF0dXJldAACW0JMAAJ0b3EAfgABTAANdHJhbnNhY3Rpb25JZHEAfgABTAAFdmFsdWVxAH4AAXhwAAAAAAAAUggAAAAAAAAAAQAAAAAAAAABdAAAdAAqMHhlNjMwOWY0ZTFiNTQ2NDk5NGMxZGIyOTViYjRhZDA2ZDdiMWRkM2QzdXIAAltCrPMX+AYIVOACAAB4cAAAAQAlSRxwAneuSMS7gSVgRws9yUZg0J35nE6eZNFYJws5cPlXQwNdZOEgVSlh/0HQHwggJeiELXr9t1nMP7uwQkg6hSw8esUoMduB2A6Z8F7QpfYsgEGcRDFayy9gAG/VJnISJZhC3f1ofLSoPRSd9/ZmcmVKp1bNhzZGlDWoGrTyzcep49ns1WwaJlbjErBt7MUwEf3guFWn8UYAl5dir0y48RiHkCSOE7SYHfDQ2TB4lwFmr2Cz1lClLB4Zz89qwSiWmi1zNiS3x2MjWjjQt/WpJ1xcoKO0BcrL0ZTFRjEe0R4VKhr0rRMIbTauO4QGOGud6TIRbw++JtSs1BxE/AMkdAAqMHgwMDAwMDAwMDAwMDAwMDAwMDAwMDAwMDAwMDAwMDAwMDAwMDAxMDA2dAAkMDYyYWM1MGUtODUwMy00OThjLTgwYTUtMzIxZmI2NDI4YjUxdAADMTAw
[Client 6300] got reply frm node 0 (view 0): gasUsed=21000,fee=21000,success=true
[Node 0] now on view 1 (block decided)
[Node 1] chain got: rO0ABXNyAB9kZXBjaGFpbi5ibG9ja2NoYWluLlRyYW5zYWN0aW9uAAAAAAAAAAECAAlKAAhnYXNMaW1pdEoACGdhc1ByaWNlSgAFbm9uY2VMAARkYXRhdAASTGphdmEvbGFuZy9TdHJpbmc7TAAEZnJvbXEAfgABWwAJc2lnbmF0dXJldAACW0JMAAJ0b3EAfgABTAANdHJhbnNhY3Rpb25JZHEAfgABTAAFdmFsdWVxAH4AAXhwAAAAAAAAUggAAAAAAAAAAQAAAAAAAAABdAAAdAAqMHhlNjMwOWY0ZTFiNTQ2NDk5NGMxZGIyOTViYjRhZDA2ZDdiMWRkM2QzdXIAAltCrPMX+AYIVOACAAB4cAAAAQAlSRxwAneuSMS7gSVgRws9yUZg0J35nE6eZNFYJws5cPlXQwNdZOEgVSlh/0HQHwggJeiELXr9t1nMP7uwQkg6hSw8esUoMduB2A6Z8F7QpfYsgEGcRDFayy9gAG/VJnISJZhC3f1ofLSoPRSd9/ZmcmVKp1bNhzZGlDWoGrTyzcep49ns1WwaJlbjErBt7MUwEf3guFWn8UYAl5dir0y48RiHkCSOE7SYHfDQ2TB4lwFmr2Cz1lClLB4Zz89qwSiWmi1zNiS3x2MjWjjQt/WpJ1xcoKO0BcrL0ZTFRjEe0R4VKhr0rRMIbTauO4QGOGud6TIRbw++JtSs1BxE/AMkdAAqMHgwMDAwMDAwMDAwMDAwMDAwMDAwMDAwMDAwMDAwMDAwMDAwMDAxMDA2dAAkMDYyYWM1MGUtODUwMy00OThjLTgwYTUtMzIxZmI2NDI4YjUxdAADMTAw
[Node 2] chain got: rO0ABXNyAB9kZXBjaGFpbi5ibG9ja2NoYWluLlRyYW5zYWN0aW9uAAAAAAAAAAECAAlKAAhnYXNMaW1pdEoACGdhc1ByaWNlSgAFbm9uY2VMAARkYXRhdAASTGphdmEvbGFuZy9TdHJpbmc7TAAEZnJvbXEAfgABWwAJc2lnbmF0dXJldAACW0JMAAJ0b3EAfgABTAANdHJhbnNhY3Rpb25JZHEAfgABTAAFdmFsdWVxAH4AAXhwAAAAAAAAUggAAAAAAAAAAQAAAAAAAAABdAAAdAAqMHhlNjMwOWY0ZTFiNTQ2NDk5NGMxZGIyOTViYjRhZDA2ZDdiMWRkM2QzdXIAAltCrPMX+AYIVOACAAB4cAAAAQAlSRxwAneuSMS7gSVgRws9yUZg0J35nE6eZNFYJws5cPlXQwNdZOEgVSlh/0HQHwggJeiELXr9t1nMP7uwQkg6hSw8esUoMduB2A6Z8F7QpfYsgEGcRDFayy9gAG/VJnISJZhC3f1ofLSoPRSd9/ZmcmVKp1bNhzZGlDWoGrTyzcep49ns1WwaJlbjErBt7MUwEf3guFWn8UYAl5dir0y48RiHkCSOE7SYHfDQ2TB4lwFmr2Cz1lClLB4Zz89qwSiWmi1zNiS3x2MjWjjQt/WpJ1xcoKO0BcrL0ZTFRjEe0R4VKhr0rRMIbTauO4QGOGud6TIRbw++JtSs1BxE/AMkdAAqMHgwMDAwMDAwMDAwMDAwMDAwMDAwMDAwMDAwMDAwMDAwMDAwMDAxMDA2dAAkMDYyYWM1MGUtODUwMy00OThjLTgwYTUtMzIxZmI2NDI4YjUxdAADMTAw
[Node 3] chain got: rO0ABXNyAB9kZXBjaGFpbi5ibG9ja2NoYWluLlRyYW5zYWN0aW9uAAAAAAAAAAECAAlKAAhnYXNMaW1pdEoACGdhc1ByaWNlSgAFbm9uY2VMAARkYXRhdAASTGphdmEvbGFuZy9TdHJpbmc7TAAEZnJvbXEAfgABWwAJc2lnbmF0dXJldAACW0JMAAJ0b3EAfgABTAANdHJhbnNhY3Rpb25JZHEAfgABTAAFdmFsdWVxAH4AAXhwAAAAAAAAUggAAAAAAAAAAQAAAAAAAAABdAAAdAAqMHhlNjMwOWY0ZTFiNTQ2NDk5NGMxZGIyOTViYjRhZDA2ZDdiMWRkM2QzdXIAAltCrPMX+AYIVOACAAB4cAAAAQAlSRxwAneuSMS7gSVgRws9yUZg0J35nE6eZNFYJws5cPlXQwNdZOEgVSlh/0HQHwggJeiELXr9t1nMP7uwQkg6hSw8esUoMduB2A6Z8F7QpfYsgEGcRDFayy9gAG/VJnISJZhC3f1ofLSoPRSd9/ZmcmVKp1bNhzZGlDWoGrTyzcep49ns1WwaJlbjErBt7MUwEf3guFWn8UYAl5dir0y48RiHkCSOE7SYHfDQ2TB4lwFmr2Cz1lClLB4Zz89qwSiWmi1zNiS3x2MjWjjQt/WpJ1xcoKO0BcrL0ZTFRjEe0R4VKhr0rRMIbTauO4QGOGud6TIRbw++JtSs1BxE/AMkdAAqMHgwMDAwMDAwMDAwMDAwMDAwMDAwMDAwMDAwMDAwMDAwMDAwMDAxMDA2dAAkMDYyYWM1MGUtODUwMy00OThjLTgwYTUtMzIxZmI2NDI4YjUxdAADMTAw
[Client 6300] got reply frm node 2 (view 0): gasUsed=21000,fee=21000,success=true
[Node 1] now on view 1 (block decided)
[Node 3] now on view 1 (block decided)
[Node 2] now on view 1 (block decided)
[Client 6300] sent req 87195fa9-8902-43d7-bab2-84ec32188cd8 to node 0
[Client 6300] sent req 87195fa9-8902-43d7-bab2-84ec32188cd8 to node 1
[Client 6300] sent req 87195fa9-8902-43d7-bab2-84ec32188cd8 to node 2
[Client 6300] sent req 87195fa9-8902-43d7-bab2-84ec32188cd8 to node 3
[Node 1] chain got: rO0ABXNyAB9kZXBjaGFpbi5ibG9ja2NoYWluLlRyYW5zYWN0aW9uAAAAAAAAAAECAAlKAAhnYXNMaW1pdEoACGdhc1ByaWNlSgAFbm9uY2VMAARkYXRhdAASTGphdmEvbGFuZy9TdHJpbmc7TAAEZnJvbXEAfgABWwAJc2lnbmF0dXJldAACW0JMAAJ0b3EAfgABTAANdHJhbnNhY3Rpb25JZHEAfgABTAAFdmFsdWVxAH4AAXhwAAAAAAAAUggAAAAAAAAAAQAAAAAAAAACdAAAdAAqMHhlNjMwOWY0ZTFiNTQ2NDk5NGMxZGIyOTViYjRhZDA2ZDdiMWRkM2QzdXIAAltCrPMX+AYIVOACAAB4cAAAAQC5GXi4fAtTmgw7XuXs3NvhbMdQUKllYIWWMrom6ChQFPXajkqpgGzt5Wpdbb4BBFQuwcflOjkgO7e8z+hMXYvzlnS3xSFmyWJyoBbzBLcskkegaoAVNSmLcHffIue9/G0o0KYWiGdx22ug0KXE0B+Fk0C13LWKhVV76t0teKxOwIMlPjclTM2/fx80ZPZj/bAvbRe8+r/lSjbhfIMEOOWG3dAfGCguk5weDmeAzmD9aIG2NtiDGSsxvJz+BCCpjnpPvwB2/txSbj0K+n+xFGIPbvWOF+k0p8xGd1QeAWoGp3K3WnKpWjHRGPk6LpgyAqt+dcVa3Z9IJtNXSIMWH+YpdAAqMHgwMDAwMDAwMDAwMDAwMDAwMDAwMDAwMDAwMDAwMDAwMDAwMDAxMDA3dAAkMTJmZDdmNDYtZjRkOS00MTU0LTkxNzUtYTJiYmNlNWNlNzYydAADMTAw
[Client 6300] got reply frm node 1 (view 1): gasUsed=21000,fee=21000,success=true
[Node 1] now on view 2 (block decided)
[Node 0] chain got: rO0ABXNyAB9kZXBjaGFpbi5ibG9ja2NoYWluLlRyYW5zYWN0aW9uAAAAAAAAAAECAAlKAAhnYXNMaW1pdEoACGdhc1ByaWNlSgAFbm9uY2VMAARkYXRhdAASTGphdmEvbGFuZy9TdHJpbmc7TAAEZnJvbXEAfgABWwAJc2lnbmF0dXJldAACW0JMAAJ0b3EAfgABTAANdHJhbnNhY3Rpb25JZHEAfgABTAAFdmFsdWVxAH4AAXhwAAAAAAAAUggAAAAAAAAAAQAAAAAAAAACdAAAdAAqMHhlNjMwOWY0ZTFiNTQ2NDk5NGMxZGIyOTViYjRhZDA2ZDdiMWRkM2QzdXIAAltCrPMX+AYIVOACAAB4cAAAAQC5GXi4fAtTmgw7XuXs3NvhbMdQUKllYIWWMrom6ChQFPXajkqpgGzt5Wpdbb4BBFQuwcflOjkgO7e8z+hMXYvzlnS3xSFmyWJyoBbzBLcskkegaoAVNSmLcHffIue9/G0o0KYWiGdx22ug0KXE0B+Fk0C13LWKhVV76t0teKxOwIMlPjclTM2/fx80ZPZj/bAvbRe8+r/lSjbhfIMEOOWG3dAfGCguk5weDmeAzmD9aIG2NtiDGSsxvJz+BCCpjnpPvwB2/txSbj0K+n+xFGIPbvWOF+k0p8xGd1QeAWoGp3K3WnKpWjHRGPk6LpgyAqt+dcVa3Z9IJtNXSIMWH+YpdAAqMHgwMDAwMDAwMDAwMDAwMDAwMDAwMDAwMDAwMDAwMDAwMDAwMDAxMDA3dAAkMTJmZDdmNDYtZjRkOS00MTU0LTkxNzUtYTJiYmNlNWNlNzYydAADMTAw
[Node 2] chain got: rO0ABXNyAB9kZXBjaGFpbi5ibG9ja2NoYWluLlRyYW5zYWN0aW9uAAAAAAAAAAECAAlKAAhnYXNMaW1pdEoACGdhc1ByaWNlSgAFbm9uY2VMAARkYXRhdAASTGphdmEvbGFuZy9TdHJpbmc7TAAEZnJvbXEAfgABWwAJc2lnbmF0dXJldAACW0JMAAJ0b3EAfgABTAANdHJhbnNhY3Rpb25JZHEAfgABTAAFdmFsdWVxAH4AAXhwAAAAAAAAUggAAAAAAAAAAQAAAAAAAAACdAAAdAAqMHhlNjMwOWY0ZTFiNTQ2NDk5NGMxZGIyOTViYjRhZDA2ZDdiMWRkM2QzdXIAAltCrPMX+AYIVOACAAB4cAAAAQC5GXi4fAtTmgw7XuXs3NvhbMdQUKllYIWWMrom6ChQFPXajkqpgGzt5Wpdbb4BBFQuwcflOjkgO7e8z+hMXYvzlnS3xSFmyWJyoBbzBLcskkegaoAVNSmLcHffIue9/G0o0KYWiGdx22ug0KXE0B+Fk0C13LWKhVV76t0teKxOwIMlPjclTM2/fx80ZPZj/bAvbRe8+r/lSjbhfIMEOOWG3dAfGCguk5weDmeAzmD9aIG2NtiDGSsxvJz+BCCpjnpPvwB2/txSbj0K+n+xFGIPbvWOF+k0p8xGd1QeAWoGp3K3WnKpWjHRGPk6LpgyAqt+dcVa3Z9IJtNXSIMWH+YpdAAqMHgwMDAwMDAwMDAwMDAwMDAwMDAwMDAwMDAwMDAwMDAwMDAwMDAxMDA3dAAkMTJmZDdmNDYtZjRkOS00MTU0LTkxNzUtYTJiYmNlNWNlNzYydAADMTAw
[Node 3] chain got: rO0ABXNyAB9kZXBjaGFpbi5ibG9ja2NoYWluLlRyYW5zYWN0aW9uAAAAAAAAAAECAAlKAAhnYXNMaW1pdEoACGdhc1ByaWNlSgAFbm9uY2VMAARkYXRhdAASTGphdmEvbGFuZy9TdHJpbmc7TAAEZnJvbXEAfgABWwAJc2lnbmF0dXJldAACW0JMAAJ0b3EAfgABTAANdHJhbnNhY3Rpb25JZHEAfgABTAAFdmFsdWVxAH4AAXhwAAAAAAAAUggAAAAAAAAAAQAAAAAAAAACdAAAdAAqMHhlNjMwOWY0ZTFiNTQ2NDk5NGMxZGIyOTViYjRhZDA2ZDdiMWRkM2QzdXIAAltCrPMX+AYIVOACAAB4cAAAAQC5GXi4fAtTmgw7XuXs3NvhbMdQUKllYIWWMrom6ChQFPXajkqpgGzt5Wpdbb4BBFQuwcflOjkgO7e8z+hMXYvzlnS3xSFmyWJyoBbzBLcskkegaoAVNSmLcHffIue9/G0o0KYWiGdx22ug0KXE0B+Fk0C13LWKhVV76t0teKxOwIMlPjclTM2/fx80ZPZj/bAvbRe8+r/lSjbhfIMEOOWG3dAfGCguk5weDmeAzmD9aIG2NtiDGSsxvJz+BCCpjnpPvwB2/txSbj0K+n+xFGIPbvWOF+k0p8xGd1QeAWoGp3K3WnKpWjHRGPk6LpgyAqt+dcVa3Z9IJtNXSIMWH+YpdAAqMHgwMDAwMDAwMDAwMDAwMDAwMDAwMDAwMDAwMDAwMDAwMDAwMDAxMDA3dAAkMTJmZDdmNDYtZjRkOS00MTU0LTkxNzUtYTJiYmNlNWNlNzYydAADMTAw
[Client 6300] got reply frm node 0 (view 1): gasUsed=21000,fee=21000,success=true
[Node 0] now on view 2 (block decided)
[Node 3] now on view 2 (block decided)
[Node 2] now on view 2 (block decided)
[Client 6300] sent req 5327b124-909c-45b1-9a0b-cd416045044d to node 0
[Client 6300] sent req 5327b124-909c-45b1-9a0b-cd416045044d to node 1
[Client 6300] sent req 5327b124-909c-45b1-9a0b-cd416045044d to node 2
[Client 6300] sent req 5327b124-909c-45b1-9a0b-cd416045044d to node 3
[Node 2] chain got: rO0ABXNyAB9kZXBjaGFpbi5ibG9ja2NoYWluLlRyYW5zYWN0aW9uAAAAAAAAAAECAAlKAAhnYXNMaW1pdEoACGdhc1ByaWNlSgAFbm9uY2VMAARkYXRhdAASTGphdmEvbGFuZy9TdHJpbmc7TAAEZnJvbXEAfgABWwAJc2lnbmF0dXJldAACW0JMAAJ0b3EAfgABTAANdHJhbnNhY3Rpb25JZHEAfgABTAAFdmFsdWVxAH4AAXhwAAAAAAAAUggAAAAAAAAAAQAAAAAAAAADdAAAdAAqMHhlNjMwOWY0ZTFiNTQ2NDk5NGMxZGIyOTViYjRhZDA2ZDdiMWRkM2QzdXIAAltCrPMX+AYIVOACAAB4cAAAAQBGy3+leFd31T82XYp2R7Hc8A4iVSDcghU1y/wRR50jsBOtxu/ruaEO1sm3EaHpIx88eBA+X2/lHenMulQqvefdQdUxf4sc2LLnf16bd5rC3Go5qNN9RmYejTs7MH6n7ftg+zpfvlhtD3gsyv32qGc3oSSsTyGliBSqaiwZClpmWF/mgmJclOLjKr+arwq2UMls55LjErnp0SGke/IeP0ogoHhwan/4AP0FhUMZx0ss49BrFjyN4s1o8wZ/NPfZI5ewVjtFNNFfKLhAr0zRazXAtA9hxrBBklkzIO9hXNFb29khdmo5k1XXUwFmbiMcMCUHVoiGTuyGm/eBW99PcHvLdAAqMHgwMDAwMDAwMDAwMDAwMDAwMDAwMDAwMDAwMDAwMDAwMDAwMDAxMDA4dAAkNTFiOTc3MjQtZGNkZi00MzcyLThhOGEtMGMzMjZmZmViMDNkdAADMTAw
[Client 6300] got reply frm node 2 (view 2): gasUsed=21000,fee=21000,success=true
[Node 2] now on view 3 (block decided)
[Node 0] chain got: rO0ABXNyAB9kZXBjaGFpbi5ibG9ja2NoYWluLlRyYW5zYWN0aW9uAAAAAAAAAAECAAlKAAhnYXNMaW1pdEoACGdhc1ByaWNlSgAFbm9uY2VMAARkYXRhdAASTGphdmEvbGFuZy9TdHJpbmc7TAAEZnJvbXEAfgABWwAJc2lnbmF0dXJldAACW0JMAAJ0b3EAfgABTAANdHJhbnNhY3Rpb25JZHEAfgABTAAFdmFsdWVxAH4AAXhwAAAAAAAAUggAAAAAAAAAAQAAAAAAAAADdAAAdAAqMHhlNjMwOWY0ZTFiNTQ2NDk5NGMxZGIyOTViYjRhZDA2ZDdiMWRkM2QzdXIAAltCrPMX+AYIVOACAAB4cAAAAQBGy3+leFd31T82XYp2R7Hc8A4iVSDcghU1y/wRR50jsBOtxu/ruaEO1sm3EaHpIx88eBA+X2/lHenMulQqvefdQdUxf4sc2LLnf16bd5rC3Go5qNN9RmYejTs7MH6n7ftg+zpfvlhtD3gsyv32qGc3oSSsTyGliBSqaiwZClpmWF/mgmJclOLjKr+arwq2UMls55LjErnp0SGke/IeP0ogoHhwan/4AP0FhUMZx0ss49BrFjyN4s1o8wZ/NPfZI5ewVjtFNNFfKLhAr0zRazXAtA9hxrBBklkzIO9hXNFb29khdmo5k1XXUwFmbiMcMCUHVoiGTuyGm/eBW99PcHvLdAAqMHgwMDAwMDAwMDAwMDAwMDAwMDAwMDAwMDAwMDAwMDAwMDAwMDAxMDA4dAAkNTFiOTc3MjQtZGNkZi00MzcyLThhOGEtMGMzMjZmZmViMDNkdAADMTAw
[Node 1] chain got: rO0ABXNyAB9kZXBjaGFpbi5ibG9ja2NoYWluLlRyYW5zYWN0aW9uAAAAAAAAAAECAAlKAAhnYXNMaW1pdEoACGdhc1ByaWNlSgAFbm9uY2VMAARkYXRhdAASTGphdmEvbGFuZy9TdHJpbmc7TAAEZnJvbXEAfgABWwAJc2lnbmF0dXJldAACW0JMAAJ0b3EAfgABTAANdHJhbnNhY3Rpb25JZHEAfgABTAAFdmFsdWVxAH4AAXhwAAAAAAAAUggAAAAAAAAAAQAAAAAAAAADdAAAdAAqMHhlNjMwOWY0ZTFiNTQ2NDk5NGMxZGIyOTViYjRhZDA2ZDdiMWRkM2QzdXIAAltCrPMX+AYIVOACAAB4cAAAAQBGy3+leFd31T82XYp2R7Hc8A4iVSDcghU1y/wRR50jsBOtxu/ruaEO1sm3EaHpIx88eBA+X2/lHenMulQqvefdQdUxf4sc2LLnf16bd5rC3Go5qNN9RmYejTs7MH6n7ftg+zpfvlhtD3gsyv32qGc3oSSsTyGliBSqaiwZClpmWF/mgmJclOLjKr+arwq2UMls55LjErnp0SGke/IeP0ogoHhwan/4AP0FhUMZx0ss49BrFjyN4s1o8wZ/NPfZI5ewVjtFNNFfKLhAr0zRazXAtA9hxrBBklkzIO9hXNFb29khdmo5k1XXUwFmbiMcMCUHVoiGTuyGm/eBW99PcHvLdAAqMHgwMDAwMDAwMDAwMDAwMDAwMDAwMDAwMDAwMDAwMDAwMDAwMDAxMDA4dAAkNTFiOTc3MjQtZGNkZi00MzcyLThhOGEtMGMzMjZmZmViMDNkdAADMTAw
[Node 3] chain got: rO0ABXNyAB9kZXBjaGFpbi5ibG9ja2NoYWluLlRyYW5zYWN0aW9uAAAAAAAAAAECAAlKAAhnYXNMaW1pdEoACGdhc1ByaWNlSgAFbm9uY2VMAARkYXRhdAASTGphdmEvbGFuZy9TdHJpbmc7TAAEZnJvbXEAfgABWwAJc2lnbmF0dXJldAACW0JMAAJ0b3EAfgABTAANdHJhbnNhY3Rpb25JZHEAfgABTAAFdmFsdWVxAH4AAXhwAAAAAAAAUggAAAAAAAAAAQAAAAAAAAADdAAAdAAqMHhlNjMwOWY0ZTFiNTQ2NDk5NGMxZGIyOTViYjRhZDA2ZDdiMWRkM2QzdXIAAltCrPMX+AYIVOACAAB4cAAAAQBGy3+leFd31T82XYp2R7Hc8A4iVSDcghU1y/wRR50jsBOtxu/ruaEO1sm3EaHpIx88eBA+X2/lHenMulQqvefdQdUxf4sc2LLnf16bd5rC3Go5qNN9RmYejTs7MH6n7ftg+zpfvlhtD3gsyv32qGc3oSSsTyGliBSqaiwZClpmWF/mgmJclOLjKr+arwq2UMls55LjErnp0SGke/IeP0ogoHhwan/4AP0FhUMZx0ss49BrFjyN4s1o8wZ/NPfZI5ewVjtFNNFfKLhAr0zRazXAtA9hxrBBklkzIO9hXNFb29khdmo5k1XXUwFmbiMcMCUHVoiGTuyGm/eBW99PcHvLdAAqMHgwMDAwMDAwMDAwMDAwMDAwMDAwMDAwMDAwMDAwMDAwMDAwMDAxMDA4dAAkNTFiOTc3MjQtZGNkZi00MzcyLThhOGEtMGMzMjZmZmViMDNkdAADMTAw
[Client 6300] got reply frm node 0 (view 2): gasUsed=21000,fee=21000,success=true
[Client 6300] stopped
[Node 3] now on view 3 (block decided)
[Node 1] now on view 3 (block decided)
[Node 0] now on view 3 (block decided)
[Node 0] stopped
[Node 1] stopped
[Node 2] stopped
[Node 3] stopped
]]></system-out>
    <system-err><![CDATA[[FL] packet parse went bad: socket isnt up
[FL] packet parse went bad: socket isnt up
]]></system-err>
  </testcase>
</testsuite>