<?xml version="1.0" encoding="UTF-8"?>
<testsuite xmlns:xsi="http://www.w3.org/2001/XMLSchema-instance" xsi:noNamespaceSchemaLocation="https://maven.apache.org/surefire/maven-surefire-plugin/xsd/surefire-test-report-3.0.xsd" version="3.0" name="depchain.TransactionExecutionTest" time="11.495" tests="10" errors="0" skipped="0" failures="0">
  <properties>
[...]
</properties>
  <testcase name="legacyPlainStringRequest_stillReturnsTrue" classname="depchain.TransactionExecutionTest" time="1.356">
    <system-out><![CDATA[[Node 0] genesis loaded — ISTCoin at 0xdc73a572ed6bac4315d588678dcc4f34fac12a9a
[Node 0] genesis block persisted: 0x15338ee1f80a730929125b6d3187a1ca649ab426b3aacd9afc7651af270c66ed
[UdpTransport] listening on port 5000
[FL] Node 0 up on port 5000
[SL] Node 0 up
[PL] Node 0 up
[APL] Node 0 up w/ auth stuff
[Node 0] up on port 5000 (leader for view 0 is 0, behavior=HONEST)
[Node 1] genesis loaded — ISTCoin at 0xdc73a572ed6bac4315d588678dcc4f34fac12a9a
[Node 1] genesis block persisted: 0x15338ee1f80a730929125b6d3187a1ca649ab426b3aacd9afc7651af270c66ed
[UdpTransport] listening on port 5001
[FL] Node 1 up on port 5001
[SL] Node 1 up
[PL] Node 1 up
[APL] Node 1 up w/ auth stuff
[Node 1] up on port 5001 (leader for view 0 is 0, behavior=HONEST)
[Node 2] genesis loaded — ISTCoin at 0xdc73a572ed6bac4315d588678dcc4f34fac12a9a
[Node 2] genesis block persisted: 0x15338ee1f80a730929125b6d3187a1ca649ab426b3aacd9afc7651af270c66ed
[UdpTransport] listening on port 5002
[FL] Node 2 up on port 5002
[SL] Node 2 up
[PL] Node 2 up
[APL] Node 2 up w/ auth stuff
[Node 2] up on port 5002 (leader for view 0 is 0, behavior=HONEST)
[Node 3] genesis loaded — ISTCoin at 0xdc73a572ed6bac4315d588678dcc4f34fac12a9a
[Node 3] genesis block persisted: 0x15338ee1f80a730929125b6d3187a1ca649ab426b3aacd9afc7651af270c66ed
[UdpTransport] listening on port 5003
[FL] Node 3 up on port 5003
[SL] Node 3 up
[PL] Node 3 up
[APL] Node 3 up w/ auth stuff
[Node 3] up on port 5003 (leader for view 0 is 0, behavior=HONEST)
[Client 6300] up on port 6300
[Client 6300] sent req 2f4a3ff9-e9ba-4310-938d-25891f362360 to node 0
[Client 6300] sent req 2f4a3ff9-e9ba-4310-938d-25891f362360 to node 1
[Client 6300] sent req 2f4a3ff9-e9ba-4310-938d-25891f362360 to node 2
[Client 6300] sent req 2f4a3ff9-e9ba-4310-938d-25891f362360 to node 3
[Node 0] chain got: legacy-plain-string
[Client 6300] got reply frm node 0 (view 0): committed:view=0
[Node 0] now on view 1 (block decided)
[Node 2] chain got: legacy-plain-string
[Node 1] chain got: legacy-plain-string
[Client 6300] got reply frm node 2 (view 0): committed:view=0
[Node 3] chain got: legacy-plain-string
[Node 2] now on view 1 (block decided)
[Node 1] now on view 1 (block decided)
[Client 6300] stopped
[Node 0] stopped
[Node 1] stopped
[Node 2] stopped
[Node 3] now on view 1 (block decided)
[Node 3] stopped
]]></system-out>
    <system-err><![CDATA[Dealer: Testing 512 bit Keys...
Dealer: Attempting to generate group keypair..
Dealer: Generating Verifiers
[Node 0] could not execute tx in block 1: Illegal base64 character 2d
[Node 2] could not execute tx in block 1: Illegal base64 character 2d
[Node 1] could not execute tx in block 1: Illegal base64 character 2d
[Node 3] could not execute tx in block 1: Illegal base64 character 2d
[FL] packet parse went bad: socket isnt up
[FL] packet parse went bad: socket isnt up
[FL] packet parse went bad: socket isnt up
]]></system-err>
  </testcase>
  <testcase name="successfulTransfer_returnsTrue" classname="depchain.TransactionExecutionTest" time="0.933">
    <system-out><![CDATA[[Node 0] genesis loaded — ISTCoin at 0x772b17080f1094300a0224083692878773af6dee
[Node 0] genesis block persisted: 0x691ba322bffe8dbb07b22f49716cb04da803601c555e9aa9f17b63453c82cb14
[UdpTransport] listening on port 5000
[FL] Node 0 up on port 5000
[SL] Node 0 up
[PL] Node 0 up
[APL] Node 0 up w/ auth stuff
[Node 0] up on port 5000 (leader for view 0 is 0, behavior=HONEST)
[Node 1] genesis loaded — ISTCoin at 0x772b17080f1094300a0224083692878773af6dee
[Node 1] genesis block persisted: 0x691ba322bffe8dbb07b22f49716cb04da803601c555e9aa9f17b63453c82cb14
[UdpTransport] listening on port 5001
[FL] Node 1 up on port 5001
[SL] Node 1 up
[PL] Node 1 up
[APL] Node 1 up w/ auth stuff
[Node 1] up on port 5001 (leader for view 0 is 0, behavior=HONEST)
[Node 2] genesis loaded — ISTCoin at 0x772b17080f1094300a0224083692878773af6dee
[Node 2] genesis block persisted: 0x691ba322bffe8dbb07b22f49716cb04da803601c555e9aa9f17b63453c82cb14
[UdpTransport] listening on port 5002
[FL] Node 2 up on port 5002
[SL] Node 2 up
[PL] Node 2 up
[APL] Node 2 up w/ auth stuff
[Node 2] up on port 5002 (leader for view 0 is 0, behavior=HONEST)
[Node 3] genesis loaded — ISTCoin at 0x772b17080f1094300a0224083692878773af6dee
[Node 3] genesis block persisted: 0x691ba322bffe8dbb07b22f49716cb04da803601c555e9aa9f17b63453c82cb14
[UdpTransport] listening on port 5003
[FL] Node 3 up on port 5003
[SL] Node 3 up
[PL] Node 3 up
[APL] Node 3 up w/ auth stuff
[Node 3] up on port 5003 (leader for view 0 is 0, behavior=HONEST)
[Client 6300] up on port 6300
[Client 6300] sent req 2a166223-bcfb-4dfb-8f9e-1795c5f9bf47 to node 0
[Client 6300] sent req 2a166223-bcfb-4dfb-8f9e-1795c5f9bf47 to node 1
[Client 6300] sent req 2a166223-bcfb-4dfb-8f9e-1795c5f9bf47 to node 2
[Client 6300] sent req 2a166223-bcfb-4dfb-8f9e-1795c5f9bf47 to node 3
[Node 0] chain got: rO0ABXNyAB9kZXBjaGFpbi5ibG9ja2NoYWluLlRyYW5zYWN0aW9uAAAAAAAAAAECAAlKAAhnYXNMaW1pdEoACGdhc1ByaWNlSgAFbm9uY2VMAARkYXRhdAASTGphdmEvbGFuZy9TdHJpbmc7TAAEZnJvbXEAfgABWwAJc2lnbmF0dXJldAACW0JMAAJ0b3EAfgABTAANdHJhbnNhY3Rpb25JZHEAfgABTAAFdmFsdWVxAH4AAXhwAAAAAAAAUggAAAAAAAAAAQAAAAAAAAABdAAAdAAqMHgwY2QzYTM3ZDcyMDA0MzFhNTk1YThlYzQ2NzI4NTRiNTNiYmNlNGQ5dXIAAltCrPMX+AYIVOACAAB4cAAAAQAoIZ29hIPRL7Vjcmw74wvNUykobqZLL7ck1g7yb1TRUDp7txaTJMvG2P3mXwZD8Foop8JWYskhsZrn4HJSop7EvCk7gjoZnAtuppLO2kyX6vmgcyBkOcStvT2elIA9WtH5y5XjIjFiCkZ6vjpjWs0fD0Qr0AqDlVoZzdSQ9oldHK98v5D6JWh37/nQs2cfMjxQ6Yp9hdzYiB1WmRS5yryqfqWsBBTbb/wDRSNsDjWKY6lhDk02ML8p4hqhf/WNt8USLaJ0gM2z1sn6wfYham/kNHqjjZUttUDWyAoowrA6gNVZXKxyIioX3Ii8wOFlnMMA6Cyo8ixQtrn0xQEdSKzZdAAqMHgwMDAwMDAwMDAwMDAwMDAwMDAwMDAwMDAwMDAwMDAwMDAwMDAxMDAwdAAkMTBjNzNhNzktZDMzZi00ODRiLWE1ODktOWJjZTNmOTY4ZjBjdAAEMTAwMA==
[Client 6300] got reply frm node 0 (view 0): gasUsed=21000,fee=21000,success=true
[Node 0] now on view 1 (block decided)
[Node 1] chain got: rO0ABXNyAB9kZXBjaGFpbi5ibG9ja2NoYWluLlRyYW5zYWN0aW9uAAAAAAAAAAECAAlKAAhnYXNMaW1pdEoACGdhc1ByaWNlSgAFbm9uY2VMAARkYXRhdAASTGphdmEvbGFuZy9TdHJpbmc7TAAEZnJvbXEAfgABWwAJc2lnbmF0dXJldAACW0JMAAJ0b3EAfgABTAANdHJhbnNhY3Rpb25JZHEAfgABTAAFdmFsdWVxAH4AAXhwAAAAAAAAUggAAAAAAAAAAQAAAAAAAAABdAAAdAAqMHgwY2QzYTM3ZDcyMDA0MzFhNTk1YThlYzQ2NzI4NTRiNTNiYmNlNGQ5dXIAAltCrPMX+AYIVOACAAB4cAAAAQAoIZ29hIPRL7Vjcmw74wvNUykobqZLL7ck1g7yb1TRUDp7txaTJMvG2P3mXwZD8Foop8JWYskhsZrn4HJSop7EvCk7gjoZnAtuppLO2kyX6vmgcyBkOcStvT2elIA9WtH5y5XjIjFiCkZ6vjpjWs0fD0Qr0AqDlVoZzdSQ9oldHK98v5D6JWh37/nQs2cfMjxQ6Yp9hdzYiB1WmRS5yryqfqWsBBTbb/wDRSNsDjWKY6lhDk02ML8p4hqhf/WNt8USLaJ0gM2z1sn6wfYham/kNHqjjZUttUDWyAoowrA6gNVZXKxyIioX3Ii8wOFlnMMA6Cyo8ixQtrn0xQEdSKzZdAAqMHgwMDAwMDAwMDAwMDAwMDAwMDAwMDAwMDAwMDAwMDAwMDAwMDAxMDAwdAAkMTBjNzNhNzktZDMzZi00ODRiLWE1ODktOWJjZTNmOTY4ZjBjdAAEMTAwMA==
[Client 6300] got reply frm node 1 (view 0): gasUsed=21000,fee=21000,success=true
[Node 1] now on view 1 (block decided)
[Client 6300] stopped
[Node 2] chain got: rO0ABXNyAB9kZXBjaGFpbi5ibG9ja2NoYWluLlRyYW5zYWN0aW9uAAAAAAAAAAECAAlKAAhnYXNMaW1pdEoACGdhc1ByaWNlSgAFbm9uY2VMAARkYXRhdAASTGphdmEvbGFuZy9TdHJpbmc7TAAEZnJvbXEAfgABWwAJc2lnbmF0dXJldAACW0JMAAJ0b3EAfgABTAANdHJhbnNhY3Rpb25JZHEAfgABTAAFdmFsdWVxAH4AAXhwAAAAAAAAUggAAAAAAAAAAQAAAAAAAAABdAAAdAAqMHgwY2QzYTM3ZDcyMDA0MzFhNTk1YThlYzQ2NzI4NTRiNTNiYmNlNGQ5dXIAAltCrPMX+AYIVOACAAB4cAAAAQAoIZ29hIPRL7Vjcmw74wvNUykobqZLL7ck1g7yb1TRUDp7txaTJMvG2P3mXwZD8Foop8JWYskhsZrn4HJSop7EvCk7gjoZnAtuppLO2kyX6vmgcyBkOcStvT2elIA9WtH5y5XjIjFiCkZ6vjpjWs0fD0Qr0AqDlVoZzdSQ9oldHK98v5D6JWh37/nQs2cfMjxQ6Yp9hdzYiB1WmRS5yryqfqWsBBTbb/wDRSNsDjWKY6lhDk02ML8p4hqhf/WNt8USLaJ0gM2z1sn6wfYham/kNHqjjZUttUDWyAoowrA6gNVZXKxyIioX3Ii8wOFlnMMA6Cyo8ixQtrn0xQEdSKzZdAAqMHgwMDAwMDAwMDAwMDAwMDAwMDAwMDAwMDAwMDAwMDAwMDAwMDAxMDAwdAAkMTBjNzNhNzktZDMzZi00ODRiLWE1ODktOWJjZTNmOTY4ZjBjdAAEMTAwMA==
[Node 0] stopped
[Node 3] chain got: rO0ABXNyAB9kZXBjaGFpbi5ibG9ja2NoYWluLlRyYW5zYWN0aW9uAAAAAAAAAAECAAlKAAhnYXNMaW1pdEoACGdhc1ByaWNlSgAFbm9uY2VMAARkYXRhdAASTGphdmEvbGFuZy9TdHJpbmc7TAAEZnJvbXEAfgABWwAJc2lnbmF0dXJldAACW0JMAAJ0b3EAfgABTAANdHJhbnNhY3Rpb25JZHEAfgABTAAFdmFsdWVxAH4AAXhwAAAAAAAAUggAAAAAAAAAAQAAAAAAAAABdAAAdAAqMHgwY2QzYTM3ZDcyMDA0MzFhNTk1YThlYzQ2NzI4NTRiNTNiYmNlNGQ5dXIAAltCrPMX+AYIVOACAAB4cAAAAQAoIZ29hIPRL7Vjcmw74wvNUykobqZLL7ck1g7yb1TRUDp7txaTJMvG2P3mXwZD8Foop8JWYskhsZrn4HJSop7EvCk7gjoZnAtuppLO2kyX6vmgcyBkOcStvT2elIA9WtH5y5XjIjFiCkZ6vjpjWs0fD0Qr0AqDlVoZzdSQ9oldHK98v5D6JWh37/nQs2cfMjxQ6Yp9hdzYiB1WmRS5yryqfqWsBBTbb/wDRSNsDjWKY6lhDk02ML8p4hqhf/WNt8USLaJ0gM2z1sn6wfYham/kNHqjjZUttUDWyAoowrA6gNVZXKxyIioX3Ii8wOFlnMMA6Cyo8ixQtrn0xQEdSKzZdAAqMHgwMDAwMDAwMDAwMDAwMDAwMDAwMDAwMDAwMDAwMDAwMDAwMDAxMDAwdAAkMTBjNzNhNzktZDMzZi00ODRiLWE1ODktOWJjZTNmOTY4ZjBjdAAEMTAwMA==
[Node 2] now on view 1 (block decided)
[Node 3] now on view 1 (block decided)
[Node 1] stopped
[Node 2] stopped
[Node 3] stopped
]]></system-out>
    <system-err><![CDATA[[FL] packet parse went bad: socket isnt up
[FL] packet parse went bad: socket isnt up
[FL] packet parse went bad: socket isnt up
]]></system-err>
  </testcase>
  <testcase name="transactionInvalidSignature_rejected" classname="depchain.TransactionExecutionTest" time="0.863">
    <system-out><![CDATA[[Node 0] genesis loaded — ISTCoin at 0xcfe5733d0963e19a32ae1a27b7ecedc1afafb490
[Node 0] genesis block persisted: 0xef78e844597fc3303249c9dc85fd39eb57d2e974c57dfe44c106b564f29be2e5
[UdpTransport] listening on port 5000
[FL] Node 0 up on port 5000
[SL] Node 0 up
[PL] Node 0 up
[APL] Node 0 up w/ auth stuff
[Node 0] up on port 5000 (leader for view 0 is 0, behavior=HONEST)
[Node 1] genesis loaded — ISTCoin at 0xcfe5733d0963e19a32ae1a27b7ecedc1afafb490
[Node 1] genesis block persisted: 0xef78e844597fc3303249c9dc85fd39eb57d2e974c57dfe44c106b564f29be2e5
[UdpTransport] listening on port 5001
[FL] Node 1 up on port 5001
[SL] Node 1 up
[PL] Node 1 up
[APL] Node 1 up w/ auth stuff
[Node 1] up on port 5001 (leader for view 0 is 0, behavior=HONEST)
[Node 2] genesis loaded — ISTCoin at 0xcfe5733d0963e19a32ae1a27b7ecedc1afafb490
[Node 2] genesis block persisted: 0xef78e844597fc3303249c9dc85fd39eb57d2e974c57dfe44c106b564f29be2e5
[UdpTransport] listening on port 5002
[FL] Node 2 up on port 5002
[SL] Node 2 up
[PL] Node 2 up
[APL] Node 2 up w/ auth stuff
[Node 2] up on port 5002 (leader for view 0 is 0, behavior=HONEST)
[Node 3] genesis loaded — ISTCoin at 0xcfe5733d0963e19a32ae1a27b7ecedc1afafb490
[Node 3] genesis block persisted: 0xef78e844597fc3303249c9dc85fd39eb57d2e974c57dfe44c106b564f29be2e5
[UdpTransport] listening on port 5003
[FL] Node 3 up on port 5003
[SL] Node 3 up
[PL] Node 3 up
[APL] Node 3 up w/ auth stuff
[Node 3] up on port 5003 (leader for view 0 is 0, behavior=HONEST)
[Client 6300] up on port 6300
[Client 6300] sent req c9763aed-e773-4f5b-9841-64a3d7a1e6a9 to node 0
[Client 6300] sent req c9763aed-e773-4f5b-9841-64a3d7a1e6a9 to node 1
[Client 6300] sent req c9763aed-e773-4f5b-9841-64a3d7a1e6a9 to node 2
[Client 6300] sent req c9763aed-e773-4f5b-9841-64a3d7a1e6a9 to node 3
[Client 6300] got reply frm node 1 (view 0): rejected:invalid transaction signature for sender 0xbee04d88f4a953cbd867790bef13f3cd2852c99c
[Client 6300] got reply frm node 2 (view 0): rejected:invalid transaction signature for sender 0xbee04d88f4a953cbd867790bef13f3cd2852c99c
[Client 6300] req c9763aed-e773-4f5b-9841-64a3d7a1e6a9 failed: rejected:invalid transaction signature for sender 0xbee04d88f4a953cbd867790bef13f3cd2852c99c
[Client 6300] stopped
[Node 0] stopped
[Node 1] stopped
[Node 2] stopped
[Node 3] stopped
]]></system-out>
    <system-err><![CDATA[[FL] packet parse went bad: socket isnt up
[Node 1] transaction validation failed for client 6300 (request c9763aed-e773-4f5b-9841-64a3d7a1e6a9): invalid transaction signature for sender 0xbee04d88f4a953cbd867790bef13f3cd2852c99c
[Node 2] transaction validation failed for client 6300 (request c9763aed-e773-4f5b-9841-64a3d7a1e6a9): invalid transaction signature for sender 0xbee04d88f4a953cbd867790bef13f3cd2852c99c
[Node 0] transaction validation failed for client 6300 (request c9763aed-e773-4f5b-9841-64a3d7a1e6a9): invalid transaction signature for sender 0xbee04d88f4a953cbd867790bef13f3cd2852c99c
[Node 3] transaction validation failed for client 6300 (request c9763aed-e773-4f5b-9841-64a3d7a1e6a9): invalid transaction signature for sender 0xbee04d88f4a953cbd867790bef13f3cd2852c99c
]]></system-err>
  </testcase>
  <testcase name="successfulTransfer_senderBalanceDecreased" classname="depchain.TransactionExecutionTest" time="1.308">
    <system-out><![CDATA[[Node 0] genesis loaded — ISTCoin at 0xf984d0c5da509f0cae49bdb18234ebc0a932006f
[Node 0] genesis block persisted: 0x7f4732ea14ea75febdf6bb5365c26f6774f2b5bba1b58ba59fffbc2a0459462e
[UdpTransport] listening on port 5000
[FL] Node 0 up on port 5000
[SL] Node 0 up
[PL] Node 0 up
[APL] Node 0 up w/ auth stuff
[Node 0] up on port 5000 (leader for view 0 is 0, behavior=HONEST)
[Node 1] genesis loaded — ISTCoin at 0xf984d0c5da509f0cae49bdb18234ebc0a932006f
[Node 1] genesis block persisted: 0x7f4732ea14ea75febdf6bb5365c26f6774f2b5bba1b58ba59fffbc2a0459462e
[UdpTransport] listening on port 5001
[FL] Node 1 up on port 5001
[SL] Node 1 up
[PL] Node 1 up
[APL] Node 1 up w/ auth stuff
[Node 1] up on port 5001 (leader for view 0 is 0, behavior=HONEST)
[Node 2] genesis loaded — ISTCoin at 0xf984d0c5da509f0cae49bdb18234ebc0a932006f
[Node 2] genesis block persisted: 0x7f4732ea14ea75febdf6bb5365c26f6774f2b5bba1b58ba59fffbc2a0459462e
[UdpTransport] listening on port 5002
[FL] Node 2 up on port 5002
[SL] Node 2 up
[PL] Node 2 up
[APL] Node 2 up w/ auth stuff
[Node 2] up on port 5002 (leader for view 0 is 0, behavior=HONEST)
[Node 3] genesis loaded — ISTCoin at 0xf984d0c5da509f0cae49bdb18234ebc0a932006f
[Node 3] genesis block persisted: 0x7f4732ea14ea75febdf6bb5365c26f6774f2b5bba1b58ba59fffbc2a0459462e
[UdpTransport] listening on port 5003
[FL] Node 3 up on port 5003
[SL] Node 3 up
[PL] Node 3 up
[APL] Node 3 up w/ auth stuff
[Node 3] up on port 5003 (leader for view 0 is 0, behavior=HONEST)
[Client 6300] up on port 6300
[Client 6300] sent req b0a96d66-c181-4ca6-b158-f092cb94baf0 to node 0
[Client 6300] sent req b0a96d66-c181-4ca6-b158-f092cb94baf0 to node 1
[Client 6300] sent req b0a96d66-c181-4ca6-b158-f092cb94baf0 to node 2
[Client 6300] sent req b0a96d66-c181-4ca6-b158-f092cb94baf0 to node 3
[Node 0] chain got: rO0ABXNyAB9kZXBjaGFpbi5ibG9ja2NoYWluLlRyYW5zYWN0aW9uAAAAAAAAAAECAAlKAAhnYXNMaW1pdEoACGdhc1ByaWNlSgAFbm9uY2VMAARkYXRhdAASTGphdmEvbGFuZy9TdHJpbmc7TAAEZnJvbXEAfgABWwAJc2lnbmF0dXJldAACW0JMAAJ0b3EAfgABTAANdHJhbnNhY3Rpb25JZHEAfgABTAAFdmFsdWVxAH4AAXhwAAAAAAAAUggAAAAAAAAAAQAAAAAAAAABdAAAdAAqMHg5YzYwM2Q0YTc3ZWE3ZDQzMDc2ZGEwMzcxOWExODQxOGNlNTFkNTBjdXIAAltCrPMX+AYIVOACAAB4cAAAAQBevxaB3zcbnx41+TwW2pVJqnTMuDY7pcAVxB2mTmOitOroKKndX1XDc6sFehEjCFFYvbXJL4BZDg2r5sn9LsLFobFQf076qxFWlK0OgRBSdLXy+al4HIo8uonkJGq3rSGLrK2tm68Cvb/KURgImO08/by5acNzGreOkzFbbq+QgiVtxsQKNQyduzi3luKUW8C7DqqkkEzgwmhzamVjida8Ybco165NkGaZ9p7YVRZ+H1oMB1iBayBKM2e6fdboPHOaxLBusHjPAk+olC6Zp5bZDjqVIFB1lCZOcXTbB5gcFdJsveU8DOnZ93iFndSn4ubfDD0IMkXh/ovU9/qiKwt4dAAqMHgwMDAwMDAwMDAwMDAwMDAwMDAwMDAwMDAwMDAwMDAwMDAwMDAxMDAydAAkNWE3MGY4ZjUtMDA4OS00Y2QxLWE2YjMtMTFhM2UyNGVlYmJldAAEMTAwMA==
[Client 6300] got reply frm node 0 (view 0): gasUsed=21000,fee=21000,success=true
[Node 0] now on view 1 (block decided)
[Node 3] chain got: rO0ABXNyAB9kZXBjaGFpbi5ibG9ja2NoYWluLlRyYW5zYWN0aW9uAAAAAAAAAAECAAlKAAhnYXNMaW1pdEoACGdhc1ByaWNlSgAFbm9uY2VMAARkYXRhdAASTGphdmEvbGFuZy9TdHJpbmc7TAAEZnJvbXEAfgABWwAJc2lnbmF0dXJldAACW0JMAAJ0b3EAfgABTAANdHJhbnNhY3Rpb25JZHEAfgABTAAFdmFsdWVxAH4AAXhwAAAAAAAAUggAAAAAAAAAAQAAAAAAAAABdAAAdAAqMHg5YzYwM2Q0YTc3ZWE3ZDQzMDc2ZGEwMzcxOWExODQxOGNlNTFkNTBjdXIAAltCrPMX+AYIVOACAAB4cAAAAQBevxaB3zcbnx41+TwW2pVJqnTMuDY7pcAVxB2mTmOitOroKKndX1XDc6sFehEjCFFYvbXJL4BZDg2r5sn9LsLFobFQf076qxFWlK0OgRBSdLXy+al4HIo8uonkJGq3rSGLrK2tm68Cvb/KURgImO08/by5acNzGreOkzFbbq+QgiVtxsQKNQyduzi3luKUW8C7DqqkkEzgwmhzamVjida8Ybco165NkGaZ9p7YVRZ+H1oMB1iBayBKM2e6fdboPHOaxLBusHjPAk+olC6Zp5bZDjqVIFB1lCZOcXTbB5gcFdJsveU8DOnZ93iFndSn4ubfDD0IMkXh/ovU9/qiKwt4dAAqMHgwMDAwMDAwMDAwMDAwMDAwMDAwMDAwMDAwMDAwMDAwMDAwMDAxMDAydAAkNWE3MGY4ZjUtMDA4OS00Y2QxLWE2YjMtMTFhM2UyNGVlYmJldAAEMTAwMA==
[Node 1] chain got: rO0ABXNyAB9kZXBjaGFpbi5ibG9ja2NoYWluLlRyYW5zYWN0aW9uAAAAAAAAAAECAAlKAAhnYXNMaW1pdEoACGdhc1ByaWNlSgAFbm9uY2VMAARkYXRhdAASTGphdmEvbGFuZy9TdHJpbmc7TAAEZnJvbXEAfgABWwAJc2lnbmF0dXJldAACW0JMAAJ0b3EAfgABTAANdHJhbnNhY3Rpb25JZHEAfgABTAAFdmFsdWVxAH4AAXhwAAAAAAAAUggAAAAAAAAAAQAAAAAAAAABdAAAdAAqMHg5YzYwM2Q0YTc3ZWE3ZDQzMDc2ZGEwMzcxOWExODQxOGNlNTFkNTBjdXIAAltCrPMX+AYIVOACAAB4cAAAAQBevxaB3zcbnx41+TwW2pVJqnTMuDY7pcAVxB2mTmOitOroKKndX1XDc6sFehEjCFFYvbXJL4BZDg2r5sn9LsLFobFQf076qxFWlK0OgRBSdLXy+al4HIo8uonkJGq3rSGLrK2tm68Cvb/KURgImO08/by5acNzGreOkzFbbq+QgiVtxsQKNQyduzi3luKUW8C7DqqkkEzgwmhzamVjida8Ybco165NkGaZ9p7YVRZ+H1oMB1iBayBKM2e6fdboPHOaxLBusHjPAk+olC6Zp5bZDjqVIFB1lCZOcXTbB5gcFdJsveU8DOnZ93iFndSn4ubfDD0IMkXh/ovU9/qiKwt4dAAqMHgwMDAwMDAwMDAwMDAwMDAwMDAwMDAwMDAwMDAwMDAwMDAwMDAxMDAydAAkNWE3MGY4ZjUtMDA4OS00Y2QxLWE2YjMtMTFhM2UyNGVlYmJldAAEMTAwMA==
[Node 2] chain got: rO0ABXNyAB9kZXBjaGFpbi5ibG9ja2NoYWluLlRyYW5zYWN0aW9uAAAAAAAAAAECAAlKAAhnYXNMaW1pdEoACGdhc1ByaWNlSgAFbm9uY2VMAARkYXRhdAASTGphdmEvbGFuZy9TdHJpbmc7TAAEZnJvbXEAfgABWwAJc2lnbmF0dXJldAACW0JMAAJ0b3EAfgABTAANdHJhbnNhY3Rpb25JZHEAfgABTAAFdmFsdWVxAH4AAXhwAAAAAAAAUggAAAAAAAAAAQAAAAAAAAABdAAAdAAqMHg5YzYwM2Q0YTc3ZWE3ZDQzMDc2ZGEwMzcxOWExODQxOGNlNTFkNTBjdXIAAltCrPMX+AYIVOACAAB4cAAAAQBevxaB3zcbnx41+TwW2pVJqnTMuDY7pcAVxB2mTmOitOroKKndX1XDc6sFehEjCFFYvbXJL4BZDg2r5sn9LsLFobFQf076qxFWlK0OgRBSdLXy+al4HIo8uonkJGq3rSGLrK2tm68Cvb/KURgImO08/by5acNzGreOkzFbbq+QgiVtxsQKNQyduzi3luKUW8C7DqqkkEzgwmhzamVjida8Ybco165NkGaZ9p7YVRZ+H1oMB1iBayBKM2e6fdboPHOaxLBusHjPAk+olC6Zp5bZDjqVIFB1lCZOcXTbB5gcFdJsveU8DOnZ93iFndSn4ubfDD0IMkXh/ovU9/qiKwt4dAAqMHgwMDAwMDAwMDAwMDAwMDAwMDAwMDAwMDAwMDAwMDAwMDAwMDAxMDAydAAkNWE3MGY4ZjUtMDA4OS00Y2QxLWE2YjMtMTFhM2UyNGVlYmJldAAEMTAwMA==
[Client 6300] got reply frm node 1 (view 0): gasUsed=21000,fee=21000,success=true
[Node 3] now on view 1 (block decided)
[Node 1] now on view 1 (block decided)
[Client 6300] stopped
[Node 2] now on view 1 (block decided)
[Node 0] stopped
[Node 1] stopped
[Node 2] stopped
[Node 3] stopped
]]></system-out>
    <system-err><![CDATA[[FL] packet parse went bad: socket isnt up
[FL] packet parse went bad: socket isnt up
]]></system-err>
  </testcase>
  <testcase name="pendingPoolPreventsDoubleSpend_combinedPendingExceedsBalance" classname="depchain.TransactionExecutionTest" time="1.011">
    <system-out><![CDATA[[Node 0] genesis loaded — ISTCoin at 0xc2810103bca6a1a1fed78c629e7c61cd457a8f39
[Node 0] genesis block persisted: 0xd36d9218788a1549c933fa3ac8428423668dce6dc277fc501ee3944ac25d1c54
[UdpTransport] listening on port 5000
[FL] Node 0 up on port 5000
[SL] Node 0 up
[PL] Node 0 up
[APL] Node 0 up w/ auth stuff
[Node 0] up on port 5000 (leader for view 0 is 0, behavior=HONEST)
[Node 1] genesis loaded — ISTCoin at 0xc2810103bca6a1a1fed78c629e7c61cd457a8f39
[Node 1] genesis block persisted: 0xd36d9218788a1549c933fa3ac8428423668dce6dc277fc501ee3944ac25d1c54
[UdpTransport] listening on port 5001
[FL] Node 1 up on port 5001
[SL] Node 1 up
[PL] Node 1 up
[APL] Node 1 up w/ auth stuff
[Node 1] up on port 5001 (leader for view 0 is 0, behavior=HONEST)
[Node 2] genesis loaded — ISTCoin at 0xc2810103bca6a1a1fed78c629e7c61cd457a8f39
[Node 2] genesis block persisted: 0xd36d9218788a1549c933fa3ac8428423668dce6dc277fc501ee3944ac25d1c54
[UdpTransport] listening on port 5002
[FL] Node 2 up on port 5002
[SL] Node 2 up
[PL] Node 2 up
[APL] Node 2 up w/ auth stuff
[Node 2] up on port 5002 (leader for view 0 is 0, behavior=HONEST)
[Node 3] genesis loaded — ISTCoin at 0xc2810103bca6a1a1fed78c629e7c61cd457a8f39
[Node 3] genesis block persisted: 0xd36d9218788a1549c933fa3ac8428423668dce6dc277fc501ee3944ac25d1c54
[UdpTransport] listening on port 5003
[FL] Node 3 up on port 5003
[SL] Node 3 up
[PL] Node 3 up
[APL] Node 3 up w/ auth stuff
[Node 3] up on port 5003 (leader for view 0 is 0, behavior=HONEST)
[Client 6300] up on port 6300
[Client 6300] sent req 4de5c055-340f-477a-9169-b630fbbc335b to node 0
[Client 6300] sent req 4de5c055-340f-477a-9169-b630fbbc335b to node 1
[Client 6300] sent req 4de5c055-340f-477a-9169-b630fbbc335b to node 2
[Client 6300] sent req 4de5c055-340f-477a-9169-b630fbbc335b to node 3
[Client 6300] sent req 4475902b-d87b-4b36-b658-00249f5c51fb to node 0
[Client 6300] sent req 4475902b-d87b-4b36-b658-00249f5c51fb to node 1
[Client 6300] sent req 4475902b-d87b-4b36-b658-00249f5c51fb to node 2
[Client 6300] sent req 4475902b-d87b-4b36-b658-00249f5c51fb to node 3
[Client 6300] got reply frm node 0 (view 0): rejected:insufficient balance for pending txs: have 999999999998938605, pending=499999999999479802, new=499999999999479802, total=999999999998959604
[Client 6300] got reply frm node 3 (view 0): rejected:insufficient balance for pending txs: have 999999999998938605, pending=499999999999479802, new=499999999999479802, total=999999999998959604
[Client 6300] req 4475902b-d87b-4b36-b658-00249f5c51fb failed: rejected:insufficient balance for pending txs: have 999999999998938605, pending=499999999999479802, new=499999999999479802, total=999999999998959604
[Client 6300] stopped
[Node 0] stopped
[Node 1] stopped
[Node 2] stopped
[Node 3] stopped
]]></system-out>
    <system-err><![CDATA[[FL] packet parse went bad: socket isnt up
[Node 0] pending-pool validation failed for client 6300 (request 4475902b-d87b-4b36-b658-00249f5c51fb): insufficient balance for pending txs: have 999999999998938605, pending=499999999999479802, new=499999999999479802, total=999999999998959604
[Node 1] pending-pool validation failed for client 6300 (request 4475902b-d87b-4b36-b658-00249f5c51fb): insufficient balance for pending txs: have 999999999998938605, pending=499999999999479802, new=499999999999479802, total=999999999998959604
[Node 3] pending-pool validation failed for client 6300 (request 4475902b-d87b-4b36-b658-00249f5c51fb): insufficient balance for pending txs: have 999999999998938605, pending=499999999999479802, new=499999999999479802, total=999999999998959604
[Node 2] pending-pool validation failed for client 6300 (request 4475902b-d87b-4b36-b658-00249f5c51fb): insufficient balance for pending txs: have 999999999998938605, pending=499999999999479802, new=499999999999479802, total=999999999998959604
[FL] packet parse went bad: socket isnt up
]]></system-err>
  </testcase>
  <testcase name="successfulTransfer_recipientBalanceIncreased" classname="depchain.TransactionExecutionTest" time="1.249">
    <system-out><![CDATA[[Node 0] genesis loaded — ISTCoin at 0x258fa9f65730d7c857e89617950cda5eaedddf1c
[Node 0] genesis block persisted: 0xdc3ee958c03ea3a088ae8523029e9fa9777a3934f9e7172da217b12b90c46d7b
[UdpTransport] listening on port 5000
[FL] Node 0 up on port 5000
[SL] Node 0 up
[PL] Node 0 up
[APL] Node 0 up w/ auth stuff
[Node 0] up on port 5000 (leader for view 0 is 0, behavior=HONEST)
[Node 1] genesis loaded — ISTCoin at 0x258fa9f65730d7c857e89617950cda5eaedddf1c
[Node 1] genesis block persisted: 0xdc3ee958c03ea3a088ae8523029e9fa9777a3934f9e7172da217b12b90c46d7b
[UdpTransport] listening on port 5001
[FL] Node 1 up on port 5001
[SL] Node 1 up
[PL] Node 1 up
[APL] Node 1 up w/ auth stuff
[Node 1] up on port 5001 (leader for view 0 is 0, behavior=HONEST)
[Node 2] genesis loaded — ISTCoin at 0x258fa9f65730d7c857e89617950cda5eaedddf1c
[Node 2] genesis block persisted: 0xdc3ee958c03ea3a088ae8523029e9fa9777a3934f9e7172da217b12b90c46d7b
[UdpTransport] listening on port 5002
[FL] Node 2 up on port 5002
[SL] Node 2 up
[PL] Node 2 up
[APL] Node 2 up w/ auth stuff
[Node 2] up on port 5002 (leader for view 0 is 0, behavior=HONEST)
[Node 3] genesis loaded — ISTCoin at 0x258fa9f65730d7c857e89617950cda5eaedddf1c
[Node 3] genesis block persisted: 0xdc3ee958c03ea3a088ae8523029e9fa9777a3934f9e7172da217b12b90c46d7b
[UdpTransport] listening on port 5003
[FL] Node 3 up on port 5003
[SL] Node 3 up
[PL] Node 3 up
[APL] Node 3 up w/ auth stuff
[Node 3] up on port 5003 (leader for view 0 is 0, behavior=HONEST)
[Client 6300] up on port 6300
[Client 6300] sent req 4255d03d-f70f-44ed-a3b1-2e450befa53b to node 0
[Client 6300] sent req 4255d03d-f70f-44ed-a3b1-2e450befa53b to node 1
[Client 6300] sent req 4255d03d-f70f-44ed-a3b1-2e450befa53b to node 2
[Client 6300] sent req 4255d03d-f70f-44ed-a3b1-2e450befa53b to node 3
[Node 0] chain got: rO0ABXNyAB9kZXBjaGFpbi5ibG9ja2NoYWluLlRyYW5zYWN0aW9uAAAAAAAAAAECAAlKAAhnYXNMaW1pdEoACGdhc1ByaWNlSgAFbm9uY2VMAARkYXRhdAASTGphdmEvbGFuZy9TdHJpbmc7TAAEZnJvbXEAfgABWwAJc2lnbmF0dXJldAACW0JMAAJ0b3EAfgABTAANdHJhbnNhY3Rpb25JZHEAfgABTAAFdmFsdWVxAH4AAXhwAAAAAAAAUggAAAAAAAAAAQAAAAAAAAABdAAAdAAqMHg4YTdjMDczN2VmMWQ1ODZhODQ1NTlhMDI0YmY1ZDlmOTAyNjRkNDE2dXIAAltCrPMX+AYIVOACAAB4cAAAAQBRm9dHeRyz58AXAeMC++zO8kCciGnO3YEaqQotZjojQBRiAtHPySH81ISdF06WK1BpsJklr0ho+gc6zOZ15bAYWjaBI18NlsR8kHkBO3d3CONIOk8HX/VZhfKl+DgpV2YlLYQ6WrZhgpga7ca6+9xEUCEngnxhpjNFUhmTu3mCpKGcCAar6F9aTqCwhh8k4O1sCrfJxXdlBbG/4S4JY/Gbx/59Xp9NwjH+yD2tXtaE7FvDNNonzsAaFun6/PU3XWULEK1q9wKVsK6Uu1P8bf9ug5brR6W5zXGgIPGSFDlMbbXKQTCp8PDie7NUSqRFk8m5jTphSuFSdhNreauQQM82dAAqMHgwMDAwMDAwMDAwMDAwMDAwMDAwMDAwMDAwMDAwMDAwMDAwMDAxMDA1dAAkNjVkOWUxYjgtMGQxYy00ZDRlLWIzMmUtZjE3YTkzMTU1MzYwdAAGNTAwMDAw
[Client 6300] got reply frm node 0 (view 0): gasUsed=21000,fee=21000,success=true
[Node 0] now on view 1 (block decided)
[Node 3] chain got: rO0ABXNyAB9kZXBjaGFpbi5ibG9ja2NoYWluLlRyYW5zYWN0aW9uAAAAAAAAAAECAAlKAAhnYXNMaW1pdEoACGdhc1ByaWNlSgAFbm9uY2VMAARkYXRhdAASTGphdmEvbGFuZy9TdHJpbmc7TAAEZnJvbXEAfgABWwAJc2lnbmF0dXJldAACW0JMAAJ0b3EAfgABTAANdHJhbnNhY3Rpb25JZHEAfgABTAAFdmFsdWVxAH4AAXhwAAAAAAAAUggAAAAAAAAAAQAAAAAAAAABdAAAdAAqMHg4YTdjMDczN2VmMWQ1ODZhODQ1NTlhMDI0YmY1ZDlmOTAyNjRkNDE2dXIAAltCrPMX+AYIVOACAAB4cAAAAQBRm9dHeRyz58AXAeMC++zO8kCciGnO3YEaqQotZjojQBRiAtHPySH81ISdF06WK1BpsJklr0ho+gc6zOZ15bAYWjaBI18NlsR8kHkBO3d3CONIOk8HX/VZhfKl+DgpV2YlLYQ6WrZhgpga7ca6+9xEUCEngnxhpjNFUhmTu3mCpKGcCAar6F9aTqCwhh8k4O1sCrfJxXdlBbG/4S4JY/Gbx/59Xp9NwjH+yD2tXtaE7FvDNNonzsAaFun6/PU3XWULEK1q9wKVsK6Uu1P8bf9ug5brR6W5zXGgIPGSFDlMbbXKQTCp8PDie7NUSqRFk8m5jTphSuFSdhNreauQQM82dAAqMHgwMDAwMDAwMDAwMDAwMDAwMDAwMDAwMDAwMDAwMDAwMDAwMDAxMDA1dAAkNjVkOWUxYjgtMGQxYy00ZDRlLWIzMmUtZjE3YTkzMTU1MzYwdAAGNTAwMDAw
[Node 2] chain got: rO0ABXNyAB9kZXBjaGFpbi5ibG9ja2NoYWluLlRyYW5zYWN0aW9uAAAAAAAAAAECAAlKAAhnYXNMaW1pdEoACGdhc1ByaWNlSgAFbm9uY2VMAARkYXRhdAASTGphdmEvbGFuZy9TdHJpbmc7TAAEZnJvbXEAfgABWwAJc2lnbmF0dXJldAACW0JMAAJ0b3EAfgABTAANdHJhbnNhY3Rpb25JZHEAfgABTAAFdmFsdWVxAH4AAXhwAAAAAAAAUggAAAAAAAAAAQAAAAAAAAABdAAAdAAqMHg4YTdjMDczN2VmMWQ1ODZhODQ1NTlhMDI0YmY1ZDlmOTAyNjRkNDE2dXIAAltCrPMX+AYIVOACAAB4cAAAAQBRm9dHeRyz58AXAeMC++zO8kCciGnO3YEaqQotZjojQBRiAtHPySH81ISdF06WK1BpsJklr0ho+gc6zOZ15bAYWjaBI18NlsR8kHkBO3d3CONIOk8HX/VZhfKl+DgpV2YlLYQ6WrZhgpga7ca6+9xEUCEngnxhpjNFUhmTu3mCpKGcCAar6F9aTqCwhh8k4O1sCrfJxXdlBbG/4S4JY/Gbx/59Xp9NwjH+yD2tXtaE7FvDNNonzsAaFun6/PU3XWULEK1q9wKVsK6Uu1P8bf9ug5brR6W5zXGgIPGSFDlMbbXKQTCp8PDie7NUSqRFk8m5jTphSuFSdhNreauQQM82dAAqMHgwMDAwMDAwMDAwMDAwMDAwMDAwMDAwMDAwMDAwMDAwMDAwMDAxMDA1dAAkNjVkOWUxYjgtMGQxYy00ZDRlLWIzMmUtZjE3YTkzMTU1MzYwdAAGNTAwMDAw
[Node 1] chain got: rO0ABXNyAB9kZXBjaGFpbi5ibG9ja2NoYWluLlRyYW5zYWN0aW9uAAAAAAAAAAECAAlKAAhnYXNMaW1pdEoACGdhc1ByaWNlSgAFbm9uY2VMAARkYXRhdAASTGphdmEvbGFuZy9TdHJpbmc7TAAEZnJvbXEAfgABWwAJc2lnbmF0dXJldAACW0JMAAJ0b3EAfgABTAANdHJhbnNhY3Rpb25JZHEAfgABTAAFdmFsdWVxAH4AAXhwAAAAAAAAUggAAAAAAAAAAQAAAAAAAAABdAAAdAAqMHg4YTdjMDczN2VmMWQ1ODZhODQ1NTlhMDI0YmY1ZDlmOTAyNjRkNDE2dXIAAltCrPMX+AYIVOACAAB4cAAAAQBRm9dHeRyz58AXAeMC++zO8kCciGnO3YEaqQotZjojQBRiAtHPySH81ISdF06WK1BpsJklr0ho+gc6zOZ15bAYWjaBI18NlsR8kHkBO3d3CONIOk8HX/VZhfKl+DgpV2YlLYQ6WrZhgpga7ca6+9xEUCEngnxhpjNFUhmTu3mCpKGcCAar6F9aTqCwhh8k4O1sCrfJxXdlBbG/4S4JY/Gbx/59Xp9NwjH+yD2tXtaE7FvDNNonzsAaFun6/PU3XWULEK1q9wKVsK6Uu1P8bf9ug5brR6W5zXGgIPGSFDlMbbXKQTCp8PDie7NUSqRFk8m5jTphSuFSdhNreauQQM82dAAqMHgwMDAwMDAwMDAwMDAwMDAwMDAwMDAwMDAwMDAwMDAwMDAwMDAxMDA1dAAkNjVkOWUxYjgtMGQxYy00ZDRlLWIzMmUtZjE3YTkzMTU1MzYwdAAGNTAwMDAw
[Client 6300] got reply frm node 2 (view 0): gasUsed=21000,fee=21000,success=true
[Node 2] now on view 1 (block decided)
[Node 3] now on view 1 (block decided)
[Client 6300] stopped
[Node 0] stopped
[Node 1] now on view 1 (block decided)
[Node 1] stopped
[Node 2] stopped
[Node 3] stopped
]]></system-out>
    <system-err><![CDATA[[FL] packet parse went bad: socket isnt up
[FL] packet parse went bad: socket isnt up
]]></system-err>
  </testcase>
  <testcase name="transferWithInsufficientBalance_returnsFalse" classname="depchain.TransactionExecutionTest" time="0.968">
    <system-out><![CDATA[[Node 0] genesis loaded — ISTCoin at 0xaaa0340370f50059af85313f3995d50d28bd7b54
[Node 0] genesis block persisted: 0x0fddf00b1ae6e6a761d52e76d5c103c832ded87d04c9c5479f10ed872e10df9f
[UdpTransport] listening on port 5000
[FL] Node 0 up on port 5000
[SL] Node 0 up
[PL] Node 0 up
[APL] Node 0 up w/ auth stuff
[Node 0] up on port 5000 (leader for view 0 is 0, behavior=HONEST)
[Node 1] genesis loaded — ISTCoin at 0xaaa0340370f50059af85313f3995d50d28bd7b54
[Node 1] genesis block persisted: 0x0fddf00b1ae6e6a761d52e76d5c103c832ded87d04c9c5479f10ed872e10df9f
[UdpTransport] listening on port 5001
[FL] Node 1 up on port 5001
[SL] Node 1 up
[PL] Node 1 up
[APL] Node 1 up w/ auth stuff
[Node 1] up on port 5001 (leader for view 0 is 0, behavior=HONEST)
[Node 2] genesis loaded — ISTCoin at 0xaaa0340370f50059af85313f3995d50d28bd7b54
[Node 2] genesis block persisted: 0x0fddf00b1ae6e6a761d52e76d5c103c832ded87d04c9c5479f10ed872e10df9f
[UdpTransport] listening on port 5002
[FL] Node 2 up on port 5002
[SL] Node 2 up
[PL] Node 2 up
[APL] Node 2 up w/ auth stuff
[Node 2] up on port 5002 (leader for view 0 is 0, behavior=HONEST)
[Node 3] genesis loaded — ISTCoin at 0xaaa0340370f50059af85313f3995d50d28bd7b54
[Node 3] genesis block persisted: 0x0fddf00b1ae6e6a761d52e76d5c103c832ded87d04c9c5479f10ed872e10df9f
[UdpTransport] listening on port 5003
[FL] Node 3 up on port 5003
[SL] Node 3 up
[PL] Node 3 up
[APL] Node 3 up w/ auth stuff
[Node 3] up on port 5003 (leader for view 0 is 0, behavior=HONEST)
[Client 6300] up on port 6300
[Client 6300] sent req 7cdf5983-302a-4ddf-a93d-28ccc072591a to node 0
[Client 6300] sent req 7cdf5983-302a-4ddf-a93d-28ccc072591a to node 1
[Client 6300] sent req 7cdf5983-302a-4ddf-a93d-28ccc072591a to node 2
[Client 6300] sent req 7cdf5983-302a-4ddf-a93d-28ccc072591a to node 3
[Client 6300] got reply frm node 0 (view 0): rejected:insufficient balance: have 999999999998938605, need 999999999998959606 (gasPrice=1 * gasLimit=21000 + value=999999999998938606)
[Client 6300] got reply frm node 2 (view 0): rejected:insufficient balance: have 999999999998938605, need 999999999998959606 (gasPrice=1 * gasLimit=21000 + value=999999999998938606)
[Client 6300] req 7cdf5983-302a-4ddf-a93d-28ccc072591a failed: rejected:insufficient balance: have 999999999998938605, need 999999999998959606 (gasPrice=1 * gasLimit=21000 + value=999999999998938606)
[Client 6300] stopped
[Node 0] stopped
[Node 1] stopped
[Node 2] stopped
[Node 3] stopped
]]></system-out>
    <system-err><![CDATA[[FL] packet parse went bad: socket isnt up
[FL] packet parse went bad: socket isnt up
[Node 2] transaction validation failed for client 6300 (request 7cdf5983-302a-4ddf-a93d-28ccc072591a): insufficient balance: have 999999999998938605, need 999999999998959606 (gasPrice=1 * gasLimit=21000 + value=999999999998938606)
[Node 0] transaction validation failed for client 6300 (request 7cdf5983-302a-4ddf-a93d-28ccc072591a): insufficient balance: have 999999999998938605, need 999999999998959606 (gasPrice=1 * gasLimit=21000 + value=999999999998938606)
[Node 3] transaction validation failed for client 6300 (request 7cdf5983-302a-4ddf-a93d-28ccc072591a): insufficient balance: have 999999999998938605, need 999999999998959606 (gasPrice=1 * gasLimit=21000 + value=999999999998938606)
[Node 1] transaction validation failed for client 6300 (request 7cdf5983-302a-4ddf-a93d-28ccc072591a): insufficient balance: have 999999999998938605, need 999999999998959606 (gasPrice=1 * gasLimit=21000 + value=999999999998938606)
]]></system-err>
  </testcase>
  <testcase name="clientGetEvmAddress_matchesNodeDerivedAddress" classname="depchain.TransactionExecutionTest" time="1.281">
    <system-out><![CDATA[[Node 0] genesis loaded — ISTCoin at 0x41d8dded85e1a16463492d2b77720acbd2c5c34d
[Node 0] genesis block persisted: 0xa1242155c35d5ad87dddd6b070b0309bbdc1aebe6c273eb3f4bada576e58264b
[UdpTransport] listening on port 5000
[FL] Node 0 up on port 5000
[SL] Node 0 up
[PL] Node 0 up
[APL] Node 0 up w/ auth stuff
[Node 0] up on port 5000 (leader for view 0 is 0, behavior=HONEST)
[Node 1] genesis loaded — ISTCoin at 0x41d8dded85e1a16463492d2b77720acbd2c5c34d
[Node 1] genesis block persisted: 0xa1242155c35d5ad87dddd6b070b0309bbdc1aebe6c273eb3f4bada576e58264b
[UdpTransport] listening on port 5001
[FL] Node 1 up on port 5001
[SL] Node 1 up
[PL] Node 1 up
[APL] Node 1 up w/ auth stuff
[Node 1] up on port 5001 (leader for view 0 is 0, behavior=HONEST)
[Node 2] genesis loaded — ISTCoin at 0x41d8dded85e1a16463492d2b77720acbd2c5c34d
[Node 2] genesis block persisted: 0xa1242155c35d5ad87dddd6b070b0309bbdc1aebe6c273eb3f4bada576e58264b
[UdpTransport] listening on port 5002
[FL] Node 2 up on port 5002
[SL] Node 2 up
[PL] Node 2 up
[APL] Node 2 up w/ auth stuff
[Node 2] up on port 5002 (leader for view 0 is 0, behavior=HONEST)
[Node 3] genesis loaded — ISTCoin at 0x41d8dded85e1a16463492d2b77720acbd2c5c34d
[Node 3] genesis block persisted: 0xa1242155c35d5ad87dddd6b070b0309bbdc1aebe6c273eb3f4bada576e58264b
[UdpTransport] listening on port 5003
[FL] Node 3 up on port 5003
[SL] Node 3 up
[PL] Node 3 up
[APL] Node 3 up w/ auth stuff
[Node 3] up on port 5003 (leader for view 0 is 0, behavior=HONEST)
[Client 6300] up on port 6300
[Client 6301] up on port 6301
[Client 6300] stopped
[Client 6301] stopped
[Node 0] stopped
[Node 1] stopped
[Node 2] stopped
[Node 3] stopped
]]></system-out>
  </testcase>
  <testcase name="transactionMissingSignature_rejected" classname="depchain.TransactionExecutionTest" time="0.848">
    <system-out><![CDATA[[Node 0] genesis loaded — ISTCoin at 0x2897dc307fcf969a2132936aff8077d1628c0bce
[Node 0] genesis block persisted: 0xd23083aba62b10ddf212ac90de3edd104febd6399577cd0c5b566724bd78e205
[UdpTransport] listening on port 5000
[FL] Node 0 up on port 5000
[SL] Node 0 up
[PL] Node 0 up
[APL] Node 0 up w/ auth stuff
[Node 0] up on port 5000 (leader for view 0 is 0, behavior=HONEST)
[Node 1] genesis loaded — ISTCoin at 0x2897dc307fcf969a2132936aff8077d1628c0bce
[Node 1] genesis block persisted: 0xd23083aba62b10ddf212ac90de3edd104febd6399577cd0c5b566724bd78e205
[UdpTransport] listening on port 5001
[FL] Node 1 up on port 5001
[SL] Node 1 up
[PL] Node 1 up
[APL] Node 1 up w/ auth stuff
[Node 1] up on port 5001 (leader for view 0 is 0, behavior=HONEST)
[Node 2] genesis loaded — ISTCoin at 0x2897dc307fcf969a2132936aff8077d1628c0bce
[Node 2] genesis block persisted: 0xd23083aba62b10ddf212ac90de3edd104febd6399577cd0c5b566724bd78e205
[UdpTransport] listening on port 5002
[FL] Node 2 up on port 5002
[SL] Node 2 up
[PL] Node 2 up
[APL] Node 2 up w/ auth stuff
[Node 2] up on port 5002 (leader for view 0 is 0, behavior=HONEST)
[Node 3] genesis loaded — ISTCoin at 0x2897dc307fcf969a2132936aff8077d1628c0bce
[Node 3] genesis block persisted: 0xd23083aba62b10ddf212ac90de3edd104febd6399577cd0c5b566724bd78e205
[UdpTransport] listening on port 5003
[FL] Node 3 up on port 5003
[SL] Node 3 up
[PL] Node 3 up
[APL] Node 3 up w/ auth stuff
[Node 3] up on port 5003 (leader for view 0 is 0, behavior=HONEST)
[Client 6300] up on port 6300
[Client 6300] sent req b319b081-c33a-40c1-8d0e-04558e2d515d to node 0
[Client 6300] sent req b319b081-c33a-40c1-8d0e-04558e2d515d to node 1
[Client 6300] sent req b319b081-c33a-40c1-8d0e-04558e2d515d to node 2
[Client 6300] sent req b319b081-c33a-40c1-8d0e-04558e2d515d to node 3
[Client 6300] got reply frm node 0 (view 0): rejected:missing transaction signature
[Client 6300] got reply frm node 1 (view 0): rejected:missing transaction signature
[Client 6300] req b319b081-c33a-40c1-8d0e-04558e2d515d failed: rejected:missing transaction signature
[Client 6300] stopped
[Node 0] stopped
[Node 1] stopped
[Node 2] stopped
[Node 3] stopped
]]></system-out>
    <system-err><![CDATA[[Node 0] transaction validation failed for client 6300 (request b319b081-c33a-40c1-8d0e-04558e2d515d): missing transaction signature
[Node 1] transaction validation failed for client 6300 (request b319b081-c33a-40c1-8d0e-04558e2d515d): missing transaction signature
[Node 2] transaction validation failed for client 6300 (request b319b081-c33a-40c1-8d0e-04558e2d515d): missing transaction signature
[Node 3] transaction validation failed for client 6300 (request b319b081-c33a-40c1-8d0e-04558e2d515d): missing transaction signature
]]></system-err>
  </testcase>
  <testcase name="multipleSequentialTransactions_allCommit" classname="depchain.TransactionExecutionTest" time="1.676">
    <system-out><![CDATA[[Node 0] genesis loaded — ISTCoin at 0xa987426b3a3635b752cdbc2678f372b9b113e4e2
[Node 0] genesis block persisted: 0x2a0a94bf9d771897c83830d07f85d7a560156cb433aa41b0909cd3a1b5224351
[UdpTransport] listening on port 5000
[FL] Node 0 up on port 5000
[SL] Node 0 up
[PL] Node 0 up
[APL] Node 0 up w/ auth stuff
[Node 0] up on port 5000 (leader for view 0 is 0, behavior=HONEST)
[Node 1] genesis loaded — ISTCoin at 0xa987426b3a3635b752cdbc2678f372b9b113e4e2
[Node 1] genesis block persisted: 0x2a0a94bf9d771897c83830d07f85d7a560156cb433aa41b0909cd3a1b5224351
[UdpTransport] listening on port 5001
[FL] Node 1 up on port 5001
[SL] Node 1 up
[PL] Node 1 up
[APL] Node 1 up w/ auth stuff
[Node 1] up on port 5001 (leader for view 0 is 0, behavior=HONEST)
[Node 2] genesis loaded — ISTCoin at 0xa987426b3a3635b752cdbc2678f372b9b113e4e2
[Node 2] genesis block persisted: 0x2a0a94bf9d771897c83830d07f85d7a560156cb433aa41b0909cd3a1b5224351
[UdpTransport] listening on port 5002
[FL] Node 2 up on port 5002
[SL] Node 2 up
[PL] Node 2 up
[APL] Node 2 up w/ auth stuff
[Node 2] up on port 5002 (leader for view 0 is 0, behavior=HONEST)
[Node 3] genesis loaded — ISTCoin at 0xa987426b3a3635b752cdbc2678f372b9b113e4e2
[Node 3] genesis block persisted: 0x2a0a94bf9d771897c83830d07f85d7a560156cb433aa41b0909cd3a1b5224351
[UdpTransport] listening on port 5003
[FL] Node 3 up on port 5003
[SL] Node 3 up
[PL] Node 3 up
[APL] Node 3 up w/ auth stuff
[Node 3] up on port 5003 (leader for view 0 is 0, behavior=HONEST)
[Client 6300] up on port 6300
[Client 6300] sent req 87a3b8c2-3d4f-4c57-a333-0f494cd3817d to node 0
[Client 6300] sent req 87a3b8c2-3d4f-4c57-a333-0f494cd3817d to node 1
[Client 6300] sent req 87a3b8c2-3d4f-4c57-a333-0f494cd3817d to node 2
[Client 6300] sent req 87a3b8c2-3d4f-4c57-a333-0f494cd3817d to node 3
[Node 0] chain got: rO0ABXNyAB9kZXBjaGFpbi5ibG9ja2NoYWluLlRyYW5zYWN0aW9uAAAAAAAAAAECAAlKAAhnYXNMaW1pdEoACGdhc1ByaWNlSgAFbm9uY2VMAARkYXRhdAASTGphdmEvbGFuZy9TdHJpbmc7TAAEZnJvbXEAfgABWwAJc2lnbmF0dXJldAACW0JMAAJ0b3EAfgABTAANdHJhbnNhY3Rpb25JZHEAfgABTAAFdmFsdWVxAH4AAXhwAAAAAAAAUggAAAAAAAAAAQAAAAAAAAABdAAAdAAqMHhlNWUwOGMzN2M0MDlmOWQ4NDE2ZTM4YmI4MjZiMzg2MWViNzI4YTQxdXIAAltCrPMX+AYIVOACAAB4cAAAAQCPoxTK/QhNjq/fWhMH8Fb8RfPtmjafbWh7SL9U20JDoBM1eUWBwnWc/scr2XMRXyDzi2zHu8kiuJZ+0HnDmzVHkOhDWpmFfzat5Yj7YeI/yibHNSvrTrZalfCrMIaxB622zAhzEcViC/mQ66bq3vUM1nMcihEL0SHw4/5GNDDr6jIzNX0kXjbJXy2jDFYAN8/TmWWwwu8JTac8xHVeILlaJ+devKyL8SIFMWu64J0wPERx29LwRzmmowDWfJrKjADpC/YYz9MicfUGpNiwO/Jy38FGuPD7t7tlgS8qDLA8cursWAqbcaC34wlqLmvAoiG8vx6IQfP0e4kcW8QYlRcvdAAqMHgwMDAwMDAwMDAwMDAwMDAwMDAwMDAwMDAwMDAwMDAwMDAwMDAxMDA4dAAkODA0Y2ViZTMtZDBlZS00YzFlLWJjMWItYjRhZDMzYjg0ZDA4dAADMTAw
[Client 6300] got reply frm node 0 (view 0): gasUsed=21000,fee=21000,success=true
[Node 0] now on view 1 (block decided)
[Node 3] chain got: rO0ABXNyAB9kZXBjaGFpbi5ibG9ja2NoYWluLlRyYW5zYWN0aW9uAAAAAAAAAAECAAlKAAhnYXNMaW1pdEoACGdhc1ByaWNlSgAFbm9uY2VMAARkYXRhdAASTGphdmEvbGFuZy9TdHJpbmc7TAAEZnJvbXEAfgABWwAJc2lnbmF0dXJldAACW0JMAAJ0b3EAfgABTAANdHJhbnNhY3Rpb25JZHEAfgABTAAFdmFsdWVxAH4AAXhwAAAAAAAAUggAAAAAAAAAAQAAAAAAAAABdAAAdAAqMHhlNWUwOGMzN2M0MDlmOWQ4NDE2ZTM4YmI4MjZiMzg2MWViNzI4YTQxdXIAAltCrPMX+AYIVOACAAB4cAAAAQCPoxTK/QhNjq/fWhMH8Fb8RfPtmjafbWh7SL9U20JDoBM1eUWBwnWc/scr2XMRXyDzi2zHu8kiuJZ+0HnDmzVHkOhDWpmFfzat5Yj7YeI/yibHNSvrTrZalfCrMIaxB622zAhzEcViC/mQ66bq3vUM1nMcihEL0SHw4/5GNDDr6jIzNX0kXjbJXy2jDFYAN8/TmWWwwu8JTac8xHVeILlaJ+devKyL8SIFMWu64J0wPERx29LwRzmmowDWfJrKjADpC/YYz9MicfUGpNiwO/Jy38FGuPD7t7tlgS8qDLA8cursWAqbcaC34wlqLmvAoiG8vx6IQfP0e4kcW8QYlRcvdAAqMHgwMDAwMDAwMDAwMDAwMDAwMDAwMDAwMDAwMDAwMDAwMDAwMDAxMDA4dAAkODA0Y2ViZTMtZDBlZS00YzFlLWJjMWItYjRhZDMzYjg0ZDA4dAADMTAw
[Node 1] chain got: rO0ABXNyAB9kZXBjaGFpbi5ibG9ja2NoYWluLlRyYW5zYWN0aW9uAAAAAAAAAAECAAlKAAhnYXNMaW1pdEoACGdhc1ByaWNlSgAFbm9uY2VMAARkYXRhdAASTGphdmEvbGFuZy9TdHJpbmc7TAAEZnJvbXEAfgABWwAJc2lnbmF0dXJldAACW0JMAAJ0b3EAfgABTAANdHJhbnNhY3Rpb25JZHEAfgABTAAFdmFsdWVxAH4AAXhwAAAAAAAAUggAAAAAAAAAAQAAAAAAAAABdAAAdAAqMHhlNWUwOGMzN2M0MDlmOWQ4NDE2ZTM4YmI4MjZiMzg2MWViNzI4YTQxdXIAAltCrPMX+AYIVOACAAB4cAAAAQCPoxTK/QhNjq/fWhMH8Fb8RfPtmjafbWh7SL9U20JDoBM1eUWBwnWc/scr2XMRXyDzi2zHu8kiuJZ+0HnDmzVHkOhDWpmFfzat5Yj7YeI/yibHNSvrTrZalfCrMIaxB622zAhzEcViC/mQ66bq3vUM1nMcihEL0SHw4/5GNDDr6jIzNX0kXjbJXy2jDFYAN8/TmWWwwu8JTac8xHVeILlaJ+devKyL8SIFMWu64J0wPERx29LwRzmmowDWfJrKjADpC/YYz9MicfUGpNiwO/Jy38FGuPD7t7tlgS8qDLA8cursWAqbcaC34wlqLmvAoiG8vx6IQfP0e4kcW8QYlRcvdAAqMHgwMDAwMDAwMDAwMDAwMDAwMDAwMDAwMDAwMDAwMDAwMDAwMDAxMDA4dAAkODA0Y2ViZTMtZDBlZS00YzFlLWJjMWItYjRhZDMzYjg0ZDA4dAADMTAw
[Node 2] chain got: rO0ABXNyAB9kZXBjaGFpbi5ibG9ja2NoYWluLlRyYW5zYWN0aW9uAAAAAAAAAAECAAlKAAhnYXNMaW1pdEoACGdhc1ByaWNlSgAFbm9uY2VMAARkYXRhdAASTGphdmEvbGFuZy9TdHJpbmc7TAAEZnJvbXEAfgABWwAJc2lnbmF0dXJldAACW0JMAAJ0b3EAfgABTAANdHJhbnNhY3Rpb25JZHEAfgABTAAFdmFsdWVxAH4AAXhwAAAAAAAAUggAAAAAAAAAAQAAAAAAAAABdAAAdAAqMHhlNWUwOGMzN2M0MDlmOWQ4NDE2ZTM4YmI4MjZiMzg2MWViNzI4YTQxdXIAAltCrPMX+AYIVOACAAB4cAAAAQCPoxTK/QhNjq/fWhMH8Fb8RfPtmjafbWh7SL9U20JDoBM1eUWBwnWc/scr2XMRXyDzi2zHu8kiuJZ+0HnDmzVHkOhDWpmFfzat5Yj7YeI/yibHNSvrTrZalfCrMIaxB622zAhzEcViC/mQ66bq3vUM1nMcihEL0SHw4/5GNDDr6jIzNX0kXjbJXy2jDFYAN8/TmWWwwu8JTac8xHVeILlaJ+devKyL8SIFMWu64J0wPERx29LwRzmmowDWfJrKjADpC/YYz9MicfUGpNiwO/Jy38FGuPD7t7tlgS8qDLA8cursWAqbcaC34wlqLmvAoiG8vx6IQfP0e4kcW8QYlRcvdAAqMHgwMDAwMDAwMDAwMDAwMDAwMDAwMDAwMDAwMDAwMDAwMDAwMDAxMDA4dAAkODA0Y2ViZTMtZDBlZS00YzFlLWJjMWItYjRhZDMzYjg0ZDA4dAADMTAw
[Client 6300] got reply frm node 1 (view 0): gasUsed=21000,fee=21000,success=true
[Node 3] now on view 1 (block decided)
[Node 1] now on view 1 (block decided)
[Node 2] now on view 1 (block decided)
[Client 6300] sent req 3f5cdd0a-36a9-4210-8a76-387789033541 to node 0
[Client 6300] sent req 3f5cdd0a-36a9-4210-8a76-387789033541 to node 1
[Client 6300] sent req 3f5cdd0a-36a9-4210-8a76-387789033541 to node 2
[Client 6300] sent req 3f5cdd0a-36a9-4210-8a76-387789033541 to node 3
[Node 1] chain got: rO0ABXNyAB9kZXBjaGFpbi5ibG9ja2NoYWluLlRyYW5zYWN0aW9uAAAAAAAAAAECAAlKAAhnYXNMaW1pdEoACGdhc1ByaWNlSgAFbm9uY2VMAARkYXRhdAASTGphdmEvbGFuZy9TdHJpbmc7TAAEZnJvbXEAfgABWwAJc2lnbmF0dXJldAACW0JMAAJ0b3EAfgABTAANdHJhbnNhY3Rpb25JZHEAfgABTAAFdmFsdWVxAH4AAXhwAAAAAAAAUggAAAAAAAAAAQAAAAAAAAACdAAAdAAqMHhlNWUwOGMzN2M0MDlmOWQ4NDE2ZTM4YmI4MjZiMzg2MWViNzI4YTQxdXIAAltCrPMX+AYIVOACAAB4cAAAAQAA/oCKNYEBsVE13V4y1Xdasxh6nWoh9JWYzCL8+xJcrR4FYtmS85qwUjSFjhd8nTkTv1DFn/yi2I10LrwqNF9S8oCxnHPyFIXrE4rnEHcryBRxama8rAXbtwJk4PjggTP0GkuySyAWGqOomEYkfQr8Ld0G9sO6pkAHk60IskwwFX21AZTObhnwd0psNZfKsKUV3ieLGqnm4DXo9Dq+VS33oqXJ/x1GjctwgCt1anfMlGbpADbad2j161f+7X1wqz31hBFPJ9yJDE2Yr2nqB1ItVOrwhCxTlqJaSvsbNGPulDWMuqsiWYQ94WGGI4xLLUg3y64tjzrc/ex6XrPA9UCxdAAqMHgwMDAwMDAwMDAwMDAwMDAwMDAwMDAwMDAwMDAwMDAwMDAwMDAxMDA5dAAkNTg2ZmI2MDQtMDhmYS00YjRmLWIwNGQtMzk2MjhhYjE3ZjM3dAADMTAw
[Client 6300] got reply frm node 1 (view 1): gasUsed=21000,fee=21000,success=true
[Node 1] now on view 2 (block decided)
[Node 3] chain got: rO0ABXNyAB9kZXBjaGFpbi5ibG9ja2NoYWluLlRyYW5zYWN0aW9uAAAAAAAAAAECAAlKAAhnYXNMaW1pdEoACGdhc1ByaWNlSgAFbm9uY2VMAARkYXRhdAASTGphdmEvbGFuZy9TdHJpbmc7TAAEZnJvbXEAfgABWwAJc2lnbmF0dXJldAACW0JMAAJ0b3EAfgABTAANdHJhbnNhY3Rpb25JZHEAfgABTAAFdmFsdWVxAH4AAXhwAAAAAAAAUggAAAAAAAAAAQAAAAAAAAACdAAAdAAqMHhlNWUwOGMzN2M0MDlmOWQ4NDE2ZTM4YmI4MjZiMzg2MWViNzI4YTQxdXIAAltCrPMX+AYIVOACAAB4cAAAAQAA/oCKNYEBsVE13V4y1Xdasxh6nWoh9JWYzCL8+xJcrR4FYtmS85qwUjSFjhd8nTkTv1DFn/yi2I10LrwqNF9S8oCxnHPyFIXrE4rnEHcryBRxama8rAXbtwJk4PjggTP0GkuySyAWGqOomEYkfQr8Ld0G9sO6pkAHk60IskwwFX21AZTObhnwd0psNZfKsKUV3ieLGqnm4DXo9Dq+VS33oqXJ/x1GjctwgCt1anfMlGbpADbad2j161f+7X1wqz31hBFPJ9yJDE2Yr2nqB1ItVOrwhCxTlqJaSvsbNGPulDWMuqsiWYQ94WGGI4xLLUg3y64tjzrc/ex6XrPA9UCxdAAqMHgwMDAwMDAwMDAwMDAwMDAwMDAwMDAwMDAwMDAwMDAwMDAwMDAxMDA5dAAkNTg2ZmI2MDQtMDhmYS00YjRmLWIwNGQtMzk2MjhhYjE3ZjM3dAADMTAw
[Node 2] chain got: rO0ABXNyAB9kZXBjaGFpbi5ibG9ja2NoYWluLlRyYW5zYWN0aW9uAAAAAAAAAAECAAlKAAhnYXNMaW1pdEoACGdhc1ByaWNlSgAFbm9uY2VMAARkYXRhdAASTGphdmEvbGFuZy9TdHJpbmc7TAAEZnJvbXEAfgABWwAJc2lnbmF0dXJldAACW0JMAAJ0b3EAfgABTAANdHJhbnNhY3Rpb25JZHEAfgABTAAFdmFsdWVxAH4AAXhwAAAAAAAAUggAAAAAAAAAAQAAAAAAAAACdAAAdAAqMHhlNWUwOGMzN2M0MDlmOWQ4NDE2ZTM4YmI4MjZiMzg2MWViNzI4YTQxdXIAAltCrPMX+AYIVOACAAB4cAAAAQAA/oCKNYEBsVE13V4y1Xdasxh6nWoh9JWYzCL8+xJcrR4FYtmS85qwUjSFjhd8nTkTv1DFn/yi2I10LrwqNF9S8oCxnHPyFIXrE4rnEHcryBRxama8rAXbtwJk4PjggTP0GkuySyAWGqOomEYkfQr8Ld0G9sO6pkAHk60IskwwFX21AZTObhnwd0psNZfKsKUV3ieLGqnm4DXo9Dq+VS33oqXJ/x1GjctwgCt1anfMlGbpADbad2j161f+7X1wqz31hBFPJ9yJDE2Yr2nqB1ItVOrwhCxTlqJaSvsbNGPulDWMuqsiWYQ94WGGI4xLLUg3y64tjzrc/ex6XrPA9UCxdAAqMHgwMDAwMDAwMDAwMDAwMDAwMDAwMDAwMDAwMDAwMDAwMDAwMDAxMDA5dAAkNTg2ZmI2MDQtMDhmYS00YjRmLWIwNGQtMzk2MjhhYjE3ZjM3dAADMTAw
[Node 0] chain got: rO0ABXNyAB9kZXBjaGFpbi5ibG9ja2NoYWluLlRyYW5zYWN0aW9uAAAAAAAAAAECAAlKAAhnYXNMaW1pdEoACGdhc1ByaWNlSgAFbm9uY2VMAARkYXRhdAASTGphdmEvbGFuZy9TdHJpbmc7TAAEZnJvbXEAfgABWwAJc2lnbmF0dXJldAACW0JMAAJ0b3EAfgABTAANdHJhbnNhY3Rpb25JZHEAfgABTAAFdmFsdWVxAH4AAXhwAAAAAAAAUggAAAAAAAAAAQAAAAAAAAACdAAAdAAqMHhlNWUwOGMzN2M0MDlmOWQ4NDE2ZTM4YmI4MjZiMzg2MWViNzI4YTQxdXIAAltCrPMX+AYIVOACAAB4cAAAAQAA/oCKNYEBsVE13V4y1Xdasxh6nWoh9JWYzCL8+xJcrR4FYtmS85qwUjSFjhd8nTkTv1DFn/yi2I10LrwqNF9S8oCxnHPyFIXrE4rnEHcryBRxama8rAXbtwJk4PjggTP0GkuySyAWGqOomEYkfQr8Ld0G9sO6pkAHk60IskwwFX21AZTObhnwd0psNZfKsKUV3ieLGqnm4DXo9Dq+VS33oqXJ/x1GjctwgCt1anfMlGbpADbad2j161f+7X1wqz31hBFPJ9yJDE2Yr2nqB1ItVOrwhCxTlqJaSvsbNGPulDWMuqsiWYQ94WGGI4xLLUg3y64tjzrc/ex6XrPA9UCxdAAqMHgwMDAwMDAwMDAwMDAwMDAwMDAwMDAwMDAwMDAwMDAwMDAwMDAxMDA5dAAkNTg2ZmI2MDQtMDhmYS00YjRmLWIwNGQtMzk2MjhhYjE3ZjM3dAADMTAw
[Client 6300] got reply frm node 2 (view 1): gasUsed=21000,fee=21000,success=true
[Node 2] now on view 2 (block decided)
[Node 3] now on view 2 (block decided)
[Node 0] now on view 2 (block decided)
[Client 6300] sent req 2251a0c4-4d0b-48b3-9658-c361a3302678 to node 0
[Client 6300] sent req 2251a0c4-4d0b-48b3-9658-c361a3302678 to node 1
[Client 6300] sent req 2251a0c4-4d0b-48b3-9658-c361a3302678 to node 2
[Client 6300] sent req 2251a0c4-4d0b-48b3-9658-c361a3302678 to node 3
[Node 2] chain got: rO0ABXNyAB9kZXBjaGFpbi5ibG9ja2NoYWluLlRyYW5zYWN0aW9uAAAAAAAAAAECAAlKAAhnYXNMaW1pdEoACGdhc1ByaWNlSgAFbm9uY2VMAARkYXRhdAASTGphdmEvbGFuZy9TdHJpbmc7TAAEZnJvbXEAfgABWwAJc2lnbmF0dXJldAACW0JMAAJ0b3EAfgABTAANdHJhbnNhY3Rpb25JZHEAfgABTAAFdmFsdWVxAH4AAXhwAAAAAAAAUggAAAAAAAAAAQAAAAAAAAADdAAAdAAqMHhlNWUwOGMzN2M0MDlmOWQ4NDE2ZTM4YmI4MjZiMzg2MWViNzI4YTQxdXIAAltCrPMX+AYIVOACAAB4cAAAAQAL1f3Y0g3uubM7DuskiQiG/+6NNZwQSc9MnxGJjIAaBiHfziJ70sAHire1Qb7vx5WCP8uPsf0oX0cqDdM9YSy7+SwMvjYvVdkzyzRriMRF4kxQ7Dbg8BijwxKl/OCARtwcIdddGIzR3tPlq4+G9iK+R2/1iUJUG0IJthoEKBRCKAXLbt5aPjmAFztAK3oa1npdWZZgx9dpRC/cNY9xF5Vjt0kr4u7DuWu84jhQ8Mo4URE0mL+Kp0ZiILZWiocPgV5SZZPw5hHMzHa2/s6tcXBmgB2r1wN2QTQf1sMFfyEqT5PLHxEWdUwe2C8DwGl/jF7LyPg0B1RWn/ONlJG62CVodAAqMHgwMDAwMDAwMDAwMDAwMDAwMDAwMDAwMDAwMDAwMDAwMDAwMDAxMDBhdAAkNWNiYWI2MWUtYTUyMi00MDhjLWE2OWQtZWFkNTA2OGEyOTk1dAADMTAw
[Client 6300] got reply frm node 2 (view 2): gasUsed=21000,fee=21000,success=true
[Node 2] now on view 3 (block decided)
[Node 1] chain got: rO0ABXNyAB9kZXBjaGFpbi5ibG9ja2NoYWluLlRyYW5zYWN0aW9uAAAAAAAAAAECAAlKAAhnYXNMaW1pdEoACGdhc1ByaWNlSgAFbm9uY2VMAARkYXRhdAASTGphdmEvbGFuZy9TdHJpbmc7TAAEZnJvbXEAfgABWwAJc2lnbmF0dXJldAACW0JMAAJ0b3EAfgABTAANdHJhbnNhY3Rpb25JZHEAfgABTAAFdmFsdWVxAH4AAXhwAAAAAAAAUggAAAAAAAAAAQAAAAAAAAADdAAAdAAqMHhlNWUwOGMzN2M0MDlmOWQ4NDE2ZTM4YmI4MjZiMzg2MWViNzI4YTQxdXIAAltCrPMX+AYIVOACAAB4cAAAAQAL1f3Y0g3uubM7DuskiQiG/+6NNZwQSc9MnxGJjIAaBiHfziJ70sAHire1Qb7vx5WCP8uPsf0oX0cqDdM9YSy7+SwMvjYvVdkzyzRriMRF4kxQ7Dbg8BijwxKl/OCARtwcIdddGIzR3tPlq4+G9iK+R2/1iUJUG0IJthoEKBRCKAXLbt5aPjmAFztAK3oa1npdWZZgx9dpRC/cNY9xF5Vjt0kr4u7DuWu84jhQ8Mo4URE0mL+Kp0ZiILZWiocPgV5SZZPw5hHMzHa2/s6tcXBmgB2r1wN2QTQf1sMFfyEqT5PLHxEWdUwe2C8DwGl/jF7LyPg0B1RWn/ONlJG62CVodAAqMHgwMDAwMDAwMDAwMDAwMDAwMDAwMDAwMDAwMDAwMDAwMDAwMDAxMDBhdAAkNWNiYWI2MWUtYTUyMi00MDhjLWE2OWQtZWFkNTA2OGEyOTk1dAADMTAw
[Node 0] chain got: rO0ABXNyAB9kZXBjaGFpbi5ibG9ja2NoYWluLlRyYW5zYWN0aW9uAAAAAAAAAAECAAlKAAhnYXNMaW1pdEoACGdhc1ByaWNlSgAFbm9uY2VMAARkYXRhdAASTGphdmEvbGFuZy9TdHJpbmc7TAAEZnJvbXEAfgABWwAJc2lnbmF0dXJldAACW0JMAAJ0b3EAfgABTAANdHJhbnNhY3Rpb25JZHEAfgABTAAFdmFsdWVxAH4AAXhwAAAAAAAAUggAAAAAAAAAAQAAAAAAAAADdAAAdAAqMHhlNWUwOGMzN2M0MDlmOWQ4NDE2ZTM4YmI4MjZiMzg2MWViNzI4YTQxdXIAAltCrPMX+AYIVOACAAB4cAAAAQAL1f3Y0g3uubM7DuskiQiG/+6NNZwQSc9MnxGJjIAaBiHfziJ70sAHire1Qb7vx5WCP8uPsf0oX0cqDdM9YSy7+SwMvjYvVdkzyzRriMRF4kxQ7Dbg8BijwxKl/OCARtwcIdddGIzR3tPlq4+G9iK+R2/1iUJUG0IJthoEKBRCKAXLbt5aPjmAFztAK3oa1npdWZZgx9dpRC/cNY9xF5Vjt0kr4u7DuWu84jhQ8Mo4URE0mL+Kp0ZiILZWiocPgV5SZZPw5hHMzHa2/s6tcXBmgB2r1wN2QTQf1sMFfyEqT5PLHxEWdUwe2C8DwGl/jF7LyPg0B1RWn/ONlJG62CVodAAqMHgwMDAwMDAwMDAwMDAwMDAwMDAwMDAwMDAwMDAwMDAwMDAwMDAxMDBhdAAkNWNiYWI2MWUtYTUyMi00MDhjLWE2OWQtZWFkNTA2OGEyOTk1dAADMTAw
[Node 3] chain got: rO0ABXNyAB9kZXBjaGFpbi5ibG9ja2NoYWluLlRyYW5zYWN0aW9uAAAAAAAAAAECAAlKAAhnYXNMaW1pdEoACGdhc1ByaWNlSgAFbm9uY2VMAARkYXRhdAASTGphdmEvbGFuZy9TdHJpbmc7TAAEZnJvbXEAfgABWwAJc2lnbmF0dXJldAACW0JMAAJ0b3EAfgABTAANdHJhbnNhY3Rpb25JZHEAfgABTAAFdmFsdWVxAH4AAXhwAAAAAAAAUggAAAAAAAAAAQAAAAAAAAADdAAAdAAqMHhlNWUwOGMzN2M0MDlmOWQ4NDE2ZTM4YmI4MjZiMzg2MWViNzI4YTQxdXIAAltCrPMX+AYIVOACAAB4cAAAAQAL1f3Y0g3uubM7DuskiQiG/+6NNZwQSc9MnxGJjIAaBiHfziJ70sAHire1Qb7vx5WCP8uPsf0oX0cqDdM9YSy7+SwMvjYvVdkzyzRriMRF4kxQ7Dbg8BijwxKl/OCARtwcIdddGIzR3tPlq4+G9iK+R2/1iUJUG0IJthoEKBRCKAXLbt5aPjmAFztAK3oa1npdWZZgx9dpRC/cNY9xF5Vjt0kr4u7DuWu84jhQ8Mo4URE0mL+Kp0ZiILZWiocPgV5SZZPw5hHMzHa2/s6tcXBmgB2r1wN2QTQf1sMFfyEqT5PLHxEWdUwe2C8DwGl/jF7LyPg0B1RWn/ONlJG62CVodAAqMHgwMDAwMDAwMDAwMDAwMDAwMDAwMDAwMDAwMDAwMDAwMDAwMDAxMDBhdAAkNWNiYWI2MWUtYTUyMi00MDhjLWE2OWQtZWFkNTA2OGEyOTk1dAADMTAw
[Client 6300] got reply frm node 1 (view 2): gasUsed=21000,fee=21000,success=true
[Client 6300] stopped
[Node 1] now on view 3 (block decided)
[Node 3] now on view 3 (block decided)
[Node 0] now on view 3 (block decided)
[Node 0] stopped
[Node 1] stopped
[Node 2] stopped
[Node 3] stopped
]]></system-out>
    <system-err><![CDATA[[FL] packet parse went bad: socket isnt up
[FL] packet parse went bad: socket isnt up
[FL] packet parse went bad: socket isnt up
]]></system-err>
  </testcase>
</testsuite>