<?xml version="1.0" encoding="UTF-8"?>
<testsuite xmlns:xsi="http://www.w3.org/2001/XMLSchema-instance" xsi:noNamespaceSchemaLocation="https://maven.apache.org/surefire/maven-surefire-plugin/xsd/surefire-test-report-3.0.xsd" version="3.0" name="depchain.DepChainStage1Test" time="35.101" tests="12" errors="0" skipped="0" failures="0">
  <properties>
[...]
</properties>
  <testcase name="byzantineEquivocatingLeaderStillMakesProgress" classname="depchain.DepChainStage1Test" time="6.208">
    <system-out><![CDATA[[UdpTransport] listening on port 5000
[FL] Node 0 up on port 5000
[SL] Node 0 up
[PL] Node 0 up
[APL] Node 0 up w/ auth stuff
[Node 0] up on port 5000 (leader for view 0 is 0, behavior=EQUIVOCATE_LEADER)
[UdpTransport] listening on port 5001
[FL] Node 1 up on port 5001
[SL] Node 1 up
[PL] Node 1 up
[APL] Node 1 up w/ auth stuff
[Node 1] up on port 5001 (leader for view 0 is 0, behavior=HONEST)
[UdpTransport] listening on port 5002
[FL] Node 2 up on port 5002
[SL] Node 2 up
[PL] Node 2 up
[APL] Node 2 up w/ auth stuff
[Node 2] up on port 5002 (leader for view 0 is 0, behavior=HONEST)
[UdpTransport] listening on port 5003
[FL] Node 3 up on port 5003
[SL] Node 3 up
[PL] Node 3 up
[APL] Node 3 up w/ auth stuff
[Node 3] up on port 5003 (leader for view 0 is 0, behavior=HONEST)
[Client 203] up on port 6203
[Client 203] sent req 2f1d3c75-1f99-4d9e-9497-4bd03b5a933c to node 0
[Client 203] sent req 2f1d3c75-1f99-4d9e-9497-4bd03b5a933c to node 1
[Client 203] sent req 2f1d3c75-1f99-4d9e-9497-4bd03b5a933c to node 2
[Client 203] sent req 2f1d3c75-1f99-4d9e-9497-4bd03b5a933c to node 3
[Node 0] now on view 1 (timeout)
[Node 1] now on view 1 (timeout)
[Node 2] now on view 1 (timeout)
[Node 3] now on view 1 (timeout)
[Node 1] chain got: test-byz-equiv-1
[Node 1] now on view 2 (block decided)
[Client 203] got reply frm node 1 (view 1): committed:view=1
[Node 0] chain got: test-byz-equiv-1
[Node 2] chain got: test-byz-equiv-1
[Node 3] chain got: test-byz-equiv-1
[Node 0] now on view 2 (block decided)
[Node 2] now on view 2 (block decided)
[Node 3] now on view 2 (block decided)
[Client 203] got reply frm node 2 (view 1): committed:view=1
[Client 203] stopped
[Node 0] stopped
[Node 1] stopped
[Node 2] stopped
[Node 3] stopped
]]></system-out>
    <system-err><![CDATA[[Node 1] could not execute tx in block 1: Illegal base64 character 2d
[Node 2] could not execute tx in block 1: Illegal base64 character 2d
[Node 0] could not execute tx in block 1: Illegal base64 character 2d
[Node 3] could not execute tx in block 1: Illegal base64 character 2d
[FL] packet parse went bad: socket isnt up
[FL] packet parse went bad: socket isnt up
]]></system-err>
  </testcase>
  <testcase name="replayWatermarkPersistsAcrossRestart" classname="depchain.DepChainStage1Test" time="3.316">
    <system-out><![CDATA[[Node 1] genesis loaded — ISTCoin at 0xdf29b47e38ef70730e0617eddc058e227918dcc8
[Node 1] genesis block persisted: 0x97a6aab6a79046871e4f3ffb7c4bb8dc5ac3cec407769f0dfb22d1362aedf75b
[UdpTransport] listening on port 5001
[FL] Node 1 up on port 5001
[SL] Node 1 up
[PL] Node 1 up
[APL] Node 1 up w/ auth stuff
[Node 1] up on port 5001 (leader for view 0 is 0, behavior=HONEST)
[Node 1] got data from node 0: first
[Node 1] stopped
[Node 1] EVM state restored from chain (1 blocks, last height=0)
[UdpTransport] listening on port 5001
[FL] Node 1 up on port 5001
[SL] Node 1 up
[PL] Node 1 up
[APL] Node 1 up w/ auth stuff
[Node 1] up on port 5001 (leader for view 0 is 0, behavior=HONEST)
[Node 1] stopped
]]></system-out>
    <system-err><![CDATA[[APL] Replay from node 0 (msgId=100), dropping
]]></system-err>
  </testcase>
  <testcase name="replayAttackIsRejected" classname="depchain.DepChainStage1Test" time="2.772">
    <system-out><![CDATA[[Node 2] genesis loaded — ISTCoin at 0x2c1a036b0c296b95b1bdf3cf098ddf5137bb2b56
[Node 2] genesis block persisted: 0xe6b2e782609a1a83d0c80e80a0dd75d4ab64d1510f01e65eeab8b4438ec27af8
[UdpTransport] listening on port 5002
[FL] Node 2 up on port 5002
[SL] Node 2 up
[PL] Node 2 up
[APL] Node 2 up w/ auth stuff
[Node 2] up on port 5002 (leader for view 0 is 0, behavior=HONEST)
[Node 2] got data from node 1: first
[Node 2] stopped
]]></system-out>
    <system-err><![CDATA[[APL] Replay from node 1 (msgId=1), dropping
]]></system-err>
  </testcase>
  <testcase name="clientRequiresDistinctSignedReplies" classname="depchain.DepChainStage1Test" time="1.992">
    <system-out><![CDATA[[Client 206] up on port 6206
[Client 206] got reply frm node 0 (view 7): ok-from-0
[Client 206] got reply frm node 0 (view 7): duplicate-from-0
[Client 206] got reply frm node 1 (view 7): ok-from-1
[Client 206] stopped
]]></system-out>
  </testcase>
  <testcase name="invalidVoteSignatureByzantineNodeDoesNotBreakConsensus" classname="depchain.DepChainStage1Test" time="1.232">
    <system-out><![CDATA[[UdpTransport] listening on port 5000
[FL] Node 0 up on port 5000
[SL] Node 0 up
[PL] Node 0 up
[APL] Node 0 up w/ auth stuff
[Node 0] up on port 5000 (leader for view 0 is 0, behavior=HONEST)
[UdpTransport] listening on port 5001
[FL] Node 1 up on port 5001
[SL] Node 1 up
[PL] Node 1 up
[APL] Node 1 up w/ auth stuff
[Node 1] up on port 5001 (leader for view 0 is 0, behavior=HONEST)
[UdpTransport] listening on port 5002
[FL] Node 2 up on port 5002
[SL] Node 2 up
[PL] Node 2 up
[APL] Node 2 up w/ auth stuff
[Node 2] up on port 5002 (leader for view 0 is 0, behavior=HONEST)
[UdpTransport] listening on port 5003
[FL] Node 3 up on port 5003
[SL] Node 3 up
[PL] Node 3 up
[APL] Node 3 up w/ auth stuff
[Node 3] up on port 5003 (leader for view 0 is 0, behavior=INVALID_VOTE_SIGNATURE)
[Client 204] up on port 6204
[Client 204] sent req c753c225-2242-4431-b838-ab4863270ba4 to node 0
[Client 204] sent req c753c225-2242-4431-b838-ab4863270ba4 to node 1
[Client 204] sent req c753c225-2242-4431-b838-ab4863270ba4 to node 2
[Client 204] sent req c753c225-2242-4431-b838-ab4863270ba4 to node 3
[Node 0] chain got: test-invalid-vote-byz-1
[Node 0] now on view 1 (block decided)
[Client 204] got reply frm node 0 (view 0): committed:view=0
[Node 3] chain got: test-invalid-vote-byz-1
[Node 1] chain got: test-invalid-vote-byz-1
[Node 2] chain got: test-invalid-vote-byz-1
[Node 3] now on view 1 (block decided)
[Node 1] now on view 1 (block decided)
[Node 2] now on view 1 (block decided)
[Client 204] got reply frm node 3 (view 0): committed:view=0
[Client 204] stopped
[Node 0] stopped
[Node 1] stopped
[Node 2] stopped
[Node 3] stopped
]]></system-out>
    <system-err><![CDATA[[Node 0] could not execute tx in block 1: Illegal base64 character 2d
[Node 3] could not execute tx in block 1: Illegal base64 character 2d
[Node 1] could not execute tx in block 1: Illegal base64 character 2d
[Node 2] could not execute tx in block 1: Illegal base64 character 2d
[FL] packet parse went bad: socket isnt up
]]></system-err>
  </testcase>
  <testcase name="invalidNodeSignatureIsRejected" classname="depchain.DepChainStage1Test" time="3.509">
    <system-out><![CDATA[[Node 2] genesis loaded — ISTCoin at 0xb825b03d9c73acf24036bae1835cdaf9c4a012b7
[Node 2] genesis block persisted: 0xbcc76e363505df855d6978cefcf04824526086be77acf191837bb6d1d2274111
[UdpTransport] listening on port 5002
[FL] Node 2 up on port 5002
[SL] Node 2 up
[PL] Node 2 up
[APL] Node 2 up w/ auth stuff
[Node 2] up on port 5002 (leader for view 0 is 0, behavior=HONEST)
[Node 2] stopped
]]></system-out>
    <system-err><![CDATA[[FL] packet parse went bad: socket isnt up
[APL] Node 1 MAC invalid, dropping it
]]></system-err>
  </testcase>
  <testcase name="timeoutViewChangeSurvivesLeaderCrash" classname="depchain.DepChainStage1Test" time="6.175">
    <system-out><![CDATA[[UdpTransport] listening on port 5001
[FL] Node 1 up on port 5001
[SL] Node 1 up
[PL] Node 1 up
[APL] Node 1 up w/ auth stuff
[Node 1] up on port 5001 (leader for view 0 is 0, behavior=HONEST)
[UdpTransport] listening on port 5002
[FL] Node 2 up on port 5002
[SL] Node 2 up
[PL] Node 2 up
[APL] Node 2 up w/ auth stuff
[Node 2] up on port 5002 (leader for view 0 is 0, behavior=HONEST)
[UdpTransport] listening on port 5003
[FL] Node 3 up on port 5003
[SL] Node 3 up
[PL] Node 3 up
[APL] Node 3 up w/ auth stuff
[Node 3] up on port 5003 (leader for view 0 is 0, behavior=HONEST)
[Client 201] up on port 6201
[Client 201] sent req b68a389c-520f-45e9-850b-37ae3d6c34d2 to node 0
[Client 201] sent req b68a389c-520f-45e9-850b-37ae3d6c34d2 to node 1
[Client 201] sent req b68a389c-520f-45e9-850b-37ae3d6c34d2 to node 2
[Client 201] sent req b68a389c-520f-45e9-850b-37ae3d6c34d2 to node 3
[Node 1] now on view 1 (timeout)
[Node 2] now on view 1 (timeout)
[Node 3] now on view 1 (timeout)
[Node 1] chain got: test-failover-1
[Node 1] now on view 2 (block decided)
[Client 201] got reply frm node 1 (view 1): committed:view=1
[Node 3] chain got: test-failover-1
[Node 2] chain got: test-failover-1
[Node 3] now on view 2 (block decided)
[Node 2] now on view 2 (block decided)
[Client 201] got reply frm node 3 (view 1): committed:view=1
[Client 201] stopped
[Node 1] stopped
[Node 2] stopped
[Node 3] stopped
]]></system-out>
    <system-err><![CDATA[[Node 1] could not execute tx in block 1: Illegal base64 character 2d
[Node 3] could not execute tx in block 1: Illegal base64 character 2d
[Node 2] could not execute tx in block 1: Illegal base64 character 2d
[FL] packet parse went bad: socket isnt up
[FL] packet parse went bad: socket isnt up
[FL] packet parse went bad: socket isnt up
]]></system-err>
  </testcase>
  <testcase name="nodeStatePersistsAcrossRestart" classname="depchain.DepChainStage1Test" time="1.598">
    <system-out><![CDATA[[Node 0] genesis loaded — ISTCoin at 0x92242698840ebd1c2da346332067309f119c34d1
[Node 0] genesis block persisted: 0xf7291f9a579173bb14b00b769aca92dbec85746fb2b4297c4a18239bf2bfff9a
[UdpTransport] listening on port 5000
[FL] Node 0 up on port 5000
[SL] Node 0 up
[PL] Node 0 up
[APL] Node 0 up w/ auth stuff
[Node 0] up on port 5000 (leader for view 0 is 0, behavior=HONEST)
[Node 1] genesis loaded — ISTCoin at 0x92242698840ebd1c2da346332067309f119c34d1
[Node 1] genesis block persisted: 0xf7291f9a579173bb14b00b769aca92dbec85746fb2b4297c4a18239bf2bfff9a
[UdpTransport] listening on port 5001
[FL] Node 1 up on port 5001
[SL] Node 1 up
[PL] Node 1 up
[APL] Node 1 up w/ auth stuff
[Node 1] up on port 5001 (leader for view 0 is 0, behavior=HONEST)
[Node 2] genesis loaded — ISTCoin at 0x92242698840ebd1c2da346332067309f119c34d1
[Node 2] genesis block persisted: 0xf7291f9a579173bb14b00b769aca92dbec85746fb2b4297c4a18239bf2bfff9a
[UdpTransport] listening on port 5002
[FL] Node 2 up on port 5002
[SL] Node 2 up
[PL] Node 2 up
[APL] Node 2 up w/ auth stuff
[Node 2] up on port 5002 (leader for view 0 is 0, behavior=HONEST)
[Node 3] genesis loaded — ISTCoin at 0x92242698840ebd1c2da346332067309f119c34d1
[Node 3] genesis block persisted: 0xf7291f9a579173bb14b00b769aca92dbec85746fb2b4297c4a18239bf2bfff9a
[UdpTransport] listening on port 5003
[FL] Node 3 up on port 5003
[SL] Node 3 up
[PL] Node 3 up
[APL] Node 3 up w/ auth stuff
[Node 3] up on port 5003 (leader for view 0 is 0, behavior=HONEST)
[Client 205] up on port 6205
[Client 205] sent req c086ab3f-6887-45c9-a8df-2b6fbf908cb3 to node 0
[Client 205] sent req c086ab3f-6887-45c9-a8df-2b6fbf908cb3 to node 1
[Client 205] sent req c086ab3f-6887-45c9-a8df-2b6fbf908cb3 to node 2
[Client 205] sent req c086ab3f-6887-45c9-a8df-2b6fbf908cb3 to node 3
[Node 0] chain got: test-persist-1
[Client 205] got reply frm node 0 (view 0): committed:view=0
[Node 0] now on view 1 (block decided)
[Node 2] chain got: test-persist-1
[Node 3] chain got: test-persist-1
[Node 1] chain got: test-persist-1
[Client 205] got reply frm node 2 (view 0): committed:view=0
[Node 3] now on view 1 (block decided)
[Node 2] now on view 1 (block decided)
[Node 1] now on view 1 (block decided)
[Node 3] stopped
[Node 3] EVM state restored from chain (2 blocks, last height=1)
[UdpTransport] listening on port 5003
[FL] Node 3 up on port 5003
[SL] Node 3 up
[PL] Node 3 up
[APL] Node 3 up w/ auth stuff
[Node 3] up on port 5003 (leader for view 1 is 1, behavior=HONEST)
[Client 205] sent req d491405c-f90e-41f2-844e-292de61c795d to node 0
[Client 205] sent req d491405c-f90e-41f2-844e-292de61c795d to node 1
[Client 205] sent req d491405c-f90e-41f2-844e-292de61c795d to node 2
[Client 205] sent req d491405c-f90e-41f2-844e-292de61c795d to node 3
[Node 1] chain got: test-persist-2
[Client 205] got reply frm node 1 (view 1): committed:view=1
[Node 1] now on view 2 (block decided)
[Node 2] chain got: test-persist-2
[Node 0] chain got: test-persist-2
[Node 3] chain got: test-persist-2
[Client 205] got reply frm node 0 (view 1): committed:view=1
[Client 205] stopped
[Node 2] now on view 2 (block decided)
[Node 0] now on view 2 (block decided)
[Node 3] now on view 2 (block decided)
[Node 0] stopped
[Node 1] stopped
[Node 2] stopped
[Node 3] stopped
]]></system-out>
    <system-err><![CDATA[[Node 0] could not execute tx in block 1: Illegal base64 character 2d
[Node 2] could not execute tx in block 1: Illegal base64 character 2d
[Node 3] could not execute tx in block 1: Illegal base64 character 2d
[Node 1] could not execute tx in block 1: Illegal base64 character 2d
[FL] packet parse went bad: socket isnt up
[Node 1] could not execute tx in block 2: Illegal base64 character 2d
[Node 2] could not execute tx in block 2: Illegal base64 character 2d
[Node 0] could not execute tx in block 2: Illegal base64 character 2d
[Node 3] could not execute tx in block 2: Illegal base64 character 2d
[FL] packet parse went bad: socket isnt up
[FL] packet parse went bad: socket isnt up
[FL] packet parse went bad: socket isnt up
[FL] packet parse went bad: socket isnt up
]]></system-err>
  </testcase>
  <testcase name="faultInjectionDropDelayDuplicateCorruptStillCommits" classname="depchain.DepChainStage1Test" time="4.186">
    <system-out><![CDATA[[UdpTransport] listening on port 5000
[FL] Node 0 up on port 5000
[SL] Node 0 up
[PL] Node 0 up
[APL] Node 0 up w/ auth stuff
[Node 0] up on port 5000 (leader for view 0 is 0, behavior=HONEST)
[UdpTransport] listening on port 5001
[FL] Node 1 up on port 5001
[SL] Node 1 up
[PL] Node 1 up
[APL] Node 1 up w/ auth stuff
[Node 1] up on port 5001 (leader for view 0 is 0, behavior=HONEST)
[UdpTransport] listening on port 5002
[FL] Node 2 up on port 5002
[SL] Node 2 up
[PL] Node 2 up
[APL] Node 2 up w/ auth stuff
[Node 2] up on port 5002 (leader for view 0 is 0, behavior=HONEST)
[UdpTransport] listening on port 5003
[FL] Node 3 up on port 5003
[SL] Node 3 up
[PL] Node 3 up
[APL] Node 3 up w/ auth stuff
[Node 3] up on port 5003 (leader for view 0 is 0, behavior=HONEST)
[Client 202] up on port 6202
[Client 202] sent req bda16796-e330-40d1-a7ce-331456eec620 to node 0
[Client 202] sent req bda16796-e330-40d1-a7ce-331456eec620 to node 1
[Client 202] sent req bda16796-e330-40d1-a7ce-331456eec620 to node 2
[Client 202] sent req bda16796-e330-40d1-a7ce-331456eec620 to node 3
[FL] fault thing dropped msg from 0 to 1 type=PREPARE
[FL] fault thing dropped msg from 0 to 1 type=PREPARE
[FL] fault thing dropped msg from 0 to 1 type=PREPARE
[FL] fault thing dropped msg from 0 to 1 type=PREPARE
[FL] fault thing dropped msg from 0 to 1 type=PREPARE
[FL] fault thing dropped msg from 0 to 1 type=PREPARE
[FL] fault thing dropped msg from 0 to 1 type=PREPARE
[Node 0] chain got: test-faults-1
[Node 0] now on view 1 (block decided)
[Client 202] got reply frm node 0 (view 0): committed:view=0
[Node 2] chain got: test-faults-1
[Node 3] chain got: test-faults-1
[Node 2] now on view 1 (block decided)
[Client 202] got reply frm node 2 (view 0): committed:view=0
[Node 1] chain got: test-faults-1
[Node 1] now on view 1 (block decided)
[Node 3] now on view 1 (block decided)
[Client 202] stopped
[Node 0] stopped
[Node 1] stopped
[Node 2] stopped
[Node 3] stopped
]]></system-out>
    <system-err><![CDATA[[FL] packet parse went bad: Failed to deserialize message
[FL] packet parse went bad: Failed to deserialize message
[FL] packet parse went bad: Failed to deserialize message
[FL] packet parse went bad: Failed to deserialize message
[FL] packet parse went bad: Failed to deserialize message
[FL] packet parse went bad: Failed to deserialize message
[Node 0] could not execute tx in block 1: Illegal base64 character 2d
[Node 2] could not execute tx in block 1: Illegal base64 character 2d
[Node 3] could not execute tx in block 1: Illegal base64 character 2d
[Node 1] could not execute tx in block 1: Illegal base64 character 2d
[FL] packet parse went bad: socket isnt up
[FL] packet parse went bad: socket isnt up
]]></system-err>
  </testcase>
  <testcase name="invalidAckSignatureDoesNotStopRetransmission" classname="depchain.DepChainStage1Test" time="2.231">
    <system-out><![CDATA[[Node 0] genesis loaded — ISTCoin at 0x156a74fdb2cdfbaa5d11e7003042e5c36572b7ed
[Node 0] genesis block persisted: 0x2622c07145a7c2560c7629f59b45adf9e5883d1fb6973f1f73087e1dc3c0b21d
[UdpTransport] listening on port 5000
[FL] Node 0 up on port 5000
[SL] Node 0 up
[PL] Node 0 up
[APL] Node 0 up w/ auth stuff
[Node 0] up on port 5000 (leader for view 0 is 0, behavior=HONEST)
[Node 0] stopped
]]></system-out>
    <system-err><![CDATA[[FL] packet parse went bad: socket isnt up
sig check blew up: Bad signature length: got 3 but was expecting 256
]]></system-err>
  </testcase>
  <testcase name="consensusAppendsToAllNodes" classname="depchain.DepChainStage1Test" time="1.09">
    <system-out><![CDATA[[UdpTransport] listening on port 5000
[FL] Node 0 up on port 5000
[SL] Node 0 up
[PL] Node 0 up
[APL] Node 0 up w/ auth stuff
[Node 0] up on port 5000 (leader for view 0 is 0, behavior=HONEST)
[UdpTransport] listening on port 5001
[FL] Node 1 up on port 5001
[SL] Node 1 up
[PL] Node 1 up
[APL] Node 1 up w/ auth stuff
[Node 1] up on port 5001 (leader for view 0 is 0, behavior=HONEST)
[UdpTransport] listening on port 5002
[FL] Node 2 up on port 5002
[SL] Node 2 up
[PL] Node 2 up
[APL] Node 2 up w/ auth stuff
[Node 2] up on port 5002 (leader for view 0 is 0, behavior=HONEST)
[UdpTransport] listening on port 5003
[FL] Node 3 up on port 5003
[SL] Node 3 up
[PL] Node 3 up
[APL] Node 3 up w/ auth stuff
[Node 3] up on port 5003 (leader for view 0 is 0, behavior=HONEST)
[Client 200] up on port 6200
[Client 200] sent req 7fc52e4e-b565-4e9e-abcb-2e7cf161513c to node 0
[Client 200] sent req 7fc52e4e-b565-4e9e-abcb-2e7cf161513c to node 1
[Client 200] sent req 7fc52e4e-b565-4e9e-abcb-2e7cf161513c to node 2
[Client 200] sent req 7fc52e4e-b565-4e9e-abcb-2e7cf161513c to node 3
[Node 0] chain got: test-consensus-1
[Node 0] now on view 1 (block decided)
[Client 200] got reply frm node 0 (view 0): committed:view=0
[Node 3] chain got: test-consensus-1
[Node 2] chain got: test-consensus-1
[Node 1] chain got: test-consensus-1
[Node 3] now on view 1 (block decided)
[Node 2] now on view 1 (block decided)
[Node 1] now on view 1 (block decided)
[Client 200] got reply frm node 3 (view 0): committed:view=0
[Client 200] stopped
[Node 0] stopped
[Node 1] stopped
[Node 2] stopped
[Node 3] stopped
]]></system-out>
    <system-err><![CDATA[[Node 0] could not execute tx in block 1: Illegal base64 character 2d
[Node 3] could not execute tx in block 1: Illegal base64 character 2d
[Node 2] could not execute tx in block 1: Illegal base64 character 2d
[Node 1] could not execute tx in block 1: Illegal base64 character 2d
[FL] packet parse went bad: socket isnt up
[FL] packet parse went bad: socket isnt up
[FL] packet parse went bad: socket isnt up
]]></system-err>
  </testcase>
  <testcase name="tamperedQcSignatureIsRejected" classname="depchain.DepChainStage1Test" time="0.786">
    <system-err><![CDATA[[FL] packet parse went bad: socket isnt up
]]></system-err>
  </testcase>
</testsuite>