<?xml version="1.0" encoding="UTF-8"?>
<testsuite xmlns:xsi="http://www.w3.org/2001/XMLSchema-instance" xsi:noNamespaceSchemaLocation="https://maven.apache.org/surefire/maven-surefire-plugin/xsd/surefire-test-report-3.0.xsd" version="3.0" name="depchain.GasFeeTest" time="0.032" tests="12" errors="0" skipped="0" failures="0">
  <properties>
[...]
</properties>
  <testcase name="transferSucceeds_feeEqualsGasPriceTimesGasUsed" classname="depchain.GasFeeTest" time="0.001"/>
  <testcase name="insufficientBalance_exactlyAtMaxFee_butNoValueCovered" classname="depchain.GasFeeTest" time="0.0"/>
  <testcase name="zeroValueTransfer_exactBalanceForFee_succeeds" classname="depchain.GasFeeTest" time="0.001"/>
  <testcase name="gasLimitZero_throwsAtConstruction" classname="depchain.GasFeeTest" time="0.0"/>
  <testcase name="transferOutOfGas_gasLimitBelowBaseCost_abortAndChargeFullLimit" classname="depchain.GasFeeTest" time="0.001"/>
  <testcase name="nonceIncrementedEvenOnOutOfGas" classname="depchain.GasFeeTest" time="0.0"/>
  <testcase name="contractCall_feeDeductedFromDeployerDepCoin_notFromIstBalance" classname="depchain.GasFeeTest" time="0.013"/>
  <testcase name="gasPriceZero_throwsAtConstruction" classname="depchain.GasFeeTest" time="0.0"/>
  <testcase name="insufficientBalance_transactionRejected_noFeeCharged" classname="depchain.GasFeeTest" time="0.0"/>
  <testcase name="nonceIncrementedOnSuccess" classname="depchain.GasFeeTest" time="0.0"/>
  <testcase name="transfer_gasLimitExactlyAtBaseCost_succeeds" classname="depchain.GasFeeTest" time="0.0"/>
  <testcase name="contractCall_outOfGas_abortAndChargeFullLimit" classname="depchain.GasFeeTest" time="0.014"/>
</testsuite>